2023-04-24 13:48:37,303 - INFO - Config:
Namespace(config='configs/explicit_mlp.yaml', dir='/user/delden/acoustics/spp_ai_acoustics/acousticNN/experiments/arch/no_encoding/explicitmlp', epochs=100, device='cuda', parameter_list='configs/data.yaml')
2023-04-24 13:48:37,303 - INFO - Config:
Munch({'optimizer': Munch({'type': 'AdamW', 'kwargs': Munch({'lr': 0.001, 'weight_decay': 0.005, 'betas': [0.9, 0.95]})}), 'scheduler': Munch({'type': 'CosLR', 'kwargs': Munch({'epochs': 500, 'initial_epochs': 25})}), 'model': Munch({'name': 'ExplicitMLP', 'input_encoding': False, 'encoding_dim': 16, 'embed_dim': 16, 'num_frequencies': 200}), 'generation_frequency': 1000, 'validation_frequency': 10, 'batch_size': 128, 'epochs': 500, 'gradient_clip': 10})
2023-04-24 13:48:49,680 - INFO - Epoch 0 training loss = 3.466e+03
2023-04-24 13:48:49,702 - INFO - Validation loss = 3.527e+03
2023-04-24 13:48:49,797 - INFO - Epoch 1 training loss = 3.458e+03
2023-04-24 13:48:49,885 - INFO - Epoch 2 training loss = 3.29e+03
2023-04-24 13:48:49,974 - INFO - Epoch 3 training loss = 2.637e+03
2023-04-24 13:48:50,063 - INFO - Epoch 4 training loss = 1.032e+03
2023-04-24 13:48:50,152 - INFO - Epoch 5 training loss = 317.2
2023-04-24 13:48:50,241 - INFO - Epoch 6 training loss = 246.8
2023-04-24 13:48:50,330 - INFO - Epoch 7 training loss = 195.8
2023-04-24 13:48:50,419 - INFO - Epoch 8 training loss = 160.8
2023-04-24 13:48:50,507 - INFO - Epoch 9 training loss = 128.5
2023-04-24 13:48:50,596 - INFO - Epoch 10 training loss = 104.4
2023-04-24 13:48:50,621 - INFO - Validation loss = 95.07
2023-04-24 13:48:50,718 - INFO - Epoch 11 training loss = 87.81
2023-04-24 13:48:50,807 - INFO - Epoch 12 training loss = 78.35
2023-04-24 13:48:50,896 - INFO - Epoch 13 training loss = 71.86
2023-04-24 13:48:50,984 - INFO - Epoch 14 training loss = 68.48
2023-04-24 13:48:51,073 - INFO - Epoch 15 training loss = 64.87
2023-04-24 13:48:51,161 - INFO - Epoch 16 training loss = 62.45
2023-04-24 13:48:51,299 - INFO - Epoch 17 training loss = 60.78
2023-04-24 13:48:51,388 - INFO - Epoch 18 training loss = 58.21
2023-04-24 13:48:51,476 - INFO - Epoch 19 training loss = 55.7
2023-04-24 13:48:51,565 - INFO - Epoch 20 training loss = 54.24
2023-04-24 13:48:51,590 - INFO - Validation loss = 53.73
2023-04-24 13:48:51,687 - INFO - Epoch 21 training loss = 52.21
2023-04-24 13:48:51,776 - INFO - Epoch 22 training loss = 51.17
2023-04-24 13:48:51,865 - INFO - Epoch 23 training loss = 48.44
2023-04-24 13:48:51,953 - INFO - Epoch 24 training loss = 46.73
2023-04-24 13:48:52,042 - INFO - Epoch 25 training loss = 45.49
2023-04-24 13:48:52,130 - INFO - Epoch 26 training loss = 44.43
2023-04-24 13:48:52,219 - INFO - Epoch 27 training loss = 42.1
2023-04-24 13:48:52,308 - INFO - Epoch 28 training loss = 41.15
2023-04-24 13:48:52,396 - INFO - Epoch 29 training loss = 39.07
2023-04-24 13:48:52,485 - INFO - Epoch 30 training loss = 38.53
2023-04-24 13:48:52,509 - INFO - Validation loss = 39.27
2023-04-24 13:48:52,606 - INFO - Epoch 31 training loss = 36.61
2023-04-24 13:48:52,694 - INFO - Epoch 32 training loss = 35.79
2023-04-24 13:48:52,782 - INFO - Epoch 33 training loss = 34.69
2023-04-24 13:48:52,870 - INFO - Epoch 34 training loss = 33.69
2023-04-24 13:48:52,959 - INFO - Epoch 35 training loss = 33.06
2023-04-24 13:48:53,047 - INFO - Epoch 36 training loss = 32.12
2023-04-24 13:48:53,135 - INFO - Epoch 37 training loss = 31.29
2023-04-24 13:48:53,224 - INFO - Epoch 38 training loss = 30.64
2023-04-24 13:48:53,312 - INFO - Epoch 39 training loss = 29.67
2023-04-24 13:48:53,401 - INFO - Epoch 40 training loss = 29.14
2023-04-24 13:48:53,425 - INFO - Validation loss = 31.02
2023-04-24 13:48:53,522 - INFO - Epoch 41 training loss = 29.29
2023-04-24 13:48:53,610 - INFO - Epoch 42 training loss = 27.99
2023-04-24 13:48:53,697 - INFO - Epoch 43 training loss = 27.33
2023-04-24 13:48:53,833 - INFO - Epoch 44 training loss = 27.29
2023-04-24 13:48:53,921 - INFO - Epoch 45 training loss = 26.25
2023-04-24 13:48:54,008 - INFO - Epoch 46 training loss = 25.98
2023-04-24 13:48:54,096 - INFO - Epoch 47 training loss = 25.52
2023-04-24 13:48:54,184 - INFO - Epoch 48 training loss = 25.23
2023-04-24 13:48:54,272 - INFO - Epoch 49 training loss = 24.97
2023-04-24 13:48:54,359 - INFO - Epoch 50 training loss = 24.22
2023-04-24 13:48:54,384 - INFO - Validation loss = 27.15
2023-04-24 13:48:54,478 - INFO - Epoch 51 training loss = 23.95
2023-04-24 13:48:54,566 - INFO - Epoch 52 training loss = 23.63
2023-04-24 13:48:54,654 - INFO - Epoch 53 training loss = 23.26
2023-04-24 13:48:54,741 - INFO - Epoch 54 training loss = 22.89
2023-04-24 13:48:54,829 - INFO - Epoch 55 training loss = 22.36
2023-04-24 13:48:54,916 - INFO - Epoch 56 training loss = 22.32
2023-04-24 13:48:55,004 - INFO - Epoch 57 training loss = 21.62
2023-04-24 13:48:55,091 - INFO - Epoch 58 training loss = 21.68
2023-04-24 13:48:55,179 - INFO - Epoch 59 training loss = 21.41
2023-04-24 13:48:55,266 - INFO - Epoch 60 training loss = 20.89
2023-04-24 13:48:55,289 - INFO - Validation loss = 23.91
2023-04-24 13:48:55,383 - INFO - Epoch 61 training loss = 20.57
2023-04-24 13:48:55,471 - INFO - Epoch 62 training loss = 20.31
2023-04-24 13:48:55,558 - INFO - Epoch 63 training loss = 20.39
2023-04-24 13:48:55,646 - INFO - Epoch 64 training loss = 20.08
2023-04-24 13:48:55,734 - INFO - Epoch 65 training loss = 19.99
2023-04-24 13:48:55,821 - INFO - Epoch 66 training loss = 19.6
2023-04-24 13:48:55,909 - INFO - Epoch 67 training loss = 19.24
2023-04-24 13:48:55,997 - INFO - Epoch 68 training loss = 19.24
2023-04-24 13:48:56,085 - INFO - Epoch 69 training loss = 18.96
2023-04-24 13:48:56,172 - INFO - Epoch 70 training loss = 18.74
2023-04-24 13:48:56,194 - INFO - Validation loss = 21.91
2023-04-24 13:48:56,338 - INFO - Epoch 71 training loss = 18.51
2023-04-24 13:48:56,425 - INFO - Epoch 72 training loss = 18.76
2023-04-24 13:48:56,513 - INFO - Epoch 73 training loss = 18.17
2023-04-24 13:48:56,601 - INFO - Epoch 74 training loss = 18.06
2023-04-24 13:48:56,688 - INFO - Epoch 75 training loss = 18.23
2023-04-24 13:48:56,776 - INFO - Epoch 76 training loss = 17.66
2023-04-24 13:48:56,864 - INFO - Epoch 77 training loss = 17.64
2023-04-24 13:48:56,952 - INFO - Epoch 78 training loss = 17.36
2023-04-24 13:48:57,039 - INFO - Epoch 79 training loss = 17.32
2023-04-24 13:48:57,127 - INFO - Epoch 80 training loss = 17.06
2023-04-24 13:48:57,149 - INFO - Validation loss = 22.07
2023-04-24 13:48:57,237 - INFO - Epoch 81 training loss = 17.27
2023-04-24 13:48:57,325 - INFO - Epoch 82 training loss = 16.75
2023-04-24 13:48:57,412 - INFO - Epoch 83 training loss = 16.73
2023-04-24 13:48:57,500 - INFO - Epoch 84 training loss = 16.6
2023-04-24 13:48:57,587 - INFO - Epoch 85 training loss = 16.34
2023-04-24 13:48:57,675 - INFO - Epoch 86 training loss = 16.12
2023-04-24 13:48:57,763 - INFO - Epoch 87 training loss = 16.53
2023-04-24 13:48:57,851 - INFO - Epoch 88 training loss = 16.15
2023-04-24 13:48:57,938 - INFO - Epoch 89 training loss = 16.05
2023-04-24 13:48:58,026 - INFO - Epoch 90 training loss = 15.78
2023-04-24 13:48:58,048 - INFO - Validation loss = 20.11
2023-04-24 13:48:58,143 - INFO - Epoch 91 training loss = 15.56
2023-04-24 13:48:58,230 - INFO - Epoch 92 training loss = 15.97
2023-04-24 13:48:58,318 - INFO - Epoch 93 training loss = 15.55
2023-04-24 13:48:58,405 - INFO - Epoch 94 training loss = 15.44
2023-04-24 13:48:58,492 - INFO - Epoch 95 training loss = 15.18
2023-04-24 13:48:58,580 - INFO - Epoch 96 training loss = 15.22
2023-04-24 13:48:58,667 - INFO - Epoch 97 training loss = 14.91
2023-04-24 13:48:58,803 - INFO - Epoch 98 training loss = 14.93
2023-04-24 13:48:58,891 - INFO - Epoch 99 training loss = 15.15
2023-04-24 13:48:58,978 - INFO - Epoch 100 training loss = 14.67
2023-04-24 13:48:59,001 - INFO - Validation loss = 18.63
2023-04-24 13:48:59,095 - INFO - Epoch 101 training loss = 14.92
2023-04-24 13:48:59,183 - INFO - Epoch 102 training loss = 14.45
2023-04-24 13:48:59,271 - INFO - Epoch 103 training loss = 14.34
2023-04-24 13:48:59,358 - INFO - Epoch 104 training loss = 14.63
2023-04-24 13:48:59,446 - INFO - Epoch 105 training loss = 13.98
2023-04-24 13:48:59,533 - INFO - Epoch 106 training loss = 14.79
2023-04-24 13:48:59,621 - INFO - Epoch 107 training loss = 13.91
2023-04-24 13:48:59,709 - INFO - Epoch 108 training loss = 13.87
2023-04-24 13:48:59,796 - INFO - Epoch 109 training loss = 14.01
2023-04-24 13:48:59,884 - INFO - Epoch 110 training loss = 13.74
2023-04-24 13:48:59,906 - INFO - Validation loss = 18.37
2023-04-24 13:49:00,001 - INFO - Epoch 111 training loss = 14.02
2023-04-24 13:49:00,089 - INFO - Epoch 112 training loss = 13.41
2023-04-24 13:49:00,176 - INFO - Epoch 113 training loss = 13.64
2023-04-24 13:49:00,264 - INFO - Epoch 114 training loss = 13.33
2023-04-24 13:49:00,352 - INFO - Epoch 115 training loss = 13.41
2023-04-24 13:49:00,440 - INFO - Epoch 116 training loss = 13.37
2023-04-24 13:49:00,528 - INFO - Epoch 117 training loss = 13.36
2023-04-24 13:49:00,616 - INFO - Epoch 118 training loss = 13.15
2023-04-24 13:49:00,703 - INFO - Epoch 119 training loss = 12.97
2023-04-24 13:49:00,791 - INFO - Epoch 120 training loss = 13.15
2023-04-24 13:49:00,813 - INFO - Validation loss = 17.29
2023-04-24 13:49:00,907 - INFO - Epoch 121 training loss = 12.9
2023-04-24 13:49:00,995 - INFO - Epoch 122 training loss = 12.85
2023-04-24 13:49:01,083 - INFO - Epoch 123 training loss = 12.56
2023-04-24 13:49:01,170 - INFO - Epoch 124 training loss = 12.87
2023-04-24 13:49:01,307 - INFO - Epoch 125 training loss = 12.65
2023-04-24 13:49:01,394 - INFO - Epoch 126 training loss = 12.69
2023-04-24 13:49:01,482 - INFO - Epoch 127 training loss = 12.35
2023-04-24 13:49:01,569 - INFO - Epoch 128 training loss = 12.49
2023-04-24 13:49:01,657 - INFO - Epoch 129 training loss = 12.4
2023-04-24 13:49:01,745 - INFO - Epoch 130 training loss = 12.32
2023-04-24 13:49:01,767 - INFO - Validation loss = 16.99
2023-04-24 13:49:01,862 - INFO - Epoch 131 training loss = 12.47
2023-04-24 13:49:01,949 - INFO - Epoch 132 training loss = 12.06
2023-04-24 13:49:02,037 - INFO - Epoch 133 training loss = 12.08
2023-04-24 13:49:02,124 - INFO - Epoch 134 training loss = 12.12
2023-04-24 13:49:02,212 - INFO - Epoch 135 training loss = 11.94
2023-04-24 13:49:02,299 - INFO - Epoch 136 training loss = 12.04
2023-04-24 13:49:02,387 - INFO - Epoch 137 training loss = 11.95
2023-04-24 13:49:02,475 - INFO - Epoch 138 training loss = 11.98
2023-04-24 13:49:02,562 - INFO - Epoch 139 training loss = 11.75
2023-04-24 13:49:02,650 - INFO - Epoch 140 training loss = 11.62
2023-04-24 13:49:02,672 - INFO - Validation loss = 16.4
2023-04-24 13:49:02,767 - INFO - Epoch 141 training loss = 11.68
2023-04-24 13:49:02,855 - INFO - Epoch 142 training loss = 11.63
2023-04-24 13:49:02,942 - INFO - Epoch 143 training loss = 11.61
2023-04-24 13:49:03,030 - INFO - Epoch 144 training loss = 11.44
2023-04-24 13:49:03,118 - INFO - Epoch 145 training loss = 11.33
2023-04-24 13:49:03,206 - INFO - Epoch 146 training loss = 11.55
2023-04-24 13:49:03,294 - INFO - Epoch 147 training loss = 11.47
2023-04-24 13:49:03,383 - INFO - Epoch 148 training loss = 11.21
2023-04-24 13:49:03,471 - INFO - Epoch 149 training loss = 11.31
2023-04-24 13:49:03,558 - INFO - Epoch 150 training loss = 11.39
2023-04-24 13:49:03,581 - INFO - Validation loss = 16.38
2023-04-24 13:49:03,676 - INFO - Epoch 151 training loss = 11.09
2023-04-24 13:49:03,813 - INFO - Epoch 152 training loss = 11.09
2023-04-24 13:49:03,900 - INFO - Epoch 153 training loss = 11.01
2023-04-24 13:49:03,988 - INFO - Epoch 154 training loss = 11.07
2023-04-24 13:49:04,076 - INFO - Epoch 155 training loss = 10.97
2023-04-24 13:49:04,164 - INFO - Epoch 156 training loss = 11.07
2023-04-24 13:49:04,252 - INFO - Epoch 157 training loss = 10.9
2023-04-24 13:49:04,340 - INFO - Epoch 158 training loss = 10.78
2023-04-24 13:49:04,428 - INFO - Epoch 159 training loss = 10.92
2023-04-24 13:49:04,516 - INFO - Epoch 160 training loss = 10.88
2023-04-24 13:49:04,538 - INFO - Validation loss = 15.97
2023-04-24 13:49:04,634 - INFO - Epoch 161 training loss = 10.74
2023-04-24 13:49:04,722 - INFO - Epoch 162 training loss = 10.73
2023-04-24 13:49:04,810 - INFO - Epoch 163 training loss = 10.62
2023-04-24 13:49:04,898 - INFO - Epoch 164 training loss = 10.78
2023-04-24 13:49:04,986 - INFO - Epoch 165 training loss = 10.68
2023-04-24 13:49:05,074 - INFO - Epoch 166 training loss = 10.48
2023-04-24 13:49:05,163 - INFO - Epoch 167 training loss = 10.68
2023-04-24 13:49:05,251 - INFO - Epoch 168 training loss = 10.37
2023-04-24 13:49:05,339 - INFO - Epoch 169 training loss = 10.41
2023-04-24 13:49:05,427 - INFO - Epoch 170 training loss = 10.74
2023-04-24 13:49:05,450 - INFO - Validation loss = 15.71
2023-04-24 13:49:05,545 - INFO - Epoch 171 training loss = 10.32
2023-04-24 13:49:05,633 - INFO - Epoch 172 training loss = 10.3
2023-04-24 13:49:05,721 - INFO - Epoch 173 training loss = 10.29
2023-04-24 13:49:05,809 - INFO - Epoch 174 training loss = 10.26
2023-04-24 13:49:05,897 - INFO - Epoch 175 training loss = 10.21
2023-04-24 13:49:05,985 - INFO - Epoch 176 training loss = 10.21
2023-04-24 13:49:06,072 - INFO - Epoch 177 training loss = 10.1
2023-04-24 13:49:06,160 - INFO - Epoch 178 training loss = 10.17
2023-04-24 13:49:06,296 - INFO - Epoch 179 training loss = 10.06
2023-04-24 13:49:06,384 - INFO - Epoch 180 training loss = 9.985
2023-04-24 13:49:06,406 - INFO - Validation loss = 15.86
2023-04-24 13:49:06,494 - INFO - Epoch 181 training loss = 10.09
2023-04-24 13:49:06,581 - INFO - Epoch 182 training loss = 9.984
2023-04-24 13:49:06,669 - INFO - Epoch 183 training loss = 10.02
2023-04-24 13:49:06,757 - INFO - Epoch 184 training loss = 9.862
2023-04-24 13:49:06,845 - INFO - Epoch 185 training loss = 10.01
2023-04-24 13:49:06,932 - INFO - Epoch 186 training loss = 9.838
2023-04-24 13:49:07,020 - INFO - Epoch 187 training loss = 9.747
2023-04-24 13:49:07,108 - INFO - Epoch 188 training loss = 9.77
2023-04-24 13:49:07,195 - INFO - Epoch 189 training loss = 10.02
2023-04-24 13:49:07,283 - INFO - Epoch 190 training loss = 9.775
2023-04-24 13:49:07,305 - INFO - Validation loss = 15.38
2023-04-24 13:49:07,400 - INFO - Epoch 191 training loss = 9.656
2023-04-24 13:49:07,487 - INFO - Epoch 192 training loss = 9.81
2023-04-24 13:49:07,575 - INFO - Epoch 193 training loss = 9.745
2023-04-24 13:49:07,662 - INFO - Epoch 194 training loss = 9.757
2023-04-24 13:49:07,750 - INFO - Epoch 195 training loss = 9.542
2023-04-24 13:49:07,838 - INFO - Epoch 196 training loss = 9.713
2023-04-24 13:49:07,925 - INFO - Epoch 197 training loss = 9.451
2023-04-24 13:49:08,013 - INFO - Epoch 198 training loss = 9.635
2023-04-24 13:49:08,100 - INFO - Epoch 199 training loss = 9.522
2023-04-24 13:49:08,188 - INFO - Epoch 200 training loss = 9.47
2023-04-24 13:49:08,210 - INFO - Validation loss = 14.92
2023-04-24 13:49:08,305 - INFO - Epoch 201 training loss = 9.493
2023-04-24 13:49:08,392 - INFO - Epoch 202 training loss =  9.5
2023-04-24 13:49:08,480 - INFO - Epoch 203 training loss = 9.327
2023-04-24 13:49:08,567 - INFO - Epoch 204 training loss = 9.455
2023-04-24 13:49:08,655 - INFO - Epoch 205 training loss = 9.31
2023-04-24 13:49:08,791 - INFO - Epoch 206 training loss = 9.297
2023-04-24 13:49:08,879 - INFO - Epoch 207 training loss = 9.271
2023-04-24 13:49:08,967 - INFO - Epoch 208 training loss = 9.264
2023-04-24 13:49:09,054 - INFO - Epoch 209 training loss = 9.216
2023-04-24 13:49:09,142 - INFO - Epoch 210 training loss = 9.151
2023-04-24 13:49:09,166 - INFO - Validation loss = 14.81
2023-04-24 13:49:09,261 - INFO - Epoch 211 training loss = 9.08
2023-04-24 13:49:09,348 - INFO - Epoch 212 training loss = 9.172
2023-04-24 13:49:09,437 - INFO - Epoch 213 training loss = 9.159
2023-04-24 13:49:09,524 - INFO - Epoch 214 training loss = 9.033
2023-04-24 13:49:09,612 - INFO - Epoch 215 training loss = 9.023
2023-04-24 13:49:09,700 - INFO - Epoch 216 training loss = 9.044
2023-04-24 13:49:09,787 - INFO - Epoch 217 training loss = 8.997
2023-04-24 13:49:09,875 - INFO - Epoch 218 training loss = 9.071
2023-04-24 13:49:09,962 - INFO - Epoch 219 training loss =  9.0
2023-04-24 13:49:10,050 - INFO - Epoch 220 training loss = 9.034
2023-04-24 13:49:10,073 - INFO - Validation loss = 14.97
2023-04-24 13:49:10,161 - INFO - Epoch 221 training loss = 8.907
2023-04-24 13:49:10,249 - INFO - Epoch 222 training loss = 8.835
2023-04-24 13:49:10,336 - INFO - Epoch 223 training loss = 8.906
2023-04-24 13:49:10,424 - INFO - Epoch 224 training loss = 8.913
2023-04-24 13:49:10,512 - INFO - Epoch 225 training loss = 8.834
2023-04-24 13:49:10,599 - INFO - Epoch 226 training loss = 8.784
2023-04-24 13:49:10,687 - INFO - Epoch 227 training loss = 8.818
2023-04-24 13:49:10,774 - INFO - Epoch 228 training loss = 8.817
2023-04-24 13:49:10,862 - INFO - Epoch 229 training loss = 8.706
2023-04-24 13:49:10,950 - INFO - Epoch 230 training loss = 8.701
2023-04-24 13:49:10,972 - INFO - Validation loss = 14.65
2023-04-24 13:49:11,067 - INFO - Epoch 231 training loss = 8.64
2023-04-24 13:49:11,155 - INFO - Epoch 232 training loss = 8.685
2023-04-24 13:49:11,242 - INFO - Epoch 233 training loss = 8.595
2023-04-24 13:49:11,379 - INFO - Epoch 234 training loss = 8.61
2023-04-24 13:49:11,467 - INFO - Epoch 235 training loss = 8.709
2023-04-24 13:49:11,555 - INFO - Epoch 236 training loss = 8.508
2023-04-24 13:49:11,643 - INFO - Epoch 237 training loss = 8.516
2023-04-24 13:49:11,730 - INFO - Epoch 238 training loss = 8.612
2023-04-24 13:49:11,819 - INFO - Epoch 239 training loss = 8.466
2023-04-24 13:49:11,907 - INFO - Epoch 240 training loss = 8.542
2023-04-24 13:49:11,929 - INFO - Validation loss = 14.46
2023-04-24 13:49:12,024 - INFO - Epoch 241 training loss = 8.442
2023-04-24 13:49:12,111 - INFO - Epoch 242 training loss = 8.504
2023-04-24 13:49:12,199 - INFO - Epoch 243 training loss = 8.386
2023-04-24 13:49:12,287 - INFO - Epoch 244 training loss = 8.383
2023-04-24 13:49:12,374 - INFO - Epoch 245 training loss = 8.426
2023-04-24 13:49:12,463 - INFO - Epoch 246 training loss = 8.359
2023-04-24 13:49:12,551 - INFO - Epoch 247 training loss = 8.424
2023-04-24 13:49:12,638 - INFO - Epoch 248 training loss = 8.33
2023-04-24 13:49:12,726 - INFO - Epoch 249 training loss = 8.429
2023-04-24 13:49:12,814 - INFO - Epoch 250 training loss = 8.242
2023-04-24 13:49:12,836 - INFO - Validation loss = 14.62
2023-04-24 13:49:12,924 - INFO - Epoch 251 training loss = 8.217
2023-04-24 13:49:13,012 - INFO - Epoch 252 training loss = 8.243
2023-04-24 13:49:13,100 - INFO - Epoch 253 training loss = 8.359
2023-04-24 13:49:13,187 - INFO - Epoch 254 training loss = 8.161
2023-04-24 13:49:13,275 - INFO - Epoch 255 training loss = 8.189
2023-04-24 13:49:13,363 - INFO - Epoch 256 training loss = 8.182
2023-04-24 13:49:13,451 - INFO - Epoch 257 training loss = 8.194
2023-04-24 13:49:13,539 - INFO - Epoch 258 training loss = 8.183
2023-04-24 13:49:13,627 - INFO - Epoch 259 training loss = 8.143
2023-04-24 13:49:13,715 - INFO - Epoch 260 training loss = 8.285
2023-04-24 13:49:13,737 - INFO - Validation loss = 14.36
2023-04-24 13:49:13,881 - INFO - Epoch 261 training loss = 8.068
2023-04-24 13:49:13,968 - INFO - Epoch 262 training loss = 8.097
2023-04-24 13:49:14,056 - INFO - Epoch 263 training loss = 8.103
2023-04-24 13:49:14,144 - INFO - Epoch 264 training loss = 8.007
2023-04-24 13:49:14,232 - INFO - Epoch 265 training loss = 7.999
2023-04-24 13:49:14,319 - INFO - Epoch 266 training loss = 8.07
2023-04-24 13:49:14,407 - INFO - Epoch 267 training loss = 8.009
2023-04-24 13:49:14,496 - INFO - Epoch 268 training loss = 7.974
2023-04-24 13:49:14,583 - INFO - Epoch 269 training loss = 7.968
2023-04-24 13:49:14,671 - INFO - Epoch 270 training loss = 7.965
2023-04-24 13:49:14,694 - INFO - Validation loss = 14.56
2023-04-24 13:49:14,781 - INFO - Epoch 271 training loss = 7.998
2023-04-24 13:49:14,869 - INFO - Epoch 272 training loss = 7.847
2023-04-24 13:49:14,957 - INFO - Epoch 273 training loss = 7.961
2023-04-24 13:49:15,045 - INFO - Epoch 274 training loss = 7.91
2023-04-24 13:49:15,132 - INFO - Epoch 275 training loss = 7.843
2023-04-24 13:49:15,220 - INFO - Epoch 276 training loss = 7.837
2023-04-24 13:49:15,308 - INFO - Epoch 277 training loss = 7.815
2023-04-24 13:49:15,395 - INFO - Epoch 278 training loss = 7.807
2023-04-24 13:49:15,484 - INFO - Epoch 279 training loss = 7.819
2023-04-24 13:49:15,572 - INFO - Epoch 280 training loss = 7.782
2023-04-24 13:49:15,594 - INFO - Validation loss = 14.34
2023-04-24 13:49:15,689 - INFO - Epoch 281 training loss = 7.787
2023-04-24 13:49:15,777 - INFO - Epoch 282 training loss = 7.795
2023-04-24 13:49:15,865 - INFO - Epoch 283 training loss = 7.681
2023-04-24 13:49:15,952 - INFO - Epoch 284 training loss = 7.798
2023-04-24 13:49:16,041 - INFO - Epoch 285 training loss = 7.702
2023-04-24 13:49:16,129 - INFO - Epoch 286 training loss = 7.694
2023-04-24 13:49:16,217 - INFO - Epoch 287 training loss = 7.665
2023-04-24 13:49:16,354 - INFO - Epoch 288 training loss = 7.646
2023-04-24 13:49:16,442 - INFO - Epoch 289 training loss = 7.675
2023-04-24 13:49:16,531 - INFO - Epoch 290 training loss = 7.632
2023-04-24 13:49:16,553 - INFO - Validation loss = 14.19
2023-04-24 13:49:16,648 - INFO - Epoch 291 training loss = 7.609
2023-04-24 13:49:16,737 - INFO - Epoch 292 training loss = 7.667
2023-04-24 13:49:16,825 - INFO - Epoch 293 training loss = 7.634
2023-04-24 13:49:16,913 - INFO - Epoch 294 training loss = 7.568
2023-04-24 13:49:17,001 - INFO - Epoch 295 training loss = 7.531
2023-04-24 13:49:17,090 - INFO - Epoch 296 training loss = 7.592
2023-04-24 13:49:17,178 - INFO - Epoch 297 training loss = 7.552
2023-04-24 13:49:17,266 - INFO - Epoch 298 training loss = 7.522
2023-04-24 13:49:17,354 - INFO - Epoch 299 training loss = 7.557
2023-04-24 13:49:17,442 - INFO - Epoch 300 training loss = 7.517
2023-04-24 13:49:17,465 - INFO - Validation loss = 14.24
2023-04-24 13:49:17,554 - INFO - Epoch 301 training loss = 7.535
2023-04-24 13:49:17,642 - INFO - Epoch 302 training loss = 7.461
2023-04-24 13:49:17,730 - INFO - Epoch 303 training loss = 7.486
2023-04-24 13:49:17,818 - INFO - Epoch 304 training loss = 7.467
2023-04-24 13:49:17,906 - INFO - Epoch 305 training loss = 7.423
2023-04-24 13:49:17,994 - INFO - Epoch 306 training loss = 7.464
2023-04-24 13:49:18,083 - INFO - Epoch 307 training loss = 7.46
2023-04-24 13:49:18,171 - INFO - Epoch 308 training loss = 7.406
2023-04-24 13:49:18,259 - INFO - Epoch 309 training loss = 7.371
2023-04-24 13:49:18,347 - INFO - Epoch 310 training loss = 7.374
2023-04-24 13:49:18,369 - INFO - Validation loss = 14.11
2023-04-24 13:49:18,464 - INFO - Epoch 311 training loss = 7.381
2023-04-24 13:49:18,552 - INFO - Epoch 312 training loss = 7.399
2023-04-24 13:49:18,640 - INFO - Epoch 313 training loss = 7.349
2023-04-24 13:49:18,728 - INFO - Epoch 314 training loss = 7.283
2023-04-24 13:49:18,865 - INFO - Epoch 315 training loss = 7.313
2023-04-24 13:49:18,952 - INFO - Epoch 316 training loss = 7.284
2023-04-24 13:49:19,041 - INFO - Epoch 317 training loss = 7.279
2023-04-24 13:49:19,129 - INFO - Epoch 318 training loss = 7.267
2023-04-24 13:49:19,217 - INFO - Epoch 319 training loss = 7.31
2023-04-24 13:49:19,305 - INFO - Epoch 320 training loss = 7.23
2023-04-24 13:49:19,327 - INFO - Validation loss = 14.04
2023-04-24 13:49:19,423 - INFO - Epoch 321 training loss = 7.219
2023-04-24 13:49:19,511 - INFO - Epoch 322 training loss = 7.248
2023-04-24 13:49:19,599 - INFO - Epoch 323 training loss = 7.222
2023-04-24 13:49:19,687 - INFO - Epoch 324 training loss = 7.235
2023-04-24 13:49:19,775 - INFO - Epoch 325 training loss = 7.209
2023-04-24 13:49:19,863 - INFO - Epoch 326 training loss = 7.206
2023-04-24 13:49:19,951 - INFO - Epoch 327 training loss = 7.152
2023-04-24 13:49:20,040 - INFO - Epoch 328 training loss = 7.177
2023-04-24 13:49:20,128 - INFO - Epoch 329 training loss = 7.187
2023-04-24 13:49:20,215 - INFO - Epoch 330 training loss = 7.139
2023-04-24 13:49:20,237 - INFO - Validation loss = 14.05
2023-04-24 13:49:20,326 - INFO - Epoch 331 training loss = 7.132
2023-04-24 13:49:20,414 - INFO - Epoch 332 training loss = 7.149
2023-04-24 13:49:20,502 - INFO - Epoch 333 training loss = 7.135
2023-04-24 13:49:20,590 - INFO - Epoch 334 training loss = 7.089
2023-04-24 13:49:20,679 - INFO - Epoch 335 training loss = 7.124
2023-04-24 13:49:20,767 - INFO - Epoch 336 training loss = 7.057
2023-04-24 13:49:20,855 - INFO - Epoch 337 training loss = 7.096
2023-04-24 13:49:20,943 - INFO - Epoch 338 training loss = 7.095
2023-04-24 13:49:21,032 - INFO - Epoch 339 training loss = 7.033
2023-04-24 13:49:21,119 - INFO - Epoch 340 training loss = 7.039
2023-04-24 13:49:21,141 - INFO - Validation loss = 14.01
2023-04-24 13:49:21,236 - INFO - Epoch 341 training loss = 7.035
2023-04-24 13:49:21,372 - INFO - Epoch 342 training loss = 7.024
2023-04-24 13:49:21,459 - INFO - Epoch 343 training loss = 7.045
2023-04-24 13:49:21,547 - INFO - Epoch 344 training loss = 7.01
2023-04-24 13:49:21,634 - INFO - Epoch 345 training loss = 7.007
2023-04-24 13:49:21,722 - INFO - Epoch 346 training loss = 6.987
2023-04-24 13:49:21,809 - INFO - Epoch 347 training loss = 6.98
2023-04-24 13:49:21,897 - INFO - Epoch 348 training loss = 6.983
2023-04-24 13:49:21,985 - INFO - Epoch 349 training loss = 7.018
2023-04-24 13:49:22,073 - INFO - Epoch 350 training loss = 6.961
2023-04-24 13:49:22,095 - INFO - Validation loss = 14.09
2023-04-24 13:49:22,184 - INFO - Epoch 351 training loss = 6.948
2023-04-24 13:49:22,272 - INFO - Epoch 352 training loss = 6.94
2023-04-24 13:49:22,360 - INFO - Epoch 353 training loss = 6.94
2023-04-24 13:49:22,448 - INFO - Epoch 354 training loss = 6.962
2023-04-24 13:49:22,536 - INFO - Epoch 355 training loss = 6.901
2023-04-24 13:49:22,624 - INFO - Epoch 356 training loss = 6.907
2023-04-24 13:49:22,712 - INFO - Epoch 357 training loss = 6.889
2023-04-24 13:49:22,800 - INFO - Epoch 358 training loss = 6.904
2023-04-24 13:49:22,888 - INFO - Epoch 359 training loss = 6.89
2023-04-24 13:49:22,976 - INFO - Epoch 360 training loss = 6.88
2023-04-24 13:49:22,998 - INFO - Validation loss = 14.07
2023-04-24 13:49:23,087 - INFO - Epoch 361 training loss = 6.881
2023-04-24 13:49:23,175 - INFO - Epoch 362 training loss = 6.864
2023-04-24 13:49:23,263 - INFO - Epoch 363 training loss = 6.824
2023-04-24 13:49:23,351 - INFO - Epoch 364 training loss = 6.856
2023-04-24 13:49:23,439 - INFO - Epoch 365 training loss = 6.834
2023-04-24 13:49:23,527 - INFO - Epoch 366 training loss = 6.844
2023-04-24 13:49:23,616 - INFO - Epoch 367 training loss = 6.834
2023-04-24 13:49:23,704 - INFO - Epoch 368 training loss = 6.821
2023-04-24 13:49:23,840 - INFO - Epoch 369 training loss = 6.791
2023-04-24 13:49:23,928 - INFO - Epoch 370 training loss = 6.815
2023-04-24 13:49:23,951 - INFO - Validation loss = 14.05
2023-04-24 13:49:24,039 - INFO - Epoch 371 training loss = 6.798
2023-04-24 13:49:24,127 - INFO - Epoch 372 training loss = 6.789
2023-04-24 13:49:24,215 - INFO - Epoch 373 training loss = 6.802
2023-04-24 13:49:24,303 - INFO - Epoch 374 training loss = 6.772
2023-04-24 13:49:24,391 - INFO - Epoch 375 training loss = 6.755
2023-04-24 13:49:24,479 - INFO - Epoch 376 training loss = 6.753
2023-04-24 13:49:24,566 - INFO - Epoch 377 training loss = 6.753
2023-04-24 13:49:24,654 - INFO - Epoch 378 training loss = 6.747
2023-04-24 13:49:24,741 - INFO - Epoch 379 training loss = 6.744
2023-04-24 13:49:24,829 - INFO - Epoch 380 training loss = 6.713
2023-04-24 13:49:24,851 - INFO - Validation loss = 13.96
2023-04-24 13:49:24,946 - INFO - Epoch 381 training loss = 6.722
2023-04-24 13:49:25,034 - INFO - Epoch 382 training loss = 6.709
2023-04-24 13:49:25,121 - INFO - Epoch 383 training loss = 6.726
2023-04-24 13:49:25,209 - INFO - Epoch 384 training loss = 6.717
2023-04-24 13:49:25,297 - INFO - Epoch 385 training loss = 6.693
2023-04-24 13:49:25,384 - INFO - Epoch 386 training loss = 6.704
2023-04-24 13:49:25,472 - INFO - Epoch 387 training loss = 6.669
2023-04-24 13:49:25,560 - INFO - Epoch 388 training loss = 6.684
2023-04-24 13:49:25,648 - INFO - Epoch 389 training loss = 6.667
2023-04-24 13:49:25,735 - INFO - Epoch 390 training loss = 6.663
2023-04-24 13:49:25,758 - INFO - Validation loss = 13.93
2023-04-24 13:49:25,854 - INFO - Epoch 391 training loss = 6.67
2023-04-24 13:49:25,942 - INFO - Epoch 392 training loss = 6.656
2023-04-24 13:49:26,030 - INFO - Epoch 393 training loss = 6.648
2023-04-24 13:49:26,118 - INFO - Epoch 394 training loss = 6.628
2023-04-24 13:49:26,205 - INFO - Epoch 395 training loss = 6.641
2023-04-24 13:49:26,342 - INFO - Epoch 396 training loss = 6.608
2023-04-24 13:49:26,430 - INFO - Epoch 397 training loss = 6.631
2023-04-24 13:49:26,518 - INFO - Epoch 398 training loss = 6.631
2023-04-24 13:49:26,605 - INFO - Epoch 399 training loss = 6.613
2023-04-24 13:49:26,693 - INFO - Epoch 400 training loss = 6.615
2023-04-24 13:49:26,716 - INFO - Validation loss = 13.96
2023-04-24 13:49:26,803 - INFO - Epoch 401 training loss = 6.606
2023-04-24 13:49:26,891 - INFO - Epoch 402 training loss = 6.595
2023-04-24 13:49:26,979 - INFO - Epoch 403 training loss =  6.6
2023-04-24 13:49:27,067 - INFO - Epoch 404 training loss = 6.596
2023-04-24 13:49:27,155 - INFO - Epoch 405 training loss = 6.594
2023-04-24 13:49:27,242 - INFO - Epoch 406 training loss = 6.576
2023-04-24 13:49:27,330 - INFO - Epoch 407 training loss = 6.565
2023-04-24 13:49:27,418 - INFO - Epoch 408 training loss = 6.59
2023-04-24 13:49:27,506 - INFO - Epoch 409 training loss = 6.562
2023-04-24 13:49:27,593 - INFO - Epoch 410 training loss = 6.563
2023-04-24 13:49:27,615 - INFO - Validation loss = 13.91
2023-04-24 13:49:27,710 - INFO - Epoch 411 training loss = 6.545
2023-04-24 13:49:27,798 - INFO - Epoch 412 training loss = 6.54
2023-04-24 13:49:27,886 - INFO - Epoch 413 training loss = 6.538
2023-04-24 13:49:27,973 - INFO - Epoch 414 training loss = 6.537
2023-04-24 13:49:28,061 - INFO - Epoch 415 training loss = 6.522
2023-04-24 13:49:28,148 - INFO - Epoch 416 training loss = 6.528
2023-04-24 13:49:28,236 - INFO - Epoch 417 training loss = 6.526
2023-04-24 13:49:28,324 - INFO - Epoch 418 training loss = 6.513
2023-04-24 13:49:28,411 - INFO - Epoch 419 training loss = 6.515
2023-04-24 13:49:28,499 - INFO - Epoch 420 training loss = 6.519
2023-04-24 13:49:28,521 - INFO - Validation loss = 13.91
2023-04-24 13:49:28,615 - INFO - Epoch 421 training loss = 6.504
2023-04-24 13:49:28,703 - INFO - Epoch 422 training loss = 6.496
2023-04-24 13:49:28,840 - INFO - Epoch 423 training loss = 6.495
2023-04-24 13:49:28,927 - INFO - Epoch 424 training loss =  6.5
2023-04-24 13:49:29,015 - INFO - Epoch 425 training loss = 6.48
2023-04-24 13:49:29,102 - INFO - Epoch 426 training loss = 6.494
2023-04-24 13:49:29,190 - INFO - Epoch 427 training loss = 6.489
2023-04-24 13:49:29,277 - INFO - Epoch 428 training loss = 6.485
2023-04-24 13:49:29,365 - INFO - Epoch 429 training loss = 6.47
2023-04-24 13:49:29,452 - INFO - Epoch 430 training loss = 6.47
2023-04-24 13:49:29,475 - INFO - Validation loss = 13.88
2023-04-24 13:49:29,569 - INFO - Epoch 431 training loss = 6.469
2023-04-24 13:49:29,656 - INFO - Epoch 432 training loss = 6.465
2023-04-24 13:49:29,744 - INFO - Epoch 433 training loss = 6.465
2023-04-24 13:49:29,832 - INFO - Epoch 434 training loss = 6.455
2023-04-24 13:49:29,919 - INFO - Epoch 435 training loss = 6.449
2023-04-24 13:49:30,006 - INFO - Epoch 436 training loss = 6.458
2023-04-24 13:49:30,094 - INFO - Epoch 437 training loss = 6.453
2023-04-24 13:49:30,181 - INFO - Epoch 438 training loss = 6.438
2023-04-24 13:49:30,268 - INFO - Epoch 439 training loss = 6.444
2023-04-24 13:49:30,355 - INFO - Epoch 440 training loss = 6.44
2023-04-24 13:49:30,377 - INFO - Validation loss = 13.89
2023-04-24 13:49:30,465 - INFO - Epoch 441 training loss = 6.436
2023-04-24 13:49:30,552 - INFO - Epoch 442 training loss = 6.429
2023-04-24 13:49:30,639 - INFO - Epoch 443 training loss = 6.431
2023-04-24 13:49:30,727 - INFO - Epoch 444 training loss = 6.425
2023-04-24 13:49:30,814 - INFO - Epoch 445 training loss = 6.42
2023-04-24 13:49:30,901 - INFO - Epoch 446 training loss = 6.415
2023-04-24 13:49:30,989 - INFO - Epoch 447 training loss = 6.41
2023-04-24 13:49:31,076 - INFO - Epoch 448 training loss = 6.41
2023-04-24 13:49:31,163 - INFO - Epoch 449 training loss = 6.402
2023-04-24 13:49:31,300 - INFO - Epoch 450 training loss = 6.408
2023-04-24 13:49:31,322 - INFO - Validation loss = 13.88
2023-04-24 13:49:31,416 - INFO - Epoch 451 training loss = 6.402
2023-04-24 13:49:31,503 - INFO - Epoch 452 training loss = 6.405
2023-04-24 13:49:31,590 - INFO - Epoch 453 training loss = 6.401
2023-04-24 13:49:31,677 - INFO - Epoch 454 training loss = 6.399
2023-04-24 13:49:31,765 - INFO - Epoch 455 training loss = 6.393
2023-04-24 13:49:31,852 - INFO - Epoch 456 training loss = 6.388
2023-04-24 13:49:31,939 - INFO - Epoch 457 training loss = 6.384
2023-04-24 13:49:32,027 - INFO - Epoch 458 training loss = 6.387
2023-04-24 13:49:32,114 - INFO - Epoch 459 training loss = 6.385
2023-04-24 13:49:32,201 - INFO - Epoch 460 training loss = 6.377
2023-04-24 13:49:32,225 - INFO - Validation loss = 13.87
2023-04-24 13:49:32,321 - INFO - Epoch 461 training loss = 6.378
2023-04-24 13:49:32,408 - INFO - Epoch 462 training loss = 6.368
2023-04-24 13:49:32,496 - INFO - Epoch 463 training loss = 6.377
2023-04-24 13:49:32,583 - INFO - Epoch 464 training loss = 6.377
2023-04-24 13:49:32,670 - INFO - Epoch 465 training loss = 6.369
2023-04-24 13:49:32,757 - INFO - Epoch 466 training loss = 6.371
2023-04-24 13:49:32,845 - INFO - Epoch 467 training loss = 6.372
2023-04-24 13:49:32,932 - INFO - Epoch 468 training loss = 6.366
2023-04-24 13:49:33,019 - INFO - Epoch 469 training loss = 6.367
2023-04-24 13:49:33,106 - INFO - Epoch 470 training loss = 6.363
2023-04-24 13:49:33,130 - INFO - Validation loss = 13.85
2023-04-24 13:49:33,226 - INFO - Epoch 471 training loss = 6.356
2023-04-24 13:49:33,313 - INFO - Epoch 472 training loss = 6.356
2023-04-24 13:49:33,401 - INFO - Epoch 473 training loss = 6.359
2023-04-24 13:49:33,488 - INFO - Epoch 474 training loss = 6.359
2023-04-24 13:49:33,575 - INFO - Epoch 475 training loss = 6.357
2023-04-24 13:49:33,662 - INFO - Epoch 476 training loss = 6.352
2023-04-24 13:49:33,799 - INFO - Epoch 477 training loss = 6.351
2023-04-24 13:49:33,886 - INFO - Epoch 478 training loss = 6.349
2023-04-24 13:49:33,973 - INFO - Epoch 479 training loss = 6.346
2023-04-24 13:49:34,061 - INFO - Epoch 480 training loss = 6.349
2023-04-24 13:49:34,085 - INFO - Validation loss = 13.86
2023-04-24 13:49:34,172 - INFO - Epoch 481 training loss = 6.348
2023-04-24 13:49:34,259 - INFO - Epoch 482 training loss = 6.347
2023-04-24 13:49:34,347 - INFO - Epoch 483 training loss = 6.343
2023-04-24 13:49:34,434 - INFO - Epoch 484 training loss = 6.345
2023-04-24 13:49:34,521 - INFO - Epoch 485 training loss = 6.338
2023-04-24 13:49:34,608 - INFO - Epoch 486 training loss = 6.34
2023-04-24 13:49:34,695 - INFO - Epoch 487 training loss = 6.343
2023-04-24 13:49:34,783 - INFO - Epoch 488 training loss = 6.342
2023-04-24 13:49:34,870 - INFO - Epoch 489 training loss = 6.337
2023-04-24 13:49:34,957 - INFO - Epoch 490 training loss = 6.334
2023-04-24 13:49:34,981 - INFO - Validation loss = 13.86
2023-04-24 13:49:35,068 - INFO - Epoch 491 training loss = 6.327
2023-04-24 13:49:35,156 - INFO - Epoch 492 training loss = 6.343
2023-04-24 13:49:35,243 - INFO - Epoch 493 training loss = 6.332
2023-04-24 13:49:35,330 - INFO - Epoch 494 training loss = 6.337
2023-04-24 13:49:35,417 - INFO - Epoch 495 training loss = 6.337
2023-04-24 13:49:35,505 - INFO - Epoch 496 training loss = 6.332
2023-04-24 13:49:35,592 - INFO - Epoch 497 training loss = 6.335
2023-04-24 13:49:35,680 - INFO - Epoch 498 training loss = 6.333
2023-04-24 13:49:35,767 - INFO - Epoch 499 training loss = 6.329
2023-04-24 13:49:35,782 - INFO - Validation loss = 13.85
