2023-04-24 11:27:16,044 - INFO - Config:
Namespace(config='configs/explicit_mlp.yaml', dir='/user/delden/acoustics/spp_ai_acoustics/acousticNN/experiments/arch/no_encoding/explicitmlp', epochs=100, device='cuda', parameter_list='configs/data.yaml')
2023-04-24 11:27:16,044 - INFO - Config:
Munch({'optimizer': Munch({'type': 'AdamW', 'kwargs': Munch({'lr': 0.001, 'weight_decay': 0.005, 'betas': [0.9, 0.95]})}), 'scheduler': Munch({'type': 'CosLR', 'kwargs': Munch({'epochs': 500, 'initial_epochs': 25})}), 'model': Munch({'name': 'ExplicitMLP', 'input_encoding': False, 'encoding_dim': 16, 'embed_dim': 16, 'num_frequencies': 200}), 'generation_frequency': 1000, 'validation_frequency': 10, 'batch_size': 128, 'epochs': 500, 'gradient_clip': 10})
2023-04-24 11:27:29,231 - INFO - Epoch 0 training loss = 3.517e+03
2023-04-24 11:27:29,246 - INFO - Validation loss = 3.497e+03
2023-04-24 11:27:29,340 - INFO - Epoch 1 training loss = 3.51e+03
2023-04-24 11:27:29,430 - INFO - Epoch 2 training loss = 3.354e+03
2023-04-24 11:27:29,519 - INFO - Epoch 3 training loss = 2.799e+03
2023-04-24 11:27:29,608 - INFO - Epoch 4 training loss = 1.414e+03
2023-04-24 11:27:29,695 - INFO - Epoch 5 training loss = 393.3
2023-04-24 11:27:29,783 - INFO - Epoch 6 training loss = 244.4
2023-04-24 11:27:29,870 - INFO - Epoch 7 training loss = 199.0
2023-04-24 11:27:29,959 - INFO - Epoch 8 training loss = 164.0
2023-04-24 11:27:30,048 - INFO - Epoch 9 training loss = 139.3
2023-04-24 11:27:30,137 - INFO - Epoch 10 training loss = 124.4
2023-04-24 11:27:30,152 - INFO - Validation loss = 126.6
2023-04-24 11:27:30,249 - INFO - Epoch 11 training loss = 112.9
2023-04-24 11:27:30,338 - INFO - Epoch 12 training loss = 104.0
2023-04-24 11:27:30,427 - INFO - Epoch 13 training loss = 94.33
2023-04-24 11:27:30,516 - INFO - Epoch 14 training loss = 85.41
2023-04-24 11:27:30,605 - INFO - Epoch 15 training loss = 77.15
2023-04-24 11:27:30,694 - INFO - Epoch 16 training loss = 68.63
2023-04-24 11:27:30,833 - INFO - Epoch 17 training loss = 61.87
2023-04-24 11:27:30,922 - INFO - Epoch 18 training loss = 56.12
2023-04-24 11:27:31,010 - INFO - Epoch 19 training loss = 51.67
2023-04-24 11:27:31,100 - INFO - Epoch 20 training loss = 48.7
2023-04-24 11:27:31,115 - INFO - Validation loss = 49.5
2023-04-24 11:27:31,213 - INFO - Epoch 21 training loss = 46.42
2023-04-24 11:27:31,302 - INFO - Epoch 22 training loss = 44.35
2023-04-24 11:27:31,391 - INFO - Epoch 23 training loss = 42.17
2023-04-24 11:27:31,481 - INFO - Epoch 24 training loss = 40.33
2023-04-24 11:27:31,569 - INFO - Epoch 25 training loss = 39.31
2023-04-24 11:27:31,661 - INFO - Epoch 26 training loss = 37.13
2023-04-24 11:27:31,753 - INFO - Epoch 27 training loss = 36.0
2023-04-24 11:27:31,843 - INFO - Epoch 28 training loss = 34.33
2023-04-24 11:27:31,932 - INFO - Epoch 29 training loss = 33.35
2023-04-24 11:27:32,021 - INFO - Epoch 30 training loss = 32.17
2023-04-24 11:27:32,036 - INFO - Validation loss = 34.63
2023-04-24 11:27:32,134 - INFO - Epoch 31 training loss = 30.81
2023-04-24 11:27:32,222 - INFO - Epoch 32 training loss = 29.94
2023-04-24 11:27:32,311 - INFO - Epoch 33 training loss = 29.44
2023-04-24 11:27:32,399 - INFO - Epoch 34 training loss = 28.32
2023-04-24 11:27:32,488 - INFO - Epoch 35 training loss = 27.56
2023-04-24 11:27:32,575 - INFO - Epoch 36 training loss = 26.85
2023-04-24 11:27:32,659 - INFO - Epoch 37 training loss = 26.43
2023-04-24 11:27:32,743 - INFO - Epoch 38 training loss = 27.22
2023-04-24 11:27:32,828 - INFO - Epoch 39 training loss = 25.24
2023-04-24 11:27:32,913 - INFO - Epoch 40 training loss = 24.32
2023-04-24 11:27:32,927 - INFO - Validation loss = 27.03
2023-04-24 11:27:33,024 - INFO - Epoch 41 training loss = 24.09
2023-04-24 11:27:33,114 - INFO - Epoch 42 training loss = 23.54
2023-04-24 11:27:33,202 - INFO - Epoch 43 training loss = 23.39
2023-04-24 11:27:33,341 - INFO - Epoch 44 training loss = 22.86
2023-04-24 11:27:33,428 - INFO - Epoch 45 training loss = 22.34
2023-04-24 11:27:33,517 - INFO - Epoch 46 training loss = 21.97
2023-04-24 11:27:33,606 - INFO - Epoch 47 training loss = 21.52
2023-04-24 11:27:33,695 - INFO - Epoch 48 training loss = 21.03
2023-04-24 11:27:33,783 - INFO - Epoch 49 training loss = 21.07
2023-04-24 11:27:33,872 - INFO - Epoch 50 training loss = 20.41
2023-04-24 11:27:33,886 - INFO - Validation loss = 23.67
2023-04-24 11:27:33,984 - INFO - Epoch 51 training loss = 20.15
2023-04-24 11:27:34,073 - INFO - Epoch 52 training loss = 20.02
2023-04-24 11:27:34,160 - INFO - Epoch 53 training loss = 19.66
2023-04-24 11:27:34,249 - INFO - Epoch 54 training loss = 19.4
2023-04-24 11:27:34,337 - INFO - Epoch 55 training loss = 19.08
2023-04-24 11:27:34,425 - INFO - Epoch 56 training loss = 19.02
2023-04-24 11:27:34,513 - INFO - Epoch 57 training loss = 18.5
2023-04-24 11:27:34,601 - INFO - Epoch 58 training loss = 18.76
2023-04-24 11:27:34,690 - INFO - Epoch 59 training loss = 18.53
2023-04-24 11:27:34,779 - INFO - Epoch 60 training loss = 17.8
2023-04-24 11:27:34,794 - INFO - Validation loss = 21.01
2023-04-24 11:27:34,891 - INFO - Epoch 61 training loss = 17.8
2023-04-24 11:27:34,980 - INFO - Epoch 62 training loss = 17.71
2023-04-24 11:27:35,068 - INFO - Epoch 63 training loss = 17.32
2023-04-24 11:27:35,156 - INFO - Epoch 64 training loss = 17.14
2023-04-24 11:27:35,245 - INFO - Epoch 65 training loss = 17.38
2023-04-24 11:27:35,333 - INFO - Epoch 66 training loss = 17.09
2023-04-24 11:27:35,420 - INFO - Epoch 67 training loss = 16.55
2023-04-24 11:27:35,509 - INFO - Epoch 68 training loss = 16.41
2023-04-24 11:27:35,598 - INFO - Epoch 69 training loss = 16.41
2023-04-24 11:27:35,687 - INFO - Epoch 70 training loss = 16.1
2023-04-24 11:27:35,702 - INFO - Validation loss = 19.47
2023-04-24 11:27:35,849 - INFO - Epoch 71 training loss = 16.13
2023-04-24 11:27:35,937 - INFO - Epoch 72 training loss = 15.9
2023-04-24 11:27:36,026 - INFO - Epoch 73 training loss = 15.9
2023-04-24 11:27:36,115 - INFO - Epoch 74 training loss = 15.92
2023-04-24 11:27:36,204 - INFO - Epoch 75 training loss = 15.22
2023-04-24 11:27:36,292 - INFO - Epoch 76 training loss = 15.52
2023-04-24 11:27:36,381 - INFO - Epoch 77 training loss = 15.41
2023-04-24 11:27:36,470 - INFO - Epoch 78 training loss = 15.51
2023-04-24 11:27:36,558 - INFO - Epoch 79 training loss = 15.11
2023-04-24 11:27:36,648 - INFO - Epoch 80 training loss = 14.73
2023-04-24 11:27:36,663 - INFO - Validation loss = 18.43
2023-04-24 11:27:36,761 - INFO - Epoch 81 training loss = 14.56
2023-04-24 11:27:36,848 - INFO - Epoch 82 training loss = 14.6
2023-04-24 11:27:36,935 - INFO - Epoch 83 training loss = 14.71
2023-04-24 11:27:37,022 - INFO - Epoch 84 training loss = 14.42
2023-04-24 11:27:37,108 - INFO - Epoch 85 training loss = 14.23
2023-04-24 11:27:37,195 - INFO - Epoch 86 training loss = 14.09
2023-04-24 11:27:37,282 - INFO - Epoch 87 training loss = 14.02
2023-04-24 11:27:37,369 - INFO - Epoch 88 training loss = 13.85
2023-04-24 11:27:37,456 - INFO - Epoch 89 training loss = 13.81
2023-04-24 11:27:37,543 - INFO - Epoch 90 training loss = 13.7
2023-04-24 11:27:37,557 - INFO - Validation loss = 17.3
2023-04-24 11:27:37,656 - INFO - Epoch 91 training loss = 13.92
2023-04-24 11:27:37,744 - INFO - Epoch 92 training loss = 13.55
2023-04-24 11:27:37,831 - INFO - Epoch 93 training loss = 13.45
2023-04-24 11:27:37,918 - INFO - Epoch 94 training loss = 13.33
2023-04-24 11:27:38,006 - INFO - Epoch 95 training loss = 13.32
2023-04-24 11:27:38,094 - INFO - Epoch 96 training loss = 13.1
2023-04-24 11:27:38,183 - INFO - Epoch 97 training loss = 13.22
2023-04-24 11:27:38,319 - INFO - Epoch 98 training loss = 12.99
2023-04-24 11:27:38,406 - INFO - Epoch 99 training loss = 12.87
2023-04-24 11:27:38,492 - INFO - Epoch 100 training loss = 12.91
2023-04-24 11:27:38,507 - INFO - Validation loss = 16.96
2023-04-24 11:27:38,603 - INFO - Epoch 101 training loss = 12.71
2023-04-24 11:27:38,693 - INFO - Epoch 102 training loss = 12.64
2023-04-24 11:27:38,780 - INFO - Epoch 103 training loss = 12.67
2023-04-24 11:27:38,867 - INFO - Epoch 104 training loss = 12.35
2023-04-24 11:27:38,954 - INFO - Epoch 105 training loss = 12.31
2023-04-24 11:27:39,041 - INFO - Epoch 106 training loss = 12.29
2023-04-24 11:27:39,129 - INFO - Epoch 107 training loss = 12.28
2023-04-24 11:27:39,215 - INFO - Epoch 108 training loss = 12.16
2023-04-24 11:27:39,303 - INFO - Epoch 109 training loss = 12.18
2023-04-24 11:27:39,390 - INFO - Epoch 110 training loss = 12.12
2023-04-24 11:27:39,404 - INFO - Validation loss = 17.11
2023-04-24 11:27:39,491 - INFO - Epoch 111 training loss = 12.04
2023-04-24 11:27:39,578 - INFO - Epoch 112 training loss = 11.94
2023-04-24 11:27:39,668 - INFO - Epoch 113 training loss = 11.96
2023-04-24 11:27:39,755 - INFO - Epoch 114 training loss = 11.7
2023-04-24 11:27:39,842 - INFO - Epoch 115 training loss = 11.7
2023-04-24 11:27:39,929 - INFO - Epoch 116 training loss = 11.61
2023-04-24 11:27:40,015 - INFO - Epoch 117 training loss = 11.68
2023-04-24 11:27:40,102 - INFO - Epoch 118 training loss = 11.65
2023-04-24 11:27:40,188 - INFO - Epoch 119 training loss = 11.44
2023-04-24 11:27:40,275 - INFO - Epoch 120 training loss = 11.33
2023-04-24 11:27:40,289 - INFO - Validation loss = 15.22
2023-04-24 11:27:40,385 - INFO - Epoch 121 training loss = 11.47
2023-04-24 11:27:40,472 - INFO - Epoch 122 training loss = 11.47
2023-04-24 11:27:40,559 - INFO - Epoch 123 training loss = 11.25
2023-04-24 11:27:40,646 - INFO - Epoch 124 training loss = 11.09
2023-04-24 11:27:40,782 - INFO - Epoch 125 training loss = 11.16
2023-04-24 11:27:40,868 - INFO - Epoch 126 training loss = 11.12
2023-04-24 11:27:40,955 - INFO - Epoch 127 training loss = 11.03
2023-04-24 11:27:41,042 - INFO - Epoch 128 training loss = 10.85
2023-04-24 11:27:41,129 - INFO - Epoch 129 training loss = 10.82
2023-04-24 11:27:41,216 - INFO - Epoch 130 training loss = 11.04
2023-04-24 11:27:41,230 - INFO - Validation loss = 15.09
2023-04-24 11:27:41,326 - INFO - Epoch 131 training loss = 11.01
2023-04-24 11:27:41,413 - INFO - Epoch 132 training loss = 10.69
2023-04-24 11:27:41,501 - INFO - Epoch 133 training loss = 10.54
2023-04-24 11:27:41,589 - INFO - Epoch 134 training loss = 10.81
2023-04-24 11:27:41,678 - INFO - Epoch 135 training loss = 10.6
2023-04-24 11:27:41,768 - INFO - Epoch 136 training loss = 10.55
2023-04-24 11:27:41,855 - INFO - Epoch 137 training loss = 10.45
2023-04-24 11:27:41,942 - INFO - Epoch 138 training loss = 10.61
2023-04-24 11:27:42,029 - INFO - Epoch 139 training loss = 10.61
2023-04-24 11:27:42,117 - INFO - Epoch 140 training loss = 10.39
2023-04-24 11:27:42,132 - INFO - Validation loss = 14.83
2023-04-24 11:27:42,230 - INFO - Epoch 141 training loss = 10.41
2023-04-24 11:27:42,319 - INFO - Epoch 142 training loss = 10.35
2023-04-24 11:27:42,406 - INFO - Epoch 143 training loss = 10.24
2023-04-24 11:27:42,493 - INFO - Epoch 144 training loss = 10.15
2023-04-24 11:27:42,580 - INFO - Epoch 145 training loss = 10.45
2023-04-24 11:27:42,667 - INFO - Epoch 146 training loss = 9.968
2023-04-24 11:27:42,751 - INFO - Epoch 147 training loss = 10.25
2023-04-24 11:27:42,836 - INFO - Epoch 148 training loss = 10.08
2023-04-24 11:27:42,923 - INFO - Epoch 149 training loss = 10.2
2023-04-24 11:27:43,010 - INFO - Epoch 150 training loss = 9.998
2023-04-24 11:27:43,025 - INFO - Validation loss = 14.34
2023-04-24 11:27:43,122 - INFO - Epoch 151 training loss = 9.802
2023-04-24 11:27:43,261 - INFO - Epoch 152 training loss = 9.85
2023-04-24 11:27:43,350 - INFO - Epoch 153 training loss = 10.01
2023-04-24 11:27:43,439 - INFO - Epoch 154 training loss = 9.781
2023-04-24 11:27:43,529 - INFO - Epoch 155 training loss = 9.853
2023-04-24 11:27:43,619 - INFO - Epoch 156 training loss = 9.804
2023-04-24 11:27:43,709 - INFO - Epoch 157 training loss = 9.653
2023-04-24 11:27:43,798 - INFO - Epoch 158 training loss = 9.632
2023-04-24 11:27:43,885 - INFO - Epoch 159 training loss = 9.581
2023-04-24 11:27:43,972 - INFO - Epoch 160 training loss = 9.593
2023-04-24 11:27:43,986 - INFO - Validation loss = 14.06
2023-04-24 11:27:44,081 - INFO - Epoch 161 training loss = 9.493
2023-04-24 11:27:44,170 - INFO - Epoch 162 training loss = 9.533
2023-04-24 11:27:44,256 - INFO - Epoch 163 training loss = 9.53
2023-04-24 11:27:44,343 - INFO - Epoch 164 training loss = 9.425
2023-04-24 11:27:44,429 - INFO - Epoch 165 training loss = 9.473
2023-04-24 11:27:44,516 - INFO - Epoch 166 training loss = 9.502
2023-04-24 11:27:44,603 - INFO - Epoch 167 training loss = 9.262
2023-04-24 11:27:44,692 - INFO - Epoch 168 training loss = 9.176
2023-04-24 11:27:44,779 - INFO - Epoch 169 training loss = 9.381
2023-04-24 11:27:44,866 - INFO - Epoch 170 training loss = 9.424
2023-04-24 11:27:44,880 - INFO - Validation loss = 13.94
2023-04-24 11:27:44,974 - INFO - Epoch 171 training loss = 9.169
2023-04-24 11:27:45,060 - INFO - Epoch 172 training loss = 9.262
2023-04-24 11:27:45,146 - INFO - Epoch 173 training loss = 9.231
2023-04-24 11:27:45,232 - INFO - Epoch 174 training loss = 9.117
2023-04-24 11:27:45,320 - INFO - Epoch 175 training loss = 9.191
2023-04-24 11:27:45,407 - INFO - Epoch 176 training loss = 9.033
2023-04-24 11:27:45,493 - INFO - Epoch 177 training loss = 9.155
2023-04-24 11:27:45,580 - INFO - Epoch 178 training loss = 8.888
2023-04-24 11:27:45,668 - INFO - Epoch 179 training loss = 8.932
2023-04-24 11:27:45,803 - INFO - Epoch 180 training loss = 8.916
2023-04-24 11:27:45,817 - INFO - Validation loss = 13.7
2023-04-24 11:27:45,912 - INFO - Epoch 181 training loss = 8.867
2023-04-24 11:27:45,997 - INFO - Epoch 182 training loss = 8.819
2023-04-24 11:27:46,084 - INFO - Epoch 183 training loss = 8.863
2023-04-24 11:27:46,172 - INFO - Epoch 184 training loss = 8.909
2023-04-24 11:27:46,259 - INFO - Epoch 185 training loss = 8.741
2023-04-24 11:27:46,344 - INFO - Epoch 186 training loss = 8.899
2023-04-24 11:27:46,431 - INFO - Epoch 187 training loss = 8.784
2023-04-24 11:27:46,517 - INFO - Epoch 188 training loss = 8.574
2023-04-24 11:27:46,606 - INFO - Epoch 189 training loss = 8.685
2023-04-24 11:27:46,692 - INFO - Epoch 190 training loss = 8.721
2023-04-24 11:27:46,707 - INFO - Validation loss = 13.56
2023-04-24 11:27:46,802 - INFO - Epoch 191 training loss = 8.68
2023-04-24 11:27:46,887 - INFO - Epoch 192 training loss = 8.568
2023-04-24 11:27:46,973 - INFO - Epoch 193 training loss = 8.534
2023-04-24 11:27:47,058 - INFO - Epoch 194 training loss = 8.607
2023-04-24 11:27:47,144 - INFO - Epoch 195 training loss = 8.517
2023-04-24 11:27:47,230 - INFO - Epoch 196 training loss = 8.477
2023-04-24 11:27:47,316 - INFO - Epoch 197 training loss = 8.516
2023-04-24 11:27:47,402 - INFO - Epoch 198 training loss = 8.523
2023-04-24 11:27:47,487 - INFO - Epoch 199 training loss = 8.41
2023-04-24 11:27:47,574 - INFO - Epoch 200 training loss = 8.391
2023-04-24 11:27:47,589 - INFO - Validation loss = 13.29
2023-04-24 11:27:47,682 - INFO - Epoch 201 training loss = 8.485
2023-04-24 11:27:47,771 - INFO - Epoch 202 training loss = 8.346
2023-04-24 11:27:47,858 - INFO - Epoch 203 training loss = 8.368
2023-04-24 11:27:47,944 - INFO - Epoch 204 training loss = 8.342
2023-04-24 11:27:48,030 - INFO - Epoch 205 training loss = 8.339
2023-04-24 11:27:48,116 - INFO - Epoch 206 training loss = 8.204
2023-04-24 11:27:48,252 - INFO - Epoch 207 training loss = 8.279
2023-04-24 11:27:48,337 - INFO - Epoch 208 training loss = 8.265
2023-04-24 11:27:48,423 - INFO - Epoch 209 training loss = 8.143
2023-04-24 11:27:48,507 - INFO - Epoch 210 training loss = 8.299
2023-04-24 11:27:48,521 - INFO - Validation loss = 13.36
2023-04-24 11:27:48,605 - INFO - Epoch 211 training loss = 8.044
2023-04-24 11:27:48,691 - INFO - Epoch 212 training loss = 8.146
2023-04-24 11:27:48,778 - INFO - Epoch 213 training loss = 8.096
2023-04-24 11:27:48,864 - INFO - Epoch 214 training loss = 8.226
2023-04-24 11:27:48,950 - INFO - Epoch 215 training loss = 8.105
2023-04-24 11:27:49,036 - INFO - Epoch 216 training loss = 8.034
2023-04-24 11:27:49,123 - INFO - Epoch 217 training loss = 8.097
2023-04-24 11:27:49,211 - INFO - Epoch 218 training loss = 8.077
2023-04-24 11:27:49,297 - INFO - Epoch 219 training loss = 7.908
2023-04-24 11:27:49,383 - INFO - Epoch 220 training loss = 8.019
2023-04-24 11:27:49,397 - INFO - Validation loss = 13.33
2023-04-24 11:27:49,484 - INFO - Epoch 221 training loss = 8.016
2023-04-24 11:27:49,570 - INFO - Epoch 222 training loss = 7.929
2023-04-24 11:27:49,656 - INFO - Epoch 223 training loss = 7.858
2023-04-24 11:27:49,742 - INFO - Epoch 224 training loss = 7.931
2023-04-24 11:27:49,828 - INFO - Epoch 225 training loss = 7.94
2023-04-24 11:27:49,913 - INFO - Epoch 226 training loss = 7.848
2023-04-24 11:27:49,999 - INFO - Epoch 227 training loss = 7.837
2023-04-24 11:27:50,085 - INFO - Epoch 228 training loss = 7.758
2023-04-24 11:27:50,174 - INFO - Epoch 229 training loss = 7.939
2023-04-24 11:27:50,260 - INFO - Epoch 230 training loss = 7.747
2023-04-24 11:27:50,274 - INFO - Validation loss = 12.98
2023-04-24 11:27:50,368 - INFO - Epoch 231 training loss = 7.725
2023-04-24 11:27:50,454 - INFO - Epoch 232 training loss = 7.725
2023-04-24 11:27:50,538 - INFO - Epoch 233 training loss = 7.742
2023-04-24 11:27:50,670 - INFO - Epoch 234 training loss = 7.722
2023-04-24 11:27:50,756 - INFO - Epoch 235 training loss = 7.751
2023-04-24 11:27:50,843 - INFO - Epoch 236 training loss = 7.66
2023-04-24 11:27:50,929 - INFO - Epoch 237 training loss = 7.751
2023-04-24 11:27:51,016 - INFO - Epoch 238 training loss = 7.616
2023-04-24 11:27:51,103 - INFO - Epoch 239 training loss = 7.64
2023-04-24 11:27:51,188 - INFO - Epoch 240 training loss = 7.607
2023-04-24 11:27:51,202 - INFO - Validation loss = 12.74
2023-04-24 11:27:51,293 - INFO - Epoch 241 training loss = 7.557
2023-04-24 11:27:51,377 - INFO - Epoch 242 training loss = 7.623
2023-04-24 11:27:51,461 - INFO - Epoch 243 training loss = 7.581
2023-04-24 11:27:51,548 - INFO - Epoch 244 training loss = 7.496
2023-04-24 11:27:51,637 - INFO - Epoch 245 training loss = 7.556
2023-04-24 11:27:51,726 - INFO - Epoch 246 training loss = 7.482
2023-04-24 11:27:51,815 - INFO - Epoch 247 training loss = 7.43
2023-04-24 11:27:51,903 - INFO - Epoch 248 training loss = 7.455
2023-04-24 11:27:51,991 - INFO - Epoch 249 training loss = 7.451
2023-04-24 11:27:52,078 - INFO - Epoch 250 training loss = 7.445
2023-04-24 11:27:52,093 - INFO - Validation loss = 12.87
2023-04-24 11:27:52,180 - INFO - Epoch 251 training loss = 7.382
2023-04-24 11:27:52,268 - INFO - Epoch 252 training loss = 7.405
2023-04-24 11:27:52,355 - INFO - Epoch 253 training loss = 7.402
2023-04-24 11:27:52,443 - INFO - Epoch 254 training loss = 7.383
2023-04-24 11:27:52,531 - INFO - Epoch 255 training loss = 7.332
2023-04-24 11:27:52,620 - INFO - Epoch 256 training loss = 7.275
2023-04-24 11:27:52,707 - INFO - Epoch 257 training loss = 7.35
2023-04-24 11:27:52,794 - INFO - Epoch 258 training loss = 7.271
2023-04-24 11:27:52,883 - INFO - Epoch 259 training loss = 7.281
2023-04-24 11:27:52,971 - INFO - Epoch 260 training loss = 7.308
2023-04-24 11:27:52,985 - INFO - Validation loss = 12.77
2023-04-24 11:27:53,124 - INFO - Epoch 261 training loss =  7.2
2023-04-24 11:27:53,212 - INFO - Epoch 262 training loss = 7.219
2023-04-24 11:27:53,300 - INFO - Epoch 263 training loss = 7.268
2023-04-24 11:27:53,388 - INFO - Epoch 264 training loss = 7.149
2023-04-24 11:27:53,476 - INFO - Epoch 265 training loss = 7.193
2023-04-24 11:27:53,565 - INFO - Epoch 266 training loss = 7.185
2023-04-24 11:27:53,651 - INFO - Epoch 267 training loss = 7.116
2023-04-24 11:27:53,737 - INFO - Epoch 268 training loss = 7.13
2023-04-24 11:27:53,825 - INFO - Epoch 269 training loss = 7.134
2023-04-24 11:27:53,912 - INFO - Epoch 270 training loss = 7.175
2023-04-24 11:27:53,927 - INFO - Validation loss = 12.62
2023-04-24 11:27:54,023 - INFO - Epoch 271 training loss = 7.067
2023-04-24 11:27:54,111 - INFO - Epoch 272 training loss = 7.078
2023-04-24 11:27:54,200 - INFO - Epoch 273 training loss = 7.057
2023-04-24 11:27:54,287 - INFO - Epoch 274 training loss = 7.089
2023-04-24 11:27:54,376 - INFO - Epoch 275 training loss = 7.065
2023-04-24 11:27:54,464 - INFO - Epoch 276 training loss = 7.044
2023-04-24 11:27:54,552 - INFO - Epoch 277 training loss = 7.024
2023-04-24 11:27:54,641 - INFO - Epoch 278 training loss = 6.993
2023-04-24 11:27:54,729 - INFO - Epoch 279 training loss = 7.042
2023-04-24 11:27:54,817 - INFO - Epoch 280 training loss = 7.011
2023-04-24 11:27:54,832 - INFO - Validation loss = 12.65
2023-04-24 11:27:54,921 - INFO - Epoch 281 training loss = 6.974
2023-04-24 11:27:55,010 - INFO - Epoch 282 training loss = 6.919
2023-04-24 11:27:55,099 - INFO - Epoch 283 training loss = 6.924
2023-04-24 11:27:55,188 - INFO - Epoch 284 training loss = 6.945
2023-04-24 11:27:55,277 - INFO - Epoch 285 training loss = 6.879
2023-04-24 11:27:55,365 - INFO - Epoch 286 training loss = 6.926
2023-04-24 11:27:55,454 - INFO - Epoch 287 training loss = 6.886
2023-04-24 11:27:55,592 - INFO - Epoch 288 training loss = 6.858
2023-04-24 11:27:55,680 - INFO - Epoch 289 training loss = 6.862
2023-04-24 11:27:55,769 - INFO - Epoch 290 training loss = 6.838
2023-04-24 11:27:55,783 - INFO - Validation loss = 12.63
2023-04-24 11:27:55,872 - INFO - Epoch 291 training loss = 6.879
2023-04-24 11:27:55,960 - INFO - Epoch 292 training loss = 6.805
2023-04-24 11:27:56,049 - INFO - Epoch 293 training loss = 6.783
2023-04-24 11:27:56,137 - INFO - Epoch 294 training loss = 6.826
2023-04-24 11:27:56,225 - INFO - Epoch 295 training loss = 6.872
2023-04-24 11:27:56,314 - INFO - Epoch 296 training loss = 6.762
2023-04-24 11:27:56,402 - INFO - Epoch 297 training loss = 6.726
2023-04-24 11:27:56,491 - INFO - Epoch 298 training loss = 6.772
2023-04-24 11:27:56,580 - INFO - Epoch 299 training loss = 6.713
2023-04-24 11:27:56,671 - INFO - Epoch 300 training loss = 6.703
2023-04-24 11:27:56,685 - INFO - Validation loss = 12.49
2023-04-24 11:27:56,781 - INFO - Epoch 301 training loss = 6.723
2023-04-24 11:27:56,869 - INFO - Epoch 302 training loss = 6.756
2023-04-24 11:27:56,958 - INFO - Epoch 303 training loss = 6.694
2023-04-24 11:27:57,046 - INFO - Epoch 304 training loss = 6.677
2023-04-24 11:27:57,134 - INFO - Epoch 305 training loss = 6.659
2023-04-24 11:27:57,223 - INFO - Epoch 306 training loss = 6.696
2023-04-24 11:27:57,312 - INFO - Epoch 307 training loss = 6.688
2023-04-24 11:27:57,400 - INFO - Epoch 308 training loss = 6.667
2023-04-24 11:27:57,489 - INFO - Epoch 309 training loss = 6.61
2023-04-24 11:27:57,577 - INFO - Epoch 310 training loss = 6.609
2023-04-24 11:27:57,592 - INFO - Validation loss = 12.47
2023-04-24 11:27:57,690 - INFO - Epoch 311 training loss = 6.61
2023-04-24 11:27:57,778 - INFO - Epoch 312 training loss = 6.571
2023-04-24 11:27:57,866 - INFO - Epoch 313 training loss = 6.594
2023-04-24 11:27:57,952 - INFO - Epoch 314 training loss = 6.586
2023-04-24 11:27:58,089 - INFO - Epoch 315 training loss = 6.553
2023-04-24 11:27:58,178 - INFO - Epoch 316 training loss = 6.577
2023-04-24 11:27:58,266 - INFO - Epoch 317 training loss = 6.52
2023-04-24 11:27:58,354 - INFO - Epoch 318 training loss = 6.502
2023-04-24 11:27:58,441 - INFO - Epoch 319 training loss = 6.504
2023-04-24 11:27:58,529 - INFO - Epoch 320 training loss = 6.507
2023-04-24 11:27:58,543 - INFO - Validation loss = 12.4
2023-04-24 11:27:58,639 - INFO - Epoch 321 training loss = 6.506
2023-04-24 11:27:58,727 - INFO - Epoch 322 training loss = 6.503
2023-04-24 11:27:58,812 - INFO - Epoch 323 training loss = 6.482
2023-04-24 11:27:58,895 - INFO - Epoch 324 training loss = 6.47
2023-04-24 11:27:58,984 - INFO - Epoch 325 training loss = 6.455
2023-04-24 11:27:59,072 - INFO - Epoch 326 training loss = 6.438
2023-04-24 11:27:59,160 - INFO - Epoch 327 training loss = 6.417
2023-04-24 11:27:59,248 - INFO - Epoch 328 training loss = 6.448
2023-04-24 11:27:59,336 - INFO - Epoch 329 training loss = 6.398
2023-04-24 11:27:59,424 - INFO - Epoch 330 training loss = 6.42
2023-04-24 11:27:59,438 - INFO - Validation loss = 12.47
2023-04-24 11:27:59,526 - INFO - Epoch 331 training loss = 6.424
2023-04-24 11:27:59,614 - INFO - Epoch 332 training loss = 6.423
2023-04-24 11:27:59,702 - INFO - Epoch 333 training loss = 6.379
2023-04-24 11:27:59,790 - INFO - Epoch 334 training loss = 6.377
2023-04-24 11:27:59,878 - INFO - Epoch 335 training loss = 6.397
2023-04-24 11:27:59,966 - INFO - Epoch 336 training loss = 6.333
2023-04-24 11:28:00,054 - INFO - Epoch 337 training loss = 6.335
2023-04-24 11:28:00,142 - INFO - Epoch 338 training loss = 6.337
2023-04-24 11:28:00,230 - INFO - Epoch 339 training loss = 6.329
2023-04-24 11:28:00,317 - INFO - Epoch 340 training loss = 6.328
2023-04-24 11:28:00,332 - INFO - Validation loss = 12.34
2023-04-24 11:28:00,428 - INFO - Epoch 341 training loss = 6.322
2023-04-24 11:28:00,566 - INFO - Epoch 342 training loss = 6.291
2023-04-24 11:28:00,653 - INFO - Epoch 343 training loss =  6.3
2023-04-24 11:28:00,741 - INFO - Epoch 344 training loss = 6.305
2023-04-24 11:28:00,829 - INFO - Epoch 345 training loss = 6.262
2023-04-24 11:28:00,917 - INFO - Epoch 346 training loss = 6.288
2023-04-24 11:28:01,005 - INFO - Epoch 347 training loss = 6.256
2023-04-24 11:28:01,096 - INFO - Epoch 348 training loss = 6.28
2023-04-24 11:28:01,188 - INFO - Epoch 349 training loss = 6.245
2023-04-24 11:28:01,277 - INFO - Epoch 350 training loss = 6.246
2023-04-24 11:28:01,292 - INFO - Validation loss = 12.29
2023-04-24 11:28:01,391 - INFO - Epoch 351 training loss = 6.221
2023-04-24 11:28:01,484 - INFO - Epoch 352 training loss = 6.219
2023-04-24 11:28:01,574 - INFO - Epoch 353 training loss = 6.202
2023-04-24 11:28:01,667 - INFO - Epoch 354 training loss = 6.196
2023-04-24 11:28:01,759 - INFO - Epoch 355 training loss = 6.194
2023-04-24 11:28:01,854 - INFO - Epoch 356 training loss = 6.174
2023-04-24 11:28:01,951 - INFO - Epoch 357 training loss = 6.186
2023-04-24 11:28:02,048 - INFO - Epoch 358 training loss = 6.165
2023-04-24 11:28:02,146 - INFO - Epoch 359 training loss = 6.186
2023-04-24 11:28:02,240 - INFO - Epoch 360 training loss = 6.159
2023-04-24 11:28:02,255 - INFO - Validation loss = 12.25
2023-04-24 11:28:02,353 - INFO - Epoch 361 training loss = 6.143
2023-04-24 11:28:02,442 - INFO - Epoch 362 training loss = 6.15
2023-04-24 11:28:02,531 - INFO - Epoch 363 training loss = 6.138
2023-04-24 11:28:02,621 - INFO - Epoch 364 training loss = 6.132
2023-04-24 11:28:02,712 - INFO - Epoch 365 training loss = 6.099
2023-04-24 11:28:02,802 - INFO - Epoch 366 training loss = 6.122
2023-04-24 11:28:02,891 - INFO - Epoch 367 training loss = 6.108
2023-04-24 11:28:02,980 - INFO - Epoch 368 training loss = 6.117
2023-04-24 11:28:03,119 - INFO - Epoch 369 training loss = 6.07
2023-04-24 11:28:03,207 - INFO - Epoch 370 training loss = 6.091
2023-04-24 11:28:03,222 - INFO - Validation loss = 12.23
2023-04-24 11:28:03,320 - INFO - Epoch 371 training loss = 6.088
2023-04-24 11:28:03,409 - INFO - Epoch 372 training loss = 6.092
2023-04-24 11:28:03,498 - INFO - Epoch 373 training loss = 6.06
2023-04-24 11:28:03,587 - INFO - Epoch 374 training loss = 6.069
2023-04-24 11:28:03,676 - INFO - Epoch 375 training loss = 6.047
2023-04-24 11:28:03,765 - INFO - Epoch 376 training loss = 6.045
2023-04-24 11:28:03,854 - INFO - Epoch 377 training loss = 6.034
2023-04-24 11:28:03,942 - INFO - Epoch 378 training loss = 6.013
2023-04-24 11:28:04,030 - INFO - Epoch 379 training loss = 6.027
2023-04-24 11:28:04,120 - INFO - Epoch 380 training loss = 6.022
2023-04-24 11:28:04,135 - INFO - Validation loss = 12.24
2023-04-24 11:28:04,226 - INFO - Epoch 381 training loss = 6.016
2023-04-24 11:28:04,313 - INFO - Epoch 382 training loss = 5.994
2023-04-24 11:28:04,399 - INFO - Epoch 383 training loss = 5.995
2023-04-24 11:28:04,486 - INFO - Epoch 384 training loss = 5.996
2023-04-24 11:28:04,574 - INFO - Epoch 385 training loss = 6.011
2023-04-24 11:28:04,662 - INFO - Epoch 386 training loss = 5.979
2023-04-24 11:28:04,750 - INFO - Epoch 387 training loss = 5.968
2023-04-24 11:28:04,838 - INFO - Epoch 388 training loss = 5.957
2023-04-24 11:28:04,927 - INFO - Epoch 389 training loss = 5.962
2023-04-24 11:28:05,016 - INFO - Epoch 390 training loss = 5.952
2023-04-24 11:28:05,031 - INFO - Validation loss = 12.21
2023-04-24 11:28:05,131 - INFO - Epoch 391 training loss = 5.943
2023-04-24 11:28:05,221 - INFO - Epoch 392 training loss = 5.957
2023-04-24 11:28:05,311 - INFO - Epoch 393 training loss = 5.944
2023-04-24 11:28:05,399 - INFO - Epoch 394 training loss = 5.934
2023-04-24 11:28:05,488 - INFO - Epoch 395 training loss = 5.921
2023-04-24 11:28:05,576 - INFO - Epoch 396 training loss = 5.921
2023-04-24 11:28:05,716 - INFO - Epoch 397 training loss = 5.917
2023-04-24 11:28:05,805 - INFO - Epoch 398 training loss = 5.913
2023-04-24 11:28:05,895 - INFO - Epoch 399 training loss = 5.91
2023-04-24 11:28:05,984 - INFO - Epoch 400 training loss =  5.9
2023-04-24 11:28:05,999 - INFO - Validation loss = 12.19
2023-04-24 11:28:06,098 - INFO - Epoch 401 training loss = 5.901
2023-04-24 11:28:06,190 - INFO - Epoch 402 training loss = 5.893
2023-04-24 11:28:06,279 - INFO - Epoch 403 training loss = 5.882
2023-04-24 11:28:06,368 - INFO - Epoch 404 training loss = 5.877
2023-04-24 11:28:06,456 - INFO - Epoch 405 training loss = 5.883
2023-04-24 11:28:06,542 - INFO - Epoch 406 training loss = 5.882
2023-04-24 11:28:06,630 - INFO - Epoch 407 training loss = 5.856
2023-04-24 11:28:06,717 - INFO - Epoch 408 training loss = 5.851
2023-04-24 11:28:06,804 - INFO - Epoch 409 training loss = 5.856
2023-04-24 11:28:06,890 - INFO - Epoch 410 training loss = 5.845
2023-04-24 11:28:06,904 - INFO - Validation loss = 12.17
2023-04-24 11:28:07,001 - INFO - Epoch 411 training loss = 5.837
2023-04-24 11:28:07,090 - INFO - Epoch 412 training loss = 5.847
2023-04-24 11:28:07,177 - INFO - Epoch 413 training loss = 5.844
2023-04-24 11:28:07,263 - INFO - Epoch 414 training loss = 5.836
2023-04-24 11:28:07,350 - INFO - Epoch 415 training loss = 5.826
2023-04-24 11:28:07,437 - INFO - Epoch 416 training loss = 5.832
2023-04-24 11:28:07,523 - INFO - Epoch 417 training loss = 5.829
2023-04-24 11:28:07,609 - INFO - Epoch 418 training loss = 5.828
2023-04-24 11:28:07,696 - INFO - Epoch 419 training loss = 5.804
2023-04-24 11:28:07,784 - INFO - Epoch 420 training loss = 5.809
2023-04-24 11:28:07,798 - INFO - Validation loss = 12.18
2023-04-24 11:28:07,886 - INFO - Epoch 421 training loss = 5.807
2023-04-24 11:28:07,974 - INFO - Epoch 422 training loss = 5.797
2023-04-24 11:28:08,062 - INFO - Epoch 423 training loss = 5.802
2023-04-24 11:28:08,199 - INFO - Epoch 424 training loss = 5.789
2023-04-24 11:28:08,284 - INFO - Epoch 425 training loss = 5.777
2023-04-24 11:28:08,370 - INFO - Epoch 426 training loss = 5.787
2023-04-24 11:28:08,458 - INFO - Epoch 427 training loss = 5.784
2023-04-24 11:28:08,546 - INFO - Epoch 428 training loss = 5.777
2023-04-24 11:28:08,633 - INFO - Epoch 429 training loss = 5.775
2023-04-24 11:28:08,720 - INFO - Epoch 430 training loss = 5.769
2023-04-24 11:28:08,735 - INFO - Validation loss = 12.17
2023-04-24 11:28:08,831 - INFO - Epoch 431 training loss = 5.762
2023-04-24 11:28:08,919 - INFO - Epoch 432 training loss = 5.751
2023-04-24 11:28:09,006 - INFO - Epoch 433 training loss = 5.757
2023-04-24 11:28:09,092 - INFO - Epoch 434 training loss = 5.753
2023-04-24 11:28:09,180 - INFO - Epoch 435 training loss = 5.751
2023-04-24 11:28:09,265 - INFO - Epoch 436 training loss = 5.749
2023-04-24 11:28:09,350 - INFO - Epoch 437 training loss = 5.74
2023-04-24 11:28:09,436 - INFO - Epoch 438 training loss = 5.739
2023-04-24 11:28:09,521 - INFO - Epoch 439 training loss = 5.737
2023-04-24 11:28:09,606 - INFO - Epoch 440 training loss = 5.736
2023-04-24 11:28:09,621 - INFO - Validation loss = 12.13
2023-04-24 11:28:09,716 - INFO - Epoch 441 training loss = 5.729
2023-04-24 11:28:09,805 - INFO - Epoch 442 training loss = 5.725
2023-04-24 11:28:09,893 - INFO - Epoch 443 training loss = 5.727
2023-04-24 11:28:09,981 - INFO - Epoch 444 training loss = 5.719
2023-04-24 11:28:10,070 - INFO - Epoch 445 training loss = 5.722
2023-04-24 11:28:10,158 - INFO - Epoch 446 training loss = 5.708
2023-04-24 11:28:10,244 - INFO - Epoch 447 training loss = 5.714
2023-04-24 11:28:10,330 - INFO - Epoch 448 training loss = 5.709
2023-04-24 11:28:10,419 - INFO - Epoch 449 training loss = 5.712
2023-04-24 11:28:10,507 - INFO - Epoch 450 training loss =  5.7
2023-04-24 11:28:10,521 - INFO - Validation loss = 12.15
2023-04-24 11:28:10,656 - INFO - Epoch 451 training loss = 5.708
2023-04-24 11:28:10,743 - INFO - Epoch 452 training loss = 5.701
2023-04-24 11:28:10,829 - INFO - Epoch 453 training loss = 5.704
2023-04-24 11:28:10,915 - INFO - Epoch 454 training loss = 5.698
2023-04-24 11:28:11,001 - INFO - Epoch 455 training loss = 5.685
2023-04-24 11:28:11,088 - INFO - Epoch 456 training loss = 5.69
2023-04-24 11:28:11,177 - INFO - Epoch 457 training loss = 5.691
2023-04-24 11:28:11,265 - INFO - Epoch 458 training loss = 5.686
2023-04-24 11:28:11,351 - INFO - Epoch 459 training loss = 5.685
2023-04-24 11:28:11,437 - INFO - Epoch 460 training loss = 5.687
2023-04-24 11:28:11,451 - INFO - Validation loss = 12.13
2023-04-24 11:28:11,548 - INFO - Epoch 461 training loss = 5.679
2023-04-24 11:28:11,639 - INFO - Epoch 462 training loss = 5.674
2023-04-24 11:28:11,728 - INFO - Epoch 463 training loss = 5.679
2023-04-24 11:28:11,817 - INFO - Epoch 464 training loss = 5.673
2023-04-24 11:28:11,904 - INFO - Epoch 465 training loss = 5.675
2023-04-24 11:28:11,990 - INFO - Epoch 466 training loss = 5.671
2023-04-24 11:28:12,077 - INFO - Epoch 467 training loss = 5.668
2023-04-24 11:28:12,162 - INFO - Epoch 468 training loss = 5.67
2023-04-24 11:28:12,248 - INFO - Epoch 469 training loss = 5.666
2023-04-24 11:28:12,334 - INFO - Epoch 470 training loss = 5.664
2023-04-24 11:28:12,348 - INFO - Validation loss = 12.13
2023-04-24 11:28:12,445 - INFO - Epoch 471 training loss = 5.662
2023-04-24 11:28:12,532 - INFO - Epoch 472 training loss = 5.66
2023-04-24 11:28:12,620 - INFO - Epoch 473 training loss = 5.661
2023-04-24 11:28:12,708 - INFO - Epoch 474 training loss = 5.652
2023-04-24 11:28:12,798 - INFO - Epoch 475 training loss = 5.658
2023-04-24 11:28:12,886 - INFO - Epoch 476 training loss = 5.65
2023-04-24 11:28:12,974 - INFO - Epoch 477 training loss = 5.654
2023-04-24 11:28:13,112 - INFO - Epoch 478 training loss = 5.656
2023-04-24 11:28:13,200 - INFO - Epoch 479 training loss = 5.652
2023-04-24 11:28:13,285 - INFO - Epoch 480 training loss = 5.654
2023-04-24 11:28:13,300 - INFO - Validation loss = 12.12
2023-04-24 11:28:13,395 - INFO - Epoch 481 training loss = 5.651
2023-04-24 11:28:13,483 - INFO - Epoch 482 training loss = 5.644
2023-04-24 11:28:13,569 - INFO - Epoch 483 training loss = 5.646
2023-04-24 11:28:13,655 - INFO - Epoch 484 training loss = 5.649
2023-04-24 11:28:13,741 - INFO - Epoch 485 training loss = 5.643
2023-04-24 11:28:13,828 - INFO - Epoch 486 training loss = 5.641
2023-04-24 11:28:13,916 - INFO - Epoch 487 training loss = 5.639
2023-04-24 11:28:14,003 - INFO - Epoch 488 training loss = 5.64
2023-04-24 11:28:14,089 - INFO - Epoch 489 training loss = 5.644
2023-04-24 11:28:14,177 - INFO - Epoch 490 training loss = 5.637
2023-04-24 11:28:14,191 - INFO - Validation loss = 12.12
2023-04-24 11:28:14,287 - INFO - Epoch 491 training loss = 5.645
2023-04-24 11:28:14,372 - INFO - Epoch 492 training loss = 5.642
2023-04-24 11:28:14,460 - INFO - Epoch 493 training loss = 5.643
2023-04-24 11:28:14,547 - INFO - Epoch 494 training loss = 5.636
2023-04-24 11:28:14,635 - INFO - Epoch 495 training loss = 5.631
2023-04-24 11:28:14,723 - INFO - Epoch 496 training loss = 5.636
2023-04-24 11:28:14,811 - INFO - Epoch 497 training loss = 5.639
2023-04-24 11:28:14,899 - INFO - Epoch 498 training loss = 5.637
2023-04-24 11:28:14,985 - INFO - Epoch 499 training loss = 5.633
2023-04-24 11:28:14,999 - INFO - Validation loss = 12.12
