2023-04-24 10:53:53,091 - INFO - Config:
Namespace(config='configs/implicit_mlp.yaml', dir='/user/delden/acoustics/spp_ai_acoustics/acousticNN/experiments/arch/no_encoding/implicitmlp', epochs=100, device='cuda', parameter_list='configs/data.yaml')
2023-04-24 10:53:53,091 - INFO - Config:
Munch({'optimizer': Munch({'type': 'AdamW', 'kwargs': Munch({'lr': 0.001, 'weight_decay': 0.005, 'betas': [0.9, 0.95]})}), 'scheduler': Munch({'type': 'CosLR', 'kwargs': Munch({'epochs': 500, 'initial_epochs': 25})}), 'model': Munch({'name': 'ImplicitMLP', 'input_encoding': False, 'encoding_dim': 16, 'embed_dim': 16}), 'generation_frequency': 1000, 'validation_frequency': 10, 'batch_size': 16, 'epochs': 500, 'gradient_clip': 10})
2023-04-24 10:54:06,336 - INFO - Epoch 0 training loss = 4.09e+03
2023-04-24 10:54:06,363 - INFO - Validation loss = 3.824e+03
2023-04-24 10:54:06,913 - INFO - Epoch 1 training loss = 3.459e+03
2023-04-24 10:54:07,443 - INFO - Epoch 2 training loss = 826.3
2023-04-24 10:54:07,969 - INFO - Epoch 3 training loss = 227.2
2023-04-24 10:54:08,500 - INFO - Epoch 4 training loss = 145.2
2023-04-24 10:54:09,024 - INFO - Epoch 5 training loss = 112.4
2023-04-24 10:54:09,551 - INFO - Epoch 6 training loss = 102.1
2023-04-24 10:54:10,084 - INFO - Epoch 7 training loss = 93.7
2023-04-24 10:54:10,611 - INFO - Epoch 8 training loss = 84.88
2023-04-24 10:54:11,139 - INFO - Epoch 9 training loss = 76.03
2023-04-24 10:54:11,674 - INFO - Epoch 10 training loss = 66.36
2023-04-24 10:54:11,699 - INFO - Validation loss = 61.98
2023-04-24 10:54:12,236 - INFO - Epoch 11 training loss = 57.04
2023-04-24 10:54:12,769 - INFO - Epoch 12 training loss = 49.42
2023-04-24 10:54:13,303 - INFO - Epoch 13 training loss = 43.38
2023-04-24 10:54:13,842 - INFO - Epoch 14 training loss = 38.68
2023-04-24 10:54:14,377 - INFO - Epoch 15 training loss = 35.81
2023-04-24 10:54:14,913 - INFO - Epoch 16 training loss = 32.63
2023-04-24 10:54:15,446 - INFO - Epoch 17 training loss = 30.01
2023-04-24 10:54:15,980 - INFO - Epoch 18 training loss = 28.36
2023-04-24 10:54:16,514 - INFO - Epoch 19 training loss = 27.82
2023-04-24 10:54:17,042 - INFO - Epoch 20 training loss = 25.55
2023-04-24 10:54:17,067 - INFO - Validation loss = 25.25
2023-04-24 10:54:17,609 - INFO - Epoch 21 training loss = 23.87
2023-04-24 10:54:18,138 - INFO - Epoch 22 training loss = 23.16
2023-04-24 10:54:18,693 - INFO - Epoch 23 training loss = 21.81
2023-04-24 10:54:19,241 - INFO - Epoch 24 training loss = 20.64
2023-04-24 10:54:19,797 - INFO - Epoch 25 training loss = 20.12
2023-04-24 10:54:20,348 - INFO - Epoch 26 training loss = 19.3
2023-04-24 10:54:20,899 - INFO - Epoch 27 training loss = 18.98
2023-04-24 10:54:21,449 - INFO - Epoch 28 training loss = 17.27
2023-04-24 10:54:21,999 - INFO - Epoch 29 training loss = 17.25
2023-04-24 10:54:22,532 - INFO - Epoch 30 training loss = 15.91
2023-04-24 10:54:22,558 - INFO - Validation loss = 16.73
2023-04-24 10:54:23,093 - INFO - Epoch 31 training loss = 16.23
2023-04-24 10:54:23,642 - INFO - Epoch 32 training loss = 15.06
2023-04-24 10:54:24,190 - INFO - Epoch 33 training loss = 14.21
2023-04-24 10:54:24,734 - INFO - Epoch 34 training loss = 14.1
2023-04-24 10:54:25,268 - INFO - Epoch 35 training loss = 14.1
2023-04-24 10:54:25,803 - INFO - Epoch 36 training loss = 13.35
2023-04-24 10:54:26,334 - INFO - Epoch 37 training loss = 13.17
2023-04-24 10:54:26,870 - INFO - Epoch 38 training loss = 13.13
2023-04-24 10:54:27,401 - INFO - Epoch 39 training loss = 12.76
2023-04-24 10:54:27,933 - INFO - Epoch 40 training loss = 11.82
2023-04-24 10:54:27,958 - INFO - Validation loss = 11.34
2023-04-24 10:54:28,500 - INFO - Epoch 41 training loss = 11.8
2023-04-24 10:54:29,030 - INFO - Epoch 42 training loss = 11.9
2023-04-24 10:54:29,565 - INFO - Epoch 43 training loss = 11.57
2023-04-24 10:54:30,098 - INFO - Epoch 44 training loss = 11.05
2023-04-24 10:54:30,631 - INFO - Epoch 45 training loss = 10.94
2023-04-24 10:54:31,161 - INFO - Epoch 46 training loss = 10.82
2023-04-24 10:54:31,690 - INFO - Epoch 47 training loss = 10.59
2023-04-24 10:54:32,219 - INFO - Epoch 48 training loss = 10.34
2023-04-24 10:54:32,757 - INFO - Epoch 49 training loss = 10.63
2023-04-24 10:54:33,288 - INFO - Epoch 50 training loss = 9.92
2023-04-24 10:54:33,314 - INFO - Validation loss = 13.56
2023-04-24 10:54:33,850 - INFO - Epoch 51 training loss = 10.09
2023-04-24 10:54:34,380 - INFO - Epoch 52 training loss = 9.681
2023-04-24 10:54:34,912 - INFO - Epoch 53 training loss = 9.684
2023-04-24 10:54:35,444 - INFO - Epoch 54 training loss = 9.357
2023-04-24 10:54:35,976 - INFO - Epoch 55 training loss = 9.451
2023-04-24 10:54:36,506 - INFO - Epoch 56 training loss = 9.393
2023-04-24 10:54:37,035 - INFO - Epoch 57 training loss = 9.42
2023-04-24 10:54:37,564 - INFO - Epoch 58 training loss = 9.112
2023-04-24 10:54:38,091 - INFO - Epoch 59 training loss = 9.113
2023-04-24 10:54:38,627 - INFO - Epoch 60 training loss = 8.642
2023-04-24 10:54:38,652 - INFO - Validation loss = 9.627
2023-04-24 10:54:39,182 - INFO - Epoch 61 training loss = 8.733
2023-04-24 10:54:39,713 - INFO - Epoch 62 training loss = 8.52
2023-04-24 10:54:40,243 - INFO - Epoch 63 training loss = 8.438
2023-04-24 10:54:40,775 - INFO - Epoch 64 training loss = 8.383
2023-04-24 10:54:41,304 - INFO - Epoch 65 training loss = 8.691
2023-04-24 10:54:41,830 - INFO - Epoch 66 training loss = 8.352
2023-04-24 10:54:42,354 - INFO - Epoch 67 training loss = 8.219
2023-04-24 10:54:42,890 - INFO - Epoch 68 training loss = 8.046
2023-04-24 10:54:43,427 - INFO - Epoch 69 training loss = 8.214
2023-04-24 10:54:43,961 - INFO - Epoch 70 training loss = 8.064
2023-04-24 10:54:43,986 - INFO - Validation loss = 10.54
2023-04-24 10:54:44,516 - INFO - Epoch 71 training loss = 7.777
2023-04-24 10:54:45,046 - INFO - Epoch 72 training loss = 7.897
2023-04-24 10:54:45,583 - INFO - Epoch 73 training loss = 7.802
2023-04-24 10:54:46,117 - INFO - Epoch 74 training loss = 7.616
2023-04-24 10:54:46,652 - INFO - Epoch 75 training loss = 7.573
2023-04-24 10:54:47,185 - INFO - Epoch 76 training loss = 7.631
2023-04-24 10:54:47,716 - INFO - Epoch 77 training loss = 7.595
2023-04-24 10:54:48,258 - INFO - Epoch 78 training loss = 7.593
2023-04-24 10:54:48,803 - INFO - Epoch 79 training loss = 7.496
2023-04-24 10:54:49,338 - INFO - Epoch 80 training loss = 7.21
2023-04-24 10:54:49,363 - INFO - Validation loss = 7.838
2023-04-24 10:54:49,907 - INFO - Epoch 81 training loss = 7.181
2023-04-24 10:54:50,441 - INFO - Epoch 82 training loss = 7.351
2023-04-24 10:54:50,976 - INFO - Epoch 83 training loss = 7.131
2023-04-24 10:54:51,515 - INFO - Epoch 84 training loss = 7.15
2023-04-24 10:54:52,048 - INFO - Epoch 85 training loss = 7.114
2023-04-24 10:54:52,581 - INFO - Epoch 86 training loss = 6.862
2023-04-24 10:54:53,115 - INFO - Epoch 87 training loss = 7.132
2023-04-24 10:54:53,657 - INFO - Epoch 88 training loss = 6.937
2023-04-24 10:54:54,189 - INFO - Epoch 89 training loss = 6.969
2023-04-24 10:54:54,722 - INFO - Epoch 90 training loss = 6.817
2023-04-24 10:54:54,748 - INFO - Validation loss = 7.822
2023-04-24 10:54:55,284 - INFO - Epoch 91 training loss = 6.68
2023-04-24 10:54:55,818 - INFO - Epoch 92 training loss = 6.534
2023-04-24 10:54:56,347 - INFO - Epoch 93 training loss = 6.688
2023-04-24 10:54:56,898 - INFO - Epoch 94 training loss = 6.625
2023-04-24 10:54:57,447 - INFO - Epoch 95 training loss = 6.675
2023-04-24 10:54:57,999 - INFO - Epoch 96 training loss = 6.47
2023-04-24 10:54:58,557 - INFO - Epoch 97 training loss = 6.471
2023-04-24 10:54:59,093 - INFO - Epoch 98 training loss = 6.454
2023-04-24 10:54:59,625 - INFO - Epoch 99 training loss = 6.618
2023-04-24 10:55:00,161 - INFO - Epoch 100 training loss = 6.37
2023-04-24 10:55:00,187 - INFO - Validation loss = 8.095
2023-04-24 10:55:00,727 - INFO - Epoch 101 training loss = 6.301
2023-04-24 10:55:01,260 - INFO - Epoch 102 training loss = 6.26
2023-04-24 10:55:01,796 - INFO - Epoch 103 training loss = 6.362
2023-04-24 10:55:02,328 - INFO - Epoch 104 training loss = 6.555
2023-04-24 10:55:02,857 - INFO - Epoch 105 training loss = 6.381
2023-04-24 10:55:03,392 - INFO - Epoch 106 training loss = 6.13
2023-04-24 10:55:03,926 - INFO - Epoch 107 training loss = 6.127
2023-04-24 10:55:04,461 - INFO - Epoch 108 training loss = 6.275
2023-04-24 10:55:04,993 - INFO - Epoch 109 training loss = 6.168
2023-04-24 10:55:05,534 - INFO - Epoch 110 training loss = 6.141
2023-04-24 10:55:05,559 - INFO - Validation loss = 7.028
2023-04-24 10:55:06,119 - INFO - Epoch 111 training loss = 6.108
2023-04-24 10:55:06,670 - INFO - Epoch 112 training loss = 6.255
2023-04-24 10:55:07,227 - INFO - Epoch 113 training loss = 5.933
2023-04-24 10:55:07,755 - INFO - Epoch 114 training loss = 6.094
2023-04-24 10:55:08,285 - INFO - Epoch 115 training loss = 6.026
2023-04-24 10:55:08,821 - INFO - Epoch 116 training loss = 6.041
2023-04-24 10:55:09,354 - INFO - Epoch 117 training loss = 6.007
2023-04-24 10:55:09,889 - INFO - Epoch 118 training loss = 5.885
2023-04-24 10:55:10,420 - INFO - Epoch 119 training loss = 6.033
2023-04-24 10:55:10,949 - INFO - Epoch 120 training loss = 5.835
2023-04-24 10:55:10,975 - INFO - Validation loss = 7.288
2023-04-24 10:55:11,507 - INFO - Epoch 121 training loss = 5.642
2023-04-24 10:55:12,037 - INFO - Epoch 122 training loss = 5.645
2023-04-24 10:55:12,572 - INFO - Epoch 123 training loss = 5.774
2023-04-24 10:55:13,104 - INFO - Epoch 124 training loss = 5.74
2023-04-24 10:55:13,641 - INFO - Epoch 125 training loss = 5.837
2023-04-24 10:55:14,171 - INFO - Epoch 126 training loss = 5.816
2023-04-24 10:55:14,708 - INFO - Epoch 127 training loss = 5.63
2023-04-24 10:55:15,238 - INFO - Epoch 128 training loss = 5.482
2023-04-24 10:55:15,773 - INFO - Epoch 129 training loss = 5.63
2023-04-24 10:55:16,303 - INFO - Epoch 130 training loss = 5.439
2023-04-24 10:55:16,328 - INFO - Validation loss = 6.883
2023-04-24 10:55:16,869 - INFO - Epoch 131 training loss = 5.569
2023-04-24 10:55:17,398 - INFO - Epoch 132 training loss = 5.618
2023-04-24 10:55:17,932 - INFO - Epoch 133 training loss = 5.444
2023-04-24 10:55:18,464 - INFO - Epoch 134 training loss = 5.479
2023-04-24 10:55:18,995 - INFO - Epoch 135 training loss = 5.515
2023-04-24 10:55:19,537 - INFO - Epoch 136 training loss = 5.423
2023-04-24 10:55:20,089 - INFO - Epoch 137 training loss = 5.361
2023-04-24 10:55:20,627 - INFO - Epoch 138 training loss = 5.239
2023-04-24 10:55:21,156 - INFO - Epoch 139 training loss = 5.389
2023-04-24 10:55:21,691 - INFO - Epoch 140 training loss = 5.263
2023-04-24 10:55:21,716 - INFO - Validation loss = 6.81
2023-04-24 10:55:22,257 - INFO - Epoch 141 training loss = 5.271
2023-04-24 10:55:22,786 - INFO - Epoch 142 training loss = 5.195
2023-04-24 10:55:23,318 - INFO - Epoch 143 training loss = 5.265
2023-04-24 10:55:23,852 - INFO - Epoch 144 training loss = 5.335
2023-04-24 10:55:24,380 - INFO - Epoch 145 training loss = 5.319
2023-04-24 10:55:24,908 - INFO - Epoch 146 training loss = 5.193
2023-04-24 10:55:25,438 - INFO - Epoch 147 training loss = 5.119
2023-04-24 10:55:25,965 - INFO - Epoch 148 training loss = 5.192
2023-04-24 10:55:26,493 - INFO - Epoch 149 training loss = 5.196
2023-04-24 10:55:27,025 - INFO - Epoch 150 training loss = 5.097
2023-04-24 10:55:27,050 - INFO - Validation loss = 6.439
2023-04-24 10:55:27,581 - INFO - Epoch 151 training loss = 5.135
2023-04-24 10:55:28,113 - INFO - Epoch 152 training loss = 5.058
2023-04-24 10:55:28,650 - INFO - Epoch 153 training loss = 5.069
2023-04-24 10:55:29,175 - INFO - Epoch 154 training loss = 5.034
2023-04-24 10:55:29,702 - INFO - Epoch 155 training loss = 4.999
2023-04-24 10:55:30,228 - INFO - Epoch 156 training loss = 5.097
2023-04-24 10:55:30,762 - INFO - Epoch 157 training loss = 4.94
2023-04-24 10:55:31,290 - INFO - Epoch 158 training loss = 4.982
2023-04-24 10:55:31,819 - INFO - Epoch 159 training loss = 5.027
2023-04-24 10:55:32,392 - INFO - Epoch 160 training loss = 4.986
2023-04-24 10:55:32,418 - INFO - Validation loss = 7.449
2023-04-24 10:55:32,969 - INFO - Epoch 161 training loss = 5.045
2023-04-24 10:55:33,522 - INFO - Epoch 162 training loss = 4.831
2023-04-24 10:55:34,065 - INFO - Epoch 163 training loss = 4.885
2023-04-24 10:55:34,614 - INFO - Epoch 164 training loss = 4.879
2023-04-24 10:55:35,164 - INFO - Epoch 165 training loss = 4.766
2023-04-24 10:55:35,716 - INFO - Epoch 166 training loss = 4.828
2023-04-24 10:55:36,267 - INFO - Epoch 167 training loss = 4.896
2023-04-24 10:55:36,799 - INFO - Epoch 168 training loss = 4.878
2023-04-24 10:55:37,325 - INFO - Epoch 169 training loss = 4.86
2023-04-24 10:55:37,853 - INFO - Epoch 170 training loss = 4.698
2023-04-24 10:55:37,878 - INFO - Validation loss = 6.566
2023-04-24 10:55:38,414 - INFO - Epoch 171 training loss = 4.697
2023-04-24 10:55:38,947 - INFO - Epoch 172 training loss = 4.718
2023-04-24 10:55:39,476 - INFO - Epoch 173 training loss = 4.762
2023-04-24 10:55:40,003 - INFO - Epoch 174 training loss = 4.704
2023-04-24 10:55:40,535 - INFO - Epoch 175 training loss = 4.811
2023-04-24 10:55:41,064 - INFO - Epoch 176 training loss = 4.604
2023-04-24 10:55:41,593 - INFO - Epoch 177 training loss = 4.577
2023-04-24 10:55:42,121 - INFO - Epoch 178 training loss = 4.604
2023-04-24 10:55:42,655 - INFO - Epoch 179 training loss = 4.568
2023-04-24 10:55:43,188 - INFO - Epoch 180 training loss = 4.566
2023-04-24 10:55:43,213 - INFO - Validation loss = 6.367
2023-04-24 10:55:43,763 - INFO - Epoch 181 training loss = 4.613
2023-04-24 10:55:44,298 - INFO - Epoch 182 training loss = 4.528
2023-04-24 10:55:44,855 - INFO - Epoch 183 training loss = 4.53
2023-04-24 10:55:45,407 - INFO - Epoch 184 training loss = 4.558
2023-04-24 10:55:45,947 - INFO - Epoch 185 training loss = 4.499
2023-04-24 10:55:46,476 - INFO - Epoch 186 training loss = 4.473
2023-04-24 10:55:47,008 - INFO - Epoch 187 training loss =  4.5
2023-04-24 10:55:47,553 - INFO - Epoch 188 training loss = 4.482
2023-04-24 10:55:48,087 - INFO - Epoch 189 training loss = 4.58
2023-04-24 10:55:48,626 - INFO - Epoch 190 training loss = 4.397
2023-04-24 10:55:48,652 - INFO - Validation loss = 5.908
2023-04-24 10:55:49,193 - INFO - Epoch 191 training loss = 4.444
2023-04-24 10:55:49,724 - INFO - Epoch 192 training loss = 4.369
2023-04-24 10:55:50,253 - INFO - Epoch 193 training loss = 4.333
2023-04-24 10:55:50,784 - INFO - Epoch 194 training loss = 4.382
2023-04-24 10:55:51,316 - INFO - Epoch 195 training loss = 4.339
2023-04-24 10:55:51,847 - INFO - Epoch 196 training loss = 4.321
2023-04-24 10:55:52,377 - INFO - Epoch 197 training loss = 4.53
2023-04-24 10:55:52,912 - INFO - Epoch 198 training loss = 4.392
2023-04-24 10:55:53,451 - INFO - Epoch 199 training loss = 4.283
2023-04-24 10:55:53,991 - INFO - Epoch 200 training loss = 4.34
2023-04-24 10:55:54,016 - INFO - Validation loss = 5.857
2023-04-24 10:55:54,563 - INFO - Epoch 201 training loss = 4.275
2023-04-24 10:55:55,098 - INFO - Epoch 202 training loss = 4.378
2023-04-24 10:55:55,634 - INFO - Epoch 203 training loss = 4.258
2023-04-24 10:55:56,160 - INFO - Epoch 204 training loss = 4.27
2023-04-24 10:55:56,691 - INFO - Epoch 205 training loss = 4.22
2023-04-24 10:55:57,219 - INFO - Epoch 206 training loss = 4.157
2023-04-24 10:55:57,753 - INFO - Epoch 207 training loss = 4.193
2023-04-24 10:55:58,276 - INFO - Epoch 208 training loss = 4.172
2023-04-24 10:55:58,811 - INFO - Epoch 209 training loss = 4.154
2023-04-24 10:55:59,350 - INFO - Epoch 210 training loss = 4.171
2023-04-24 10:55:59,376 - INFO - Validation loss = 5.847
2023-04-24 10:55:59,919 - INFO - Epoch 211 training loss = 4.107
2023-04-24 10:56:00,447 - INFO - Epoch 212 training loss = 4.16
2023-04-24 10:56:01,003 - INFO - Epoch 213 training loss = 4.124
2023-04-24 10:56:01,535 - INFO - Epoch 214 training loss = 4.092
2023-04-24 10:56:02,063 - INFO - Epoch 215 training loss = 4.14
2023-04-24 10:56:02,588 - INFO - Epoch 216 training loss = 4.067
2023-04-24 10:56:03,110 - INFO - Epoch 217 training loss = 4.108
2023-04-24 10:56:03,647 - INFO - Epoch 218 training loss = 4.051
2023-04-24 10:56:04,179 - INFO - Epoch 219 training loss = 4.109
2023-04-24 10:56:04,711 - INFO - Epoch 220 training loss = 3.986
2023-04-24 10:56:04,736 - INFO - Validation loss = 6.236
2023-04-24 10:56:05,269 - INFO - Epoch 221 training loss = 4.032
2023-04-24 10:56:05,810 - INFO - Epoch 222 training loss = 3.981
2023-04-24 10:56:06,343 - INFO - Epoch 223 training loss = 3.888
2023-04-24 10:56:06,888 - INFO - Epoch 224 training loss = 3.909
2023-04-24 10:56:07,443 - INFO - Epoch 225 training loss = 3.918
2023-04-24 10:56:07,971 - INFO - Epoch 226 training loss = 3.963
2023-04-24 10:56:08,510 - INFO - Epoch 227 training loss = 3.873
2023-04-24 10:56:09,042 - INFO - Epoch 228 training loss = 3.996
2023-04-24 10:56:09,575 - INFO - Epoch 229 training loss = 3.878
2023-04-24 10:56:10,104 - INFO - Epoch 230 training loss = 3.905
2023-04-24 10:56:10,129 - INFO - Validation loss = 6.412
2023-04-24 10:56:10,659 - INFO - Epoch 231 training loss = 3.862
2023-04-24 10:56:11,186 - INFO - Epoch 232 training loss = 3.887
2023-04-24 10:56:11,715 - INFO - Epoch 233 training loss = 3.87
2023-04-24 10:56:12,245 - INFO - Epoch 234 training loss = 3.878
2023-04-24 10:56:12,773 - INFO - Epoch 235 training loss = 3.846
2023-04-24 10:56:13,302 - INFO - Epoch 236 training loss = 3.87
2023-04-24 10:56:13,835 - INFO - Epoch 237 training loss = 3.869
2023-04-24 10:56:14,368 - INFO - Epoch 238 training loss = 3.82
2023-04-24 10:56:14,900 - INFO - Epoch 239 training loss = 3.802
2023-04-24 10:56:15,430 - INFO - Epoch 240 training loss = 3.825
2023-04-24 10:56:15,456 - INFO - Validation loss = 5.63
2023-04-24 10:56:15,997 - INFO - Epoch 241 training loss = 3.808
2023-04-24 10:56:16,531 - INFO - Epoch 242 training loss = 3.817
2023-04-24 10:56:17,065 - INFO - Epoch 243 training loss = 3.729
2023-04-24 10:56:17,600 - INFO - Epoch 244 training loss = 3.789
2023-04-24 10:56:18,135 - INFO - Epoch 245 training loss = 3.746
2023-04-24 10:56:18,671 - INFO - Epoch 246 training loss = 3.702
2023-04-24 10:56:19,198 - INFO - Epoch 247 training loss = 3.755
2023-04-24 10:56:19,734 - INFO - Epoch 248 training loss = 3.703
2023-04-24 10:56:20,262 - INFO - Epoch 249 training loss = 3.724
2023-04-24 10:56:20,790 - INFO - Epoch 250 training loss = 3.749
2023-04-24 10:56:20,815 - INFO - Validation loss = 5.617
2023-04-24 10:56:21,347 - INFO - Epoch 251 training loss = 3.648
2023-04-24 10:56:21,880 - INFO - Epoch 252 training loss = 3.692
2023-04-24 10:56:22,404 - INFO - Epoch 253 training loss = 3.632
2023-04-24 10:56:22,930 - INFO - Epoch 254 training loss = 3.698
2023-04-24 10:56:23,460 - INFO - Epoch 255 training loss = 3.649
2023-04-24 10:56:23,992 - INFO - Epoch 256 training loss = 3.596
2023-04-24 10:56:24,522 - INFO - Epoch 257 training loss = 3.646
2023-04-24 10:56:25,055 - INFO - Epoch 258 training loss = 3.642
2023-04-24 10:56:25,592 - INFO - Epoch 259 training loss = 3.598
2023-04-24 10:56:26,120 - INFO - Epoch 260 training loss = 3.578
2023-04-24 10:56:26,145 - INFO - Validation loss = 5.479
2023-04-24 10:56:26,683 - INFO - Epoch 261 training loss = 3.547
2023-04-24 10:56:27,210 - INFO - Epoch 262 training loss = 3.571
2023-04-24 10:56:27,738 - INFO - Epoch 263 training loss = 3.514
2023-04-24 10:56:28,264 - INFO - Epoch 264 training loss = 3.551
2023-04-24 10:56:28,798 - INFO - Epoch 265 training loss = 3.507
2023-04-24 10:56:29,333 - INFO - Epoch 266 training loss = 3.485
2023-04-24 10:56:29,868 - INFO - Epoch 267 training loss = 3.515
2023-04-24 10:56:30,400 - INFO - Epoch 268 training loss = 3.49
2023-04-24 10:56:30,937 - INFO - Epoch 269 training loss = 3.489
2023-04-24 10:56:31,469 - INFO - Epoch 270 training loss = 3.479
2023-04-24 10:56:31,494 - INFO - Validation loss = 5.512
2023-04-24 10:56:32,029 - INFO - Epoch 271 training loss = 3.476
2023-04-24 10:56:32,564 - INFO - Epoch 272 training loss = 3.48
2023-04-24 10:56:33,094 - INFO - Epoch 273 training loss = 3.418
2023-04-24 10:56:33,629 - INFO - Epoch 274 training loss = 3.415
2023-04-24 10:56:34,156 - INFO - Epoch 275 training loss = 3.396
2023-04-24 10:56:34,685 - INFO - Epoch 276 training loss = 3.429
2023-04-24 10:56:35,213 - INFO - Epoch 277 training loss = 3.483
2023-04-24 10:56:35,742 - INFO - Epoch 278 training loss = 3.369
2023-04-24 10:56:36,274 - INFO - Epoch 279 training loss = 3.427
2023-04-24 10:56:36,802 - INFO - Epoch 280 training loss = 3.364
2023-04-24 10:56:36,827 - INFO - Validation loss = 5.243
2023-04-24 10:56:37,363 - INFO - Epoch 281 training loss = 3.354
2023-04-24 10:56:37,894 - INFO - Epoch 282 training loss = 3.363
2023-04-24 10:56:38,428 - INFO - Epoch 283 training loss = 3.37
2023-04-24 10:56:38,964 - INFO - Epoch 284 training loss = 3.334
2023-04-24 10:56:39,497 - INFO - Epoch 285 training loss = 3.332
2023-04-24 10:56:40,027 - INFO - Epoch 286 training loss = 3.34
2023-04-24 10:56:40,552 - INFO - Epoch 287 training loss = 3.336
2023-04-24 10:56:41,073 - INFO - Epoch 288 training loss = 3.285
2023-04-24 10:56:41,603 - INFO - Epoch 289 training loss = 3.282
2023-04-24 10:56:42,135 - INFO - Epoch 290 training loss = 3.283
2023-04-24 10:56:42,160 - INFO - Validation loss = 5.391
2023-04-24 10:56:42,687 - INFO - Epoch 291 training loss = 3.264
2023-04-24 10:56:43,214 - INFO - Epoch 292 training loss = 3.28
2023-04-24 10:56:43,754 - INFO - Epoch 293 training loss = 3.299
2023-04-24 10:56:44,287 - INFO - Epoch 294 training loss = 3.287
2023-04-24 10:56:44,822 - INFO - Epoch 295 training loss = 3.298
2023-04-24 10:56:45,359 - INFO - Epoch 296 training loss = 3.21
2023-04-24 10:56:45,894 - INFO - Epoch 297 training loss = 3.218
2023-04-24 10:56:46,432 - INFO - Epoch 298 training loss = 3.231
2023-04-24 10:56:46,970 - INFO - Epoch 299 training loss = 3.212
2023-04-24 10:56:47,508 - INFO - Epoch 300 training loss = 3.205
2023-04-24 10:56:47,533 - INFO - Validation loss = 5.231
2023-04-24 10:56:48,080 - INFO - Epoch 301 training loss = 3.215
2023-04-24 10:56:48,621 - INFO - Epoch 302 training loss = 3.211
2023-04-24 10:56:49,152 - INFO - Epoch 303 training loss = 3.178
2023-04-24 10:56:49,688 - INFO - Epoch 304 training loss = 3.158
2023-04-24 10:56:50,221 - INFO - Epoch 305 training loss = 3.186
2023-04-24 10:56:50,757 - INFO - Epoch 306 training loss = 3.161
2023-04-24 10:56:51,290 - INFO - Epoch 307 training loss = 3.155
2023-04-24 10:56:51,825 - INFO - Epoch 308 training loss = 3.153
2023-04-24 10:56:52,360 - INFO - Epoch 309 training loss = 3.143
2023-04-24 10:56:52,890 - INFO - Epoch 310 training loss = 3.141
2023-04-24 10:56:52,915 - INFO - Validation loss = 5.205
2023-04-24 10:56:53,454 - INFO - Epoch 311 training loss = 3.155
2023-04-24 10:56:53,993 - INFO - Epoch 312 training loss = 3.103
2023-04-24 10:56:54,524 - INFO - Epoch 313 training loss = 3.121
2023-04-24 10:56:55,056 - INFO - Epoch 314 training loss = 3.084
2023-04-24 10:56:55,586 - INFO - Epoch 315 training loss = 3.103
2023-04-24 10:56:56,114 - INFO - Epoch 316 training loss = 3.075
2023-04-24 10:56:56,642 - INFO - Epoch 317 training loss = 3.069
2023-04-24 10:56:57,175 - INFO - Epoch 318 training loss = 3.063
2023-04-24 10:56:57,708 - INFO - Epoch 319 training loss = 3.08
2023-04-24 10:56:58,243 - INFO - Epoch 320 training loss = 3.047
2023-04-24 10:56:58,268 - INFO - Validation loss = 5.312
2023-04-24 10:56:58,810 - INFO - Epoch 321 training loss = 3.049
2023-04-24 10:56:59,345 - INFO - Epoch 322 training loss = 3.059
2023-04-24 10:56:59,879 - INFO - Epoch 323 training loss = 3.043
2023-04-24 10:57:00,413 - INFO - Epoch 324 training loss = 3.032
2023-04-24 10:57:00,938 - INFO - Epoch 325 training loss = 3.037
2023-04-24 10:57:01,466 - INFO - Epoch 326 training loss = 3.036
2023-04-24 10:57:01,992 - INFO - Epoch 327 training loss = 3.019
2023-04-24 10:57:02,518 - INFO - Epoch 328 training loss = 2.989
2023-04-24 10:57:03,046 - INFO - Epoch 329 training loss = 3.024
2023-04-24 10:57:03,583 - INFO - Epoch 330 training loss =  3.0
2023-04-24 10:57:03,608 - INFO - Validation loss = 5.11
2023-04-24 10:57:04,139 - INFO - Epoch 331 training loss = 2.973
2023-04-24 10:57:04,670 - INFO - Epoch 332 training loss = 2.99
2023-04-24 10:57:05,201 - INFO - Epoch 333 training loss = 2.963
2023-04-24 10:57:05,734 - INFO - Epoch 334 training loss = 2.968
2023-04-24 10:57:06,273 - INFO - Epoch 335 training loss = 2.948
2023-04-24 10:57:06,801 - INFO - Epoch 336 training loss = 2.938
2023-04-24 10:57:07,332 - INFO - Epoch 337 training loss = 2.957
2023-04-24 10:57:07,863 - INFO - Epoch 338 training loss = 2.947
2023-04-24 10:57:08,400 - INFO - Epoch 339 training loss = 2.92
2023-04-24 10:57:08,935 - INFO - Epoch 340 training loss = 2.939
2023-04-24 10:57:08,960 - INFO - Validation loss = 5.042
2023-04-24 10:57:09,497 - INFO - Epoch 341 training loss = 2.911
2023-04-24 10:57:10,027 - INFO - Epoch 342 training loss = 2.931
2023-04-24 10:57:10,563 - INFO - Epoch 343 training loss = 2.919
2023-04-24 10:57:11,095 - INFO - Epoch 344 training loss = 2.916
2023-04-24 10:57:11,631 - INFO - Epoch 345 training loss = 2.903
2023-04-24 10:57:12,164 - INFO - Epoch 346 training loss = 2.879
2023-04-24 10:57:12,697 - INFO - Epoch 347 training loss = 2.893
2023-04-24 10:57:13,227 - INFO - Epoch 348 training loss = 2.86
2023-04-24 10:57:13,768 - INFO - Epoch 349 training loss = 2.867
2023-04-24 10:57:14,298 - INFO - Epoch 350 training loss = 2.896
2023-04-24 10:57:14,324 - INFO - Validation loss = 5.06
2023-04-24 10:57:14,860 - INFO - Epoch 351 training loss = 2.871
2023-04-24 10:57:15,398 - INFO - Epoch 352 training loss = 2.858
2023-04-24 10:57:15,941 - INFO - Epoch 353 training loss = 2.852
2023-04-24 10:57:16,478 - INFO - Epoch 354 training loss = 2.852
2023-04-24 10:57:17,018 - INFO - Epoch 355 training loss = 2.835
2023-04-24 10:57:17,551 - INFO - Epoch 356 training loss = 2.84
2023-04-24 10:57:18,083 - INFO - Epoch 357 training loss = 2.827
2023-04-24 10:57:18,641 - INFO - Epoch 358 training loss = 2.831
2023-04-24 10:57:19,180 - INFO - Epoch 359 training loss = 2.812
2023-04-24 10:57:19,718 - INFO - Epoch 360 training loss = 2.799
2023-04-24 10:57:19,744 - INFO - Validation loss = 5.188
2023-04-24 10:57:20,284 - INFO - Epoch 361 training loss = 2.833
2023-04-24 10:57:20,822 - INFO - Epoch 362 training loss = 2.794
2023-04-24 10:57:21,355 - INFO - Epoch 363 training loss = 2.796
2023-04-24 10:57:21,887 - INFO - Epoch 364 training loss = 2.78
2023-04-24 10:57:22,417 - INFO - Epoch 365 training loss = 2.777
2023-04-24 10:57:22,952 - INFO - Epoch 366 training loss = 2.791
2023-04-24 10:57:23,485 - INFO - Epoch 367 training loss = 2.77
2023-04-24 10:57:24,019 - INFO - Epoch 368 training loss = 2.768
2023-04-24 10:57:24,548 - INFO - Epoch 369 training loss = 2.769
2023-04-24 10:57:25,086 - INFO - Epoch 370 training loss = 2.76
2023-04-24 10:57:25,111 - INFO - Validation loss = 4.979
2023-04-24 10:57:25,660 - INFO - Epoch 371 training loss = 2.759
2023-04-24 10:57:26,199 - INFO - Epoch 372 training loss = 2.748
2023-04-24 10:57:26,730 - INFO - Epoch 373 training loss = 2.744
2023-04-24 10:57:27,259 - INFO - Epoch 374 training loss = 2.749
2023-04-24 10:57:27,797 - INFO - Epoch 375 training loss = 2.722
2023-04-24 10:57:28,328 - INFO - Epoch 376 training loss = 2.732
2023-04-24 10:57:28,859 - INFO - Epoch 377 training loss = 2.73
2023-04-24 10:57:29,389 - INFO - Epoch 378 training loss = 2.723
2023-04-24 10:57:29,930 - INFO - Epoch 379 training loss = 2.717
2023-04-24 10:57:30,461 - INFO - Epoch 380 training loss = 2.71
2023-04-24 10:57:30,487 - INFO - Validation loss = 4.995
2023-04-24 10:57:31,016 - INFO - Epoch 381 training loss = 2.701
2023-04-24 10:57:31,556 - INFO - Epoch 382 training loss = 2.71
2023-04-24 10:57:32,084 - INFO - Epoch 383 training loss = 2.697
2023-04-24 10:57:32,611 - INFO - Epoch 384 training loss = 2.693
2023-04-24 10:57:33,141 - INFO - Epoch 385 training loss = 2.693
2023-04-24 10:57:33,678 - INFO - Epoch 386 training loss = 2.693
2023-04-24 10:57:34,206 - INFO - Epoch 387 training loss = 2.688
2023-04-24 10:57:34,735 - INFO - Epoch 388 training loss = 2.683
2023-04-24 10:57:35,264 - INFO - Epoch 389 training loss = 2.683
2023-04-24 10:57:35,795 - INFO - Epoch 390 training loss = 2.67
2023-04-24 10:57:35,820 - INFO - Validation loss = 5.019
2023-04-24 10:57:36,346 - INFO - Epoch 391 training loss = 2.67
2023-04-24 10:57:36,874 - INFO - Epoch 392 training loss = 2.665
2023-04-24 10:57:37,405 - INFO - Epoch 393 training loss = 2.666
2023-04-24 10:57:37,935 - INFO - Epoch 394 training loss = 2.658
2023-04-24 10:57:38,465 - INFO - Epoch 395 training loss = 2.654
2023-04-24 10:57:38,993 - INFO - Epoch 396 training loss = 2.653
2023-04-24 10:57:39,519 - INFO - Epoch 397 training loss = 2.643
2023-04-24 10:57:40,045 - INFO - Epoch 398 training loss = 2.635
2023-04-24 10:57:40,573 - INFO - Epoch 399 training loss = 2.637
2023-04-24 10:57:41,102 - INFO - Epoch 400 training loss = 2.645
2023-04-24 10:57:41,127 - INFO - Validation loss = 4.922
2023-04-24 10:57:41,659 - INFO - Epoch 401 training loss = 2.628
2023-04-24 10:57:42,188 - INFO - Epoch 402 training loss = 2.623
2023-04-24 10:57:42,715 - INFO - Epoch 403 training loss = 2.621
2023-04-24 10:57:43,244 - INFO - Epoch 404 training loss = 2.619
2023-04-24 10:57:43,782 - INFO - Epoch 405 training loss = 2.619
2023-04-24 10:57:44,322 - INFO - Epoch 406 training loss = 2.616
2023-04-24 10:57:44,873 - INFO - Epoch 407 training loss = 2.608
2023-04-24 10:57:45,421 - INFO - Epoch 408 training loss = 2.605
2023-04-24 10:57:45,963 - INFO - Epoch 409 training loss = 2.601
2023-04-24 10:57:46,512 - INFO - Epoch 410 training loss = 2.599
2023-04-24 10:57:46,538 - INFO - Validation loss = 4.955
2023-04-24 10:57:47,092 - INFO - Epoch 411 training loss = 2.595
2023-04-24 10:57:47,645 - INFO - Epoch 412 training loss = 2.594
2023-04-24 10:57:48,190 - INFO - Epoch 413 training loss = 2.591
2023-04-24 10:57:48,731 - INFO - Epoch 414 training loss = 2.586
2023-04-24 10:57:49,259 - INFO - Epoch 415 training loss = 2.58
2023-04-24 10:57:49,804 - INFO - Epoch 416 training loss = 2.583
2023-04-24 10:57:50,352 - INFO - Epoch 417 training loss = 2.581
2023-04-24 10:57:50,903 - INFO - Epoch 418 training loss = 2.577
2023-04-24 10:57:51,437 - INFO - Epoch 419 training loss = 2.57
2023-04-24 10:57:51,998 - INFO - Epoch 420 training loss = 2.568
2023-04-24 10:57:52,023 - INFO - Validation loss = 4.916
2023-04-24 10:57:52,588 - INFO - Epoch 421 training loss = 2.571
2023-04-24 10:57:53,141 - INFO - Epoch 422 training loss = 2.56
2023-04-24 10:57:53,687 - INFO - Epoch 423 training loss = 2.563
2023-04-24 10:57:54,222 - INFO - Epoch 424 training loss = 2.56
2023-04-24 10:57:54,752 - INFO - Epoch 425 training loss = 2.556
2023-04-24 10:57:55,282 - INFO - Epoch 426 training loss = 2.549
2023-04-24 10:57:55,812 - INFO - Epoch 427 training loss = 2.552
2023-04-24 10:57:56,337 - INFO - Epoch 428 training loss = 2.546
2023-04-24 10:57:56,859 - INFO - Epoch 429 training loss = 2.546
2023-04-24 10:57:57,384 - INFO - Epoch 430 training loss = 2.541
2023-04-24 10:57:57,409 - INFO - Validation loss = 4.913
2023-04-24 10:57:57,942 - INFO - Epoch 431 training loss = 2.544
2023-04-24 10:57:58,473 - INFO - Epoch 432 training loss = 2.54
2023-04-24 10:57:59,001 - INFO - Epoch 433 training loss = 2.54
2023-04-24 10:57:59,533 - INFO - Epoch 434 training loss = 2.541
2023-04-24 10:58:00,055 - INFO - Epoch 435 training loss = 2.532
2023-04-24 10:58:00,579 - INFO - Epoch 436 training loss = 2.528
2023-04-24 10:58:01,103 - INFO - Epoch 437 training loss = 2.527
2023-04-24 10:58:01,667 - INFO - Epoch 438 training loss = 2.522
2023-04-24 10:58:02,200 - INFO - Epoch 439 training loss = 2.522
2023-04-24 10:58:02,731 - INFO - Epoch 440 training loss = 2.519
2023-04-24 10:58:02,756 - INFO - Validation loss = 4.902
2023-04-24 10:58:03,313 - INFO - Epoch 441 training loss = 2.517
2023-04-24 10:58:03,872 - INFO - Epoch 442 training loss = 2.515
2023-04-24 10:58:04,421 - INFO - Epoch 443 training loss = 2.516
2023-04-24 10:58:04,970 - INFO - Epoch 444 training loss = 2.511
2023-04-24 10:58:05,521 - INFO - Epoch 445 training loss = 2.51
2023-04-24 10:58:06,071 - INFO - Epoch 446 training loss = 2.509
2023-04-24 10:58:06,617 - INFO - Epoch 447 training loss = 2.504
2023-04-24 10:58:07,171 - INFO - Epoch 448 training loss = 2.504
2023-04-24 10:58:07,723 - INFO - Epoch 449 training loss = 2.504
2023-04-24 10:58:08,275 - INFO - Epoch 450 training loss = 2.502
2023-04-24 10:58:08,300 - INFO - Validation loss =  4.9
2023-04-24 10:58:08,866 - INFO - Epoch 451 training loss = 2.498
2023-04-24 10:58:09,404 - INFO - Epoch 452 training loss = 2.498
2023-04-24 10:58:09,935 - INFO - Epoch 453 training loss = 2.494
2023-04-24 10:58:10,473 - INFO - Epoch 454 training loss = 2.495
2023-04-24 10:58:11,001 - INFO - Epoch 455 training loss = 2.492
2023-04-24 10:58:11,533 - INFO - Epoch 456 training loss = 2.49
2023-04-24 10:58:12,084 - INFO - Epoch 457 training loss = 2.49
2023-04-24 10:58:12,634 - INFO - Epoch 458 training loss = 2.486
2023-04-24 10:58:13,183 - INFO - Epoch 459 training loss = 2.485
2023-04-24 10:58:13,749 - INFO - Epoch 460 training loss = 2.483
2023-04-24 10:58:13,775 - INFO - Validation loss = 4.925
2023-04-24 10:58:14,318 - INFO - Epoch 461 training loss = 2.483
2023-04-24 10:58:14,863 - INFO - Epoch 462 training loss = 2.48
2023-04-24 10:58:15,398 - INFO - Epoch 463 training loss = 2.481
2023-04-24 10:58:15,932 - INFO - Epoch 464 training loss = 2.479
2023-04-24 10:58:16,467 - INFO - Epoch 465 training loss = 2.477
2023-04-24 10:58:16,999 - INFO - Epoch 466 training loss = 2.477
2023-04-24 10:58:17,533 - INFO - Epoch 467 training loss = 2.475
2023-04-24 10:58:18,060 - INFO - Epoch 468 training loss = 2.474
2023-04-24 10:58:18,597 - INFO - Epoch 469 training loss = 2.473
2023-04-24 10:58:19,126 - INFO - Epoch 470 training loss = 2.471
2023-04-24 10:58:19,151 - INFO - Validation loss = 4.893
2023-04-24 10:58:19,686 - INFO - Epoch 471 training loss = 2.471
2023-04-24 10:58:20,215 - INFO - Epoch 472 training loss = 2.469
2023-04-24 10:58:20,745 - INFO - Epoch 473 training loss = 2.468
2023-04-24 10:58:21,280 - INFO - Epoch 474 training loss = 2.468
2023-04-24 10:58:21,809 - INFO - Epoch 475 training loss = 2.466
2023-04-24 10:58:22,340 - INFO - Epoch 476 training loss = 2.465
2023-04-24 10:58:22,881 - INFO - Epoch 477 training loss = 2.464
2023-04-24 10:58:23,417 - INFO - Epoch 478 training loss = 2.463
2023-04-24 10:58:23,952 - INFO - Epoch 479 training loss = 2.463
2023-04-24 10:58:24,486 - INFO - Epoch 480 training loss = 2.462
2023-04-24 10:58:24,512 - INFO - Validation loss = 4.896
2023-04-24 10:58:25,045 - INFO - Epoch 481 training loss = 2.461
2023-04-24 10:58:25,576 - INFO - Epoch 482 training loss = 2.461
2023-04-24 10:58:26,110 - INFO - Epoch 483 training loss = 2.46
2023-04-24 10:58:26,641 - INFO - Epoch 484 training loss = 2.459
2023-04-24 10:58:27,171 - INFO - Epoch 485 training loss = 2.458
2023-04-24 10:58:27,703 - INFO - Epoch 486 training loss = 2.458
2023-04-24 10:58:28,237 - INFO - Epoch 487 training loss = 2.457
2023-04-24 10:58:28,779 - INFO - Epoch 488 training loss = 2.457
2023-04-24 10:58:29,316 - INFO - Epoch 489 training loss = 2.457
2023-04-24 10:58:29,855 - INFO - Epoch 490 training loss = 2.456
2023-04-24 10:58:29,880 - INFO - Validation loss = 4.891
2023-04-24 10:58:30,423 - INFO - Epoch 491 training loss = 2.455
2023-04-24 10:58:30,957 - INFO - Epoch 492 training loss = 2.455
2023-04-24 10:58:31,495 - INFO - Epoch 493 training loss = 2.455
2023-04-24 10:58:32,026 - INFO - Epoch 494 training loss = 2.454
2023-04-24 10:58:32,556 - INFO - Epoch 495 training loss = 2.454
2023-04-24 10:58:33,086 - INFO - Epoch 496 training loss = 2.454
2023-04-24 10:58:33,626 - INFO - Epoch 497 training loss = 2.454
2023-04-24 10:58:34,159 - INFO - Epoch 498 training loss = 2.454
2023-04-24 10:58:34,693 - INFO - Epoch 499 training loss = 2.453
2023-04-24 10:58:34,718 - INFO - Validation loss = 4.89
