2023-04-24 13:14:44,161 - INFO - Config:
Namespace(config='configs/implicit_mlp.yaml', dir='/user/delden/acoustics/spp_ai_acoustics/acousticNN/experiments/arch/no_encoding/implicitmlp', epochs=100, device='cuda', parameter_list='configs/data.yaml')
2023-04-24 13:14:44,161 - INFO - Config:
Munch({'optimizer': Munch({'type': 'AdamW', 'kwargs': Munch({'lr': 0.001, 'weight_decay': 0.005, 'betas': [0.9, 0.95]})}), 'scheduler': Munch({'type': 'CosLR', 'kwargs': Munch({'epochs': 500, 'initial_epochs': 25})}), 'model': Munch({'name': 'ImplicitMLP', 'input_encoding': False, 'encoding_dim': 16, 'embed_dim': 16}), 'generation_frequency': 1000, 'validation_frequency': 10, 'batch_size': 16, 'epochs': 500, 'gradient_clip': 10})
2023-04-24 13:14:57,865 - INFO - Epoch 0 training loss = 3.472e+03
2023-04-24 13:14:57,900 - INFO - Validation loss = 3.155e+03
2023-04-24 13:14:58,476 - INFO - Epoch 1 training loss = 2.889e+03
2023-04-24 13:14:59,047 - INFO - Epoch 2 training loss = 1.412e+03
2023-04-24 13:14:59,618 - INFO - Epoch 3 training loss = 289.5
2023-04-24 13:15:00,196 - INFO - Epoch 4 training loss = 188.2
2023-04-24 13:15:00,768 - INFO - Epoch 5 training loss = 148.7
2023-04-24 13:15:01,340 - INFO - Epoch 6 training loss = 118.3
2023-04-24 13:15:01,906 - INFO - Epoch 7 training loss = 105.7
2023-04-24 13:15:02,466 - INFO - Epoch 8 training loss = 96.06
2023-04-24 13:15:03,021 - INFO - Epoch 9 training loss = 87.62
2023-04-24 13:15:03,575 - INFO - Epoch 10 training loss = 80.91
2023-04-24 13:15:03,610 - INFO - Validation loss = 77.84
2023-04-24 13:15:04,169 - INFO - Epoch 11 training loss = 74.82
2023-04-24 13:15:04,724 - INFO - Epoch 12 training loss = 69.16
2023-04-24 13:15:05,281 - INFO - Epoch 13 training loss = 64.26
2023-04-24 13:15:05,836 - INFO - Epoch 14 training loss = 57.85
2023-04-24 13:15:06,389 - INFO - Epoch 15 training loss = 51.67
2023-04-24 13:15:06,941 - INFO - Epoch 16 training loss = 46.62
2023-04-24 13:15:07,493 - INFO - Epoch 17 training loss = 43.77
2023-04-24 13:15:08,046 - INFO - Epoch 18 training loss = 38.34
2023-04-24 13:15:08,598 - INFO - Epoch 19 training loss = 34.84
2023-04-24 13:15:09,149 - INFO - Epoch 20 training loss = 31.89
2023-04-24 13:15:09,184 - INFO - Validation loss = 27.63
2023-04-24 13:15:09,741 - INFO - Epoch 21 training loss = 28.84
2023-04-24 13:15:10,297 - INFO - Epoch 22 training loss = 27.31
2023-04-24 13:15:10,854 - INFO - Epoch 23 training loss = 25.64
2023-04-24 13:15:11,411 - INFO - Epoch 24 training loss = 23.67
2023-04-24 13:15:11,969 - INFO - Epoch 25 training loss = 21.79
2023-04-24 13:15:12,527 - INFO - Epoch 26 training loss = 20.42
2023-04-24 13:15:13,082 - INFO - Epoch 27 training loss = 19.11
2023-04-24 13:15:13,638 - INFO - Epoch 28 training loss = 18.21
2023-04-24 13:15:14,193 - INFO - Epoch 29 training loss = 16.71
2023-04-24 13:15:14,750 - INFO - Epoch 30 training loss = 16.07
2023-04-24 13:15:14,785 - INFO - Validation loss = 14.5
2023-04-24 13:15:15,346 - INFO - Epoch 31 training loss = 15.35
2023-04-24 13:15:15,904 - INFO - Epoch 32 training loss = 14.14
2023-04-24 13:15:16,459 - INFO - Epoch 33 training loss = 13.71
2023-04-24 13:15:17,015 - INFO - Epoch 34 training loss = 13.31
2023-04-24 13:15:17,571 - INFO - Epoch 35 training loss = 12.29
2023-04-24 13:15:18,125 - INFO - Epoch 36 training loss = 12.21
2023-04-24 13:15:18,684 - INFO - Epoch 37 training loss = 11.34
2023-04-24 13:15:19,243 - INFO - Epoch 38 training loss = 11.15
2023-04-24 13:15:19,805 - INFO - Epoch 39 training loss = 10.65
2023-04-24 13:15:20,364 - INFO - Epoch 40 training loss = 10.25
2023-04-24 13:15:20,399 - INFO - Validation loss = 10.88
2023-04-24 13:15:20,966 - INFO - Epoch 41 training loss = 9.874
2023-04-24 13:15:21,525 - INFO - Epoch 42 training loss = 9.56
2023-04-24 13:15:22,085 - INFO - Epoch 43 training loss = 9.79
2023-04-24 13:15:22,643 - INFO - Epoch 44 training loss = 9.115
2023-04-24 13:15:23,204 - INFO - Epoch 45 training loss = 8.945
2023-04-24 13:15:23,765 - INFO - Epoch 46 training loss = 9.019
2023-04-24 13:15:24,326 - INFO - Epoch 47 training loss = 8.356
2023-04-24 13:15:24,891 - INFO - Epoch 48 training loss = 8.641
2023-04-24 13:15:25,453 - INFO - Epoch 49 training loss = 8.313
2023-04-24 13:15:26,017 - INFO - Epoch 50 training loss = 7.854
2023-04-24 13:15:26,052 - INFO - Validation loss = 8.674
2023-04-24 13:15:26,619 - INFO - Epoch 51 training loss = 7.928
2023-04-24 13:15:27,179 - INFO - Epoch 52 training loss = 7.971
2023-04-24 13:15:27,741 - INFO - Epoch 53 training loss = 7.432
2023-04-24 13:15:28,301 - INFO - Epoch 54 training loss = 7.363
2023-04-24 13:15:28,863 - INFO - Epoch 55 training loss = 7.395
2023-04-24 13:15:29,424 - INFO - Epoch 56 training loss = 7.285
2023-04-24 13:15:29,990 - INFO - Epoch 57 training loss = 7.237
2023-04-24 13:15:30,555 - INFO - Epoch 58 training loss = 7.09
2023-04-24 13:15:31,122 - INFO - Epoch 59 training loss = 6.871
2023-04-24 13:15:31,687 - INFO - Epoch 60 training loss = 6.821
2023-04-24 13:15:31,722 - INFO - Validation loss = 7.284
2023-04-24 13:15:32,293 - INFO - Epoch 61 training loss = 6.53
2023-04-24 13:15:32,859 - INFO - Epoch 62 training loss = 6.57
2023-04-24 13:15:33,425 - INFO - Epoch 63 training loss = 6.533
2023-04-24 13:15:33,990 - INFO - Epoch 64 training loss = 6.481
2023-04-24 13:15:34,556 - INFO - Epoch 65 training loss = 6.252
2023-04-24 13:15:35,125 - INFO - Epoch 66 training loss = 6.162
2023-04-24 13:15:35,689 - INFO - Epoch 67 training loss = 6.075
2023-04-24 13:15:36,254 - INFO - Epoch 68 training loss = 5.958
2023-04-24 13:15:36,818 - INFO - Epoch 69 training loss = 5.804
2023-04-24 13:15:37,381 - INFO - Epoch 70 training loss = 5.884
2023-04-24 13:15:37,416 - INFO - Validation loss = 7.901
2023-04-24 13:15:37,979 - INFO - Epoch 71 training loss = 5.768
2023-04-24 13:15:38,542 - INFO - Epoch 72 training loss = 5.881
2023-04-24 13:15:39,105 - INFO - Epoch 73 training loss = 5.816
2023-04-24 13:15:39,669 - INFO - Epoch 74 training loss = 5.582
2023-04-24 13:15:40,234 - INFO - Epoch 75 training loss = 5.421
2023-04-24 13:15:40,798 - INFO - Epoch 76 training loss = 5.529
2023-04-24 13:15:41,361 - INFO - Epoch 77 training loss = 5.503
2023-04-24 13:15:41,924 - INFO - Epoch 78 training loss = 5.44
2023-04-24 13:15:42,480 - INFO - Epoch 79 training loss = 5.193
2023-04-24 13:15:43,038 - INFO - Epoch 80 training loss = 5.109
2023-04-24 13:15:43,073 - INFO - Validation loss = 8.691
2023-04-24 13:15:43,630 - INFO - Epoch 81 training loss = 5.221
2023-04-24 13:15:44,189 - INFO - Epoch 82 training loss = 5.074
2023-04-24 13:15:44,746 - INFO - Epoch 83 training loss = 5.098
2023-04-24 13:15:45,309 - INFO - Epoch 84 training loss = 5.095
2023-04-24 13:15:45,871 - INFO - Epoch 85 training loss = 4.877
2023-04-24 13:15:46,431 - INFO - Epoch 86 training loss = 5.101
2023-04-24 13:15:46,991 - INFO - Epoch 87 training loss = 4.845
2023-04-24 13:15:47,551 - INFO - Epoch 88 training loss = 4.698
2023-04-24 13:15:48,110 - INFO - Epoch 89 training loss = 4.742
2023-04-24 13:15:48,667 - INFO - Epoch 90 training loss = 4.806
2023-04-24 13:15:48,701 - INFO - Validation loss = 5.48
2023-04-24 13:15:49,263 - INFO - Epoch 91 training loss = 4.792
2023-04-24 13:15:49,824 - INFO - Epoch 92 training loss = 4.532
2023-04-24 13:15:50,381 - INFO - Epoch 93 training loss = 4.584
2023-04-24 13:15:50,939 - INFO - Epoch 94 training loss = 4.586
2023-04-24 13:15:51,496 - INFO - Epoch 95 training loss = 4.562
2023-04-24 13:15:52,053 - INFO - Epoch 96 training loss = 4.481
2023-04-24 13:15:52,610 - INFO - Epoch 97 training loss = 4.425
2023-04-24 13:15:53,167 - INFO - Epoch 98 training loss = 4.361
2023-04-24 13:15:53,723 - INFO - Epoch 99 training loss = 4.237
2023-04-24 13:15:54,281 - INFO - Epoch 100 training loss = 4.296
2023-04-24 13:15:54,316 - INFO - Validation loss = 5.579
2023-04-24 13:15:54,878 - INFO - Epoch 101 training loss = 4.352
2023-04-24 13:15:55,437 - INFO - Epoch 102 training loss = 4.367
2023-04-24 13:15:55,999 - INFO - Epoch 103 training loss = 4.308
2023-04-24 13:15:56,558 - INFO - Epoch 104 training loss = 4.256
2023-04-24 13:15:57,116 - INFO - Epoch 105 training loss = 4.279
2023-04-24 13:15:57,673 - INFO - Epoch 106 training loss = 4.269
2023-04-24 13:15:58,230 - INFO - Epoch 107 training loss = 4.08
2023-04-24 13:15:58,787 - INFO - Epoch 108 training loss = 4.264
2023-04-24 13:15:59,345 - INFO - Epoch 109 training loss = 4.106
2023-04-24 13:15:59,906 - INFO - Epoch 110 training loss = 4.03
2023-04-24 13:15:59,940 - INFO - Validation loss = 5.597
2023-04-24 13:16:00,500 - INFO - Epoch 111 training loss = 4.039
2023-04-24 13:16:01,060 - INFO - Epoch 112 training loss = 4.024
2023-04-24 13:16:01,617 - INFO - Epoch 113 training loss = 3.916
2023-04-24 13:16:02,174 - INFO - Epoch 114 training loss = 4.018
2023-04-24 13:16:02,731 - INFO - Epoch 115 training loss = 3.919
2023-04-24 13:16:03,289 - INFO - Epoch 116 training loss = 3.903
2023-04-24 13:16:03,845 - INFO - Epoch 117 training loss = 3.818
2023-04-24 13:16:04,403 - INFO - Epoch 118 training loss = 3.976
2023-04-24 13:16:04,963 - INFO - Epoch 119 training loss = 3.824
2023-04-24 13:16:05,520 - INFO - Epoch 120 training loss = 3.767
2023-04-24 13:16:05,555 - INFO - Validation loss = 5.573
2023-04-24 13:16:06,116 - INFO - Epoch 121 training loss = 3.74
2023-04-24 13:16:06,680 - INFO - Epoch 122 training loss = 3.672
2023-04-24 13:16:07,243 - INFO - Epoch 123 training loss = 3.747
2023-04-24 13:16:07,801 - INFO - Epoch 124 training loss = 3.705
2023-04-24 13:16:08,353 - INFO - Epoch 125 training loss = 3.69
2023-04-24 13:16:08,912 - INFO - Epoch 126 training loss = 3.764
2023-04-24 13:16:09,476 - INFO - Epoch 127 training loss = 3.684
2023-04-24 13:16:10,044 - INFO - Epoch 128 training loss = 3.633
2023-04-24 13:16:10,609 - INFO - Epoch 129 training loss = 3.721
2023-04-24 13:16:11,174 - INFO - Epoch 130 training loss = 3.615
2023-04-24 13:16:11,209 - INFO - Validation loss = 4.656
2023-04-24 13:16:11,776 - INFO - Epoch 131 training loss = 3.575
2023-04-24 13:16:12,346 - INFO - Epoch 132 training loss = 3.469
2023-04-24 13:16:12,917 - INFO - Epoch 133 training loss = 3.53
2023-04-24 13:16:13,490 - INFO - Epoch 134 training loss = 3.545
2023-04-24 13:16:14,063 - INFO - Epoch 135 training loss = 3.41
2023-04-24 13:16:14,636 - INFO - Epoch 136 training loss = 3.378
2023-04-24 13:16:15,213 - INFO - Epoch 137 training loss = 3.383
2023-04-24 13:16:15,792 - INFO - Epoch 138 training loss = 3.373
2023-04-24 13:16:16,377 - INFO - Epoch 139 training loss = 3.533
2023-04-24 13:16:16,952 - INFO - Epoch 140 training loss = 3.399
2023-04-24 13:16:16,987 - INFO - Validation loss = 4.833
2023-04-24 13:16:17,556 - INFO - Epoch 141 training loss = 3.394
2023-04-24 13:16:18,124 - INFO - Epoch 142 training loss = 3.416
2023-04-24 13:16:18,694 - INFO - Epoch 143 training loss = 3.324
2023-04-24 13:16:19,262 - INFO - Epoch 144 training loss = 3.368
2023-04-24 13:16:19,836 - INFO - Epoch 145 training loss = 3.277
2023-04-24 13:16:20,408 - INFO - Epoch 146 training loss = 3.309
2023-04-24 13:16:20,980 - INFO - Epoch 147 training loss = 3.219
2023-04-24 13:16:21,544 - INFO - Epoch 148 training loss = 3.299
2023-04-24 13:16:22,107 - INFO - Epoch 149 training loss = 3.276
2023-04-24 13:16:22,672 - INFO - Epoch 150 training loss = 3.249
2023-04-24 13:16:22,708 - INFO - Validation loss = 4.448
2023-04-24 13:16:23,279 - INFO - Epoch 151 training loss = 3.169
2023-04-24 13:16:23,844 - INFO - Epoch 152 training loss = 3.176
2023-04-24 13:16:24,406 - INFO - Epoch 153 training loss = 3.193
2023-04-24 13:16:24,975 - INFO - Epoch 154 training loss = 3.156
2023-04-24 13:16:25,539 - INFO - Epoch 155 training loss = 3.132
2023-04-24 13:16:26,104 - INFO - Epoch 156 training loss = 3.071
2023-04-24 13:16:26,668 - INFO - Epoch 157 training loss = 3.118
2023-04-24 13:16:27,231 - INFO - Epoch 158 training loss = 3.074
2023-04-24 13:16:27,796 - INFO - Epoch 159 training loss = 3.033
2023-04-24 13:16:28,359 - INFO - Epoch 160 training loss = 3.137
2023-04-24 13:16:28,394 - INFO - Validation loss = 5.041
2023-04-24 13:16:28,959 - INFO - Epoch 161 training loss = 3.033
2023-04-24 13:16:29,525 - INFO - Epoch 162 training loss = 2.961
2023-04-24 13:16:30,100 - INFO - Epoch 163 training loss = 3.082
2023-04-24 13:16:30,665 - INFO - Epoch 164 training loss = 3.036
2023-04-24 13:16:31,226 - INFO - Epoch 165 training loss = 3.023
2023-04-24 13:16:31,791 - INFO - Epoch 166 training loss = 2.998
2023-04-24 13:16:32,357 - INFO - Epoch 167 training loss = 3.006
2023-04-24 13:16:32,921 - INFO - Epoch 168 training loss = 2.917
2023-04-24 13:16:33,485 - INFO - Epoch 169 training loss = 2.999
2023-04-24 13:16:34,049 - INFO - Epoch 170 training loss =  2.9
2023-04-24 13:16:34,084 - INFO - Validation loss = 4.683
2023-04-24 13:16:34,649 - INFO - Epoch 171 training loss = 2.898
2023-04-24 13:16:35,241 - INFO - Epoch 172 training loss = 2.845
2023-04-24 13:16:35,830 - INFO - Epoch 173 training loss = 2.901
2023-04-24 13:16:36,414 - INFO - Epoch 174 training loss = 2.877
2023-04-24 13:16:37,002 - INFO - Epoch 175 training loss = 2.842
2023-04-24 13:16:37,588 - INFO - Epoch 176 training loss = 2.824
2023-04-24 13:16:38,174 - INFO - Epoch 177 training loss = 2.78
2023-04-24 13:16:38,761 - INFO - Epoch 178 training loss = 2.805
2023-04-24 13:16:39,331 - INFO - Epoch 179 training loss = 2.821
2023-04-24 13:16:39,899 - INFO - Epoch 180 training loss = 2.783
2023-04-24 13:16:39,934 - INFO - Validation loss = 3.965
2023-04-24 13:16:40,503 - INFO - Epoch 181 training loss = 2.788
2023-04-24 13:16:41,073 - INFO - Epoch 182 training loss = 2.764
2023-04-24 13:16:41,639 - INFO - Epoch 183 training loss = 2.788
2023-04-24 13:16:42,211 - INFO - Epoch 184 training loss = 2.763
2023-04-24 13:16:42,784 - INFO - Epoch 185 training loss = 2.629
2023-04-24 13:16:43,355 - INFO - Epoch 186 training loss = 2.729
2023-04-24 13:16:43,920 - INFO - Epoch 187 training loss = 2.637
2023-04-24 13:16:44,485 - INFO - Epoch 188 training loss = 2.659
2023-04-24 13:16:45,058 - INFO - Epoch 189 training loss = 2.661
2023-04-24 13:16:45,644 - INFO - Epoch 190 training loss = 2.676
2023-04-24 13:16:45,680 - INFO - Validation loss = 3.886
2023-04-24 13:16:46,250 - INFO - Epoch 191 training loss = 2.637
2023-04-24 13:16:46,818 - INFO - Epoch 192 training loss = 2.693
2023-04-24 13:16:47,381 - INFO - Epoch 193 training loss = 2.647
2023-04-24 13:16:47,944 - INFO - Epoch 194 training loss = 2.629
2023-04-24 13:16:48,506 - INFO - Epoch 195 training loss = 2.61
2023-04-24 13:16:49,069 - INFO - Epoch 196 training loss = 2.576
2023-04-24 13:16:49,636 - INFO - Epoch 197 training loss = 2.582
2023-04-24 13:16:50,212 - INFO - Epoch 198 training loss = 2.595
2023-04-24 13:16:50,780 - INFO - Epoch 199 training loss = 2.535
2023-04-24 13:16:51,346 - INFO - Epoch 200 training loss = 2.503
2023-04-24 13:16:51,382 - INFO - Validation loss = 4.177
2023-04-24 13:16:51,950 - INFO - Epoch 201 training loss = 2.486
2023-04-24 13:16:52,518 - INFO - Epoch 202 training loss = 2.524
2023-04-24 13:16:53,082 - INFO - Epoch 203 training loss = 2.512
2023-04-24 13:16:53,666 - INFO - Epoch 204 training loss = 2.473
2023-04-24 13:16:54,252 - INFO - Epoch 205 training loss = 2.561
2023-04-24 13:16:54,832 - INFO - Epoch 206 training loss = 2.449
2023-04-24 13:16:55,401 - INFO - Epoch 207 training loss = 2.507
2023-04-24 13:16:55,975 - INFO - Epoch 208 training loss = 2.482
2023-04-24 13:16:56,541 - INFO - Epoch 209 training loss = 2.508
2023-04-24 13:16:57,105 - INFO - Epoch 210 training loss = 2.42
2023-04-24 13:16:57,140 - INFO - Validation loss = 3.815
2023-04-24 13:16:57,710 - INFO - Epoch 211 training loss = 2.446
2023-04-24 13:16:58,274 - INFO - Epoch 212 training loss = 2.428
2023-04-24 13:16:58,841 - INFO - Epoch 213 training loss = 2.461
2023-04-24 13:16:59,411 - INFO - Epoch 214 training loss = 2.349
2023-04-24 13:16:59,989 - INFO - Epoch 215 training loss = 2.381
2023-04-24 13:17:00,560 - INFO - Epoch 216 training loss = 2.368
2023-04-24 13:17:01,142 - INFO - Epoch 217 training loss = 2.39
2023-04-24 13:17:01,734 - INFO - Epoch 218 training loss = 2.313
2023-04-24 13:17:02,321 - INFO - Epoch 219 training loss = 2.39
2023-04-24 13:17:02,893 - INFO - Epoch 220 training loss = 2.329
2023-04-24 13:17:02,928 - INFO - Validation loss = 3.756
2023-04-24 13:17:03,501 - INFO - Epoch 221 training loss = 2.36
2023-04-24 13:17:04,073 - INFO - Epoch 222 training loss = 2.33
2023-04-24 13:17:04,655 - INFO - Epoch 223 training loss = 2.316
2023-04-24 13:17:05,229 - INFO - Epoch 224 training loss = 2.304
2023-04-24 13:17:05,797 - INFO - Epoch 225 training loss = 2.311
2023-04-24 13:17:06,367 - INFO - Epoch 226 training loss = 2.254
2023-04-24 13:17:06,937 - INFO - Epoch 227 training loss = 2.267
2023-04-24 13:17:07,509 - INFO - Epoch 228 training loss = 2.254
2023-04-24 13:17:08,102 - INFO - Epoch 229 training loss = 2.254
2023-04-24 13:17:08,690 - INFO - Epoch 230 training loss = 2.283
2023-04-24 13:17:08,726 - INFO - Validation loss = 3.628
2023-04-24 13:17:09,319 - INFO - Epoch 231 training loss = 2.201
2023-04-24 13:17:09,913 - INFO - Epoch 232 training loss = 2.229
2023-04-24 13:17:10,502 - INFO - Epoch 233 training loss = 2.25
2023-04-24 13:17:11,083 - INFO - Epoch 234 training loss = 2.228
2023-04-24 13:17:11,664 - INFO - Epoch 235 training loss = 2.18
2023-04-24 13:17:12,253 - INFO - Epoch 236 training loss = 2.162
2023-04-24 13:17:12,832 - INFO - Epoch 237 training loss = 2.203
2023-04-24 13:17:13,412 - INFO - Epoch 238 training loss = 2.205
2023-04-24 13:17:14,001 - INFO - Epoch 239 training loss = 2.187
2023-04-24 13:17:14,590 - INFO - Epoch 240 training loss = 2.152
2023-04-24 13:17:14,625 - INFO - Validation loss = 3.69
2023-04-24 13:17:15,210 - INFO - Epoch 241 training loss = 2.16
2023-04-24 13:17:15,790 - INFO - Epoch 242 training loss = 2.173
2023-04-24 13:17:16,358 - INFO - Epoch 243 training loss = 2.147
2023-04-24 13:17:16,934 - INFO - Epoch 244 training loss = 2.146
2023-04-24 13:17:17,500 - INFO - Epoch 245 training loss = 2.094
2023-04-24 13:17:18,074 - INFO - Epoch 246 training loss = 2.113
2023-04-24 13:17:18,644 - INFO - Epoch 247 training loss = 2.103
2023-04-24 13:17:19,213 - INFO - Epoch 248 training loss = 2.096
2023-04-24 13:17:19,785 - INFO - Epoch 249 training loss = 2.094
2023-04-24 13:17:20,360 - INFO - Epoch 250 training loss = 2.06
2023-04-24 13:17:20,395 - INFO - Validation loss = 3.582
2023-04-24 13:17:20,981 - INFO - Epoch 251 training loss = 2.096
2023-04-24 13:17:21,555 - INFO - Epoch 252 training loss = 2.089
2023-04-24 13:17:22,123 - INFO - Epoch 253 training loss = 2.082
2023-04-24 13:17:22,693 - INFO - Epoch 254 training loss = 2.054
2023-04-24 13:17:23,261 - INFO - Epoch 255 training loss = 2.024
2023-04-24 13:17:23,831 - INFO - Epoch 256 training loss = 2.056
2023-04-24 13:17:24,400 - INFO - Epoch 257 training loss = 1.987
2023-04-24 13:17:24,976 - INFO - Epoch 258 training loss = 2.021
2023-04-24 13:17:25,539 - INFO - Epoch 259 training loss = 2.012
2023-04-24 13:17:26,106 - INFO - Epoch 260 training loss = 1.985
2023-04-24 13:17:26,140 - INFO - Validation loss = 3.653
2023-04-24 13:17:26,701 - INFO - Epoch 261 training loss = 2.007
2023-04-24 13:17:27,266 - INFO - Epoch 262 training loss = 1.98
2023-04-24 13:17:27,831 - INFO - Epoch 263 training loss = 1.948
2023-04-24 13:17:28,391 - INFO - Epoch 264 training loss = 1.995
2023-04-24 13:17:28,962 - INFO - Epoch 265 training loss = 1.955
2023-04-24 13:17:29,527 - INFO - Epoch 266 training loss = 1.966
2023-04-24 13:17:30,098 - INFO - Epoch 267 training loss = 1.993
2023-04-24 13:17:30,661 - INFO - Epoch 268 training loss = 1.927
2023-04-24 13:17:31,225 - INFO - Epoch 269 training loss = 1.965
2023-04-24 13:17:31,790 - INFO - Epoch 270 training loss = 1.93
2023-04-24 13:17:31,825 - INFO - Validation loss = 3.603
2023-04-24 13:17:32,389 - INFO - Epoch 271 training loss = 1.907
2023-04-24 13:17:32,959 - INFO - Epoch 272 training loss = 1.914
2023-04-24 13:17:33,523 - INFO - Epoch 273 training loss = 1.898
2023-04-24 13:17:34,088 - INFO - Epoch 274 training loss = 1.881
2023-04-24 13:17:34,653 - INFO - Epoch 275 training loss = 1.893
2023-04-24 13:17:35,225 - INFO - Epoch 276 training loss = 1.892
2023-04-24 13:17:35,789 - INFO - Epoch 277 training loss = 1.876
2023-04-24 13:17:36,353 - INFO - Epoch 278 training loss = 1.852
2023-04-24 13:17:36,922 - INFO - Epoch 279 training loss = 1.864
2023-04-24 13:17:37,509 - INFO - Epoch 280 training loss = 1.828
2023-04-24 13:17:37,544 - INFO - Validation loss = 3.557
2023-04-24 13:17:38,141 - INFO - Epoch 281 training loss = 1.86
2023-04-24 13:17:38,733 - INFO - Epoch 282 training loss = 1.846
2023-04-24 13:17:39,321 - INFO - Epoch 283 training loss = 1.874
2023-04-24 13:17:39,895 - INFO - Epoch 284 training loss = 1.846
2023-04-24 13:17:40,465 - INFO - Epoch 285 training loss = 1.829
2023-04-24 13:17:41,045 - INFO - Epoch 286 training loss = 1.836
2023-04-24 13:17:41,609 - INFO - Epoch 287 training loss = 1.834
2023-04-24 13:17:42,186 - INFO - Epoch 288 training loss = 1.801
2023-04-24 13:17:42,772 - INFO - Epoch 289 training loss = 1.798
2023-04-24 13:17:43,339 - INFO - Epoch 290 training loss = 1.814
2023-04-24 13:17:43,374 - INFO - Validation loss = 3.611
2023-04-24 13:17:43,943 - INFO - Epoch 291 training loss = 1.785
2023-04-24 13:17:44,510 - INFO - Epoch 292 training loss = 1.803
2023-04-24 13:17:45,082 - INFO - Epoch 293 training loss = 1.773
2023-04-24 13:17:45,658 - INFO - Epoch 294 training loss = 1.765
2023-04-24 13:17:46,228 - INFO - Epoch 295 training loss = 1.744
2023-04-24 13:17:46,795 - INFO - Epoch 296 training loss = 1.731
2023-04-24 13:17:47,384 - INFO - Epoch 297 training loss = 1.76
2023-04-24 13:17:47,978 - INFO - Epoch 298 training loss = 1.753
2023-04-24 13:17:48,567 - INFO - Epoch 299 training loss = 1.755
2023-04-24 13:17:49,159 - INFO - Epoch 300 training loss = 1.729
2023-04-24 13:17:49,195 - INFO - Validation loss = 3.499
2023-04-24 13:17:49,792 - INFO - Epoch 301 training loss = 1.73
2023-04-24 13:17:50,374 - INFO - Epoch 302 training loss = 1.744
2023-04-24 13:17:50,946 - INFO - Epoch 303 training loss = 1.717
2023-04-24 13:17:51,526 - INFO - Epoch 304 training loss = 1.707
2023-04-24 13:17:52,117 - INFO - Epoch 305 training loss = 1.71
2023-04-24 13:17:52,706 - INFO - Epoch 306 training loss = 1.704
2023-04-24 13:17:53,293 - INFO - Epoch 307 training loss = 1.688
2023-04-24 13:17:53,871 - INFO - Epoch 308 training loss = 1.681
2023-04-24 13:17:54,448 - INFO - Epoch 309 training loss = 1.676
2023-04-24 13:17:55,029 - INFO - Epoch 310 training loss = 1.655
2023-04-24 13:17:55,064 - INFO - Validation loss = 3.436
2023-04-24 13:17:55,648 - INFO - Epoch 311 training loss = 1.673
2023-04-24 13:17:56,223 - INFO - Epoch 312 training loss = 1.666
2023-04-24 13:17:56,801 - INFO - Epoch 313 training loss = 1.648
2023-04-24 13:17:57,375 - INFO - Epoch 314 training loss = 1.675
2023-04-24 13:17:57,947 - INFO - Epoch 315 training loss = 1.646
2023-04-24 13:17:58,535 - INFO - Epoch 316 training loss = 1.662
2023-04-24 13:17:59,127 - INFO - Epoch 317 training loss = 1.647
2023-04-24 13:17:59,721 - INFO - Epoch 318 training loss = 1.636
2023-04-24 13:18:00,295 - INFO - Epoch 319 training loss = 1.637
2023-04-24 13:18:00,877 - INFO - Epoch 320 training loss = 1.628
2023-04-24 13:18:00,912 - INFO - Validation loss = 3.405
2023-04-24 13:18:01,498 - INFO - Epoch 321 training loss = 1.612
2023-04-24 13:18:02,075 - INFO - Epoch 322 training loss = 1.62
2023-04-24 13:18:02,640 - INFO - Epoch 323 training loss = 1.605
2023-04-24 13:18:03,230 - INFO - Epoch 324 training loss = 1.602
2023-04-24 13:18:03,805 - INFO - Epoch 325 training loss = 1.603
2023-04-24 13:18:04,375 - INFO - Epoch 326 training loss = 1.593
2023-04-24 13:18:04,951 - INFO - Epoch 327 training loss = 1.607
2023-04-24 13:18:05,514 - INFO - Epoch 328 training loss = 1.575
2023-04-24 13:18:06,082 - INFO - Epoch 329 training loss = 1.58
2023-04-24 13:18:06,644 - INFO - Epoch 330 training loss = 1.568
2023-04-24 13:18:06,680 - INFO - Validation loss = 3.355
2023-04-24 13:18:07,261 - INFO - Epoch 331 training loss = 1.554
2023-04-24 13:18:07,907 - INFO - Epoch 332 training loss = 1.568
2023-04-24 13:18:08,495 - INFO - Epoch 333 training loss = 1.563
2023-04-24 13:18:09,066 - INFO - Epoch 334 training loss = 1.548
2023-04-24 13:18:09,634 - INFO - Epoch 335 training loss = 1.548
2023-04-24 13:18:10,211 - INFO - Epoch 336 training loss = 1.547
2023-04-24 13:18:10,787 - INFO - Epoch 337 training loss = 1.529
2023-04-24 13:18:11,380 - INFO - Epoch 338 training loss = 1.535
2023-04-24 13:18:11,971 - INFO - Epoch 339 training loss = 1.522
2023-04-24 13:18:12,547 - INFO - Epoch 340 training loss = 1.534
2023-04-24 13:18:12,582 - INFO - Validation loss = 3.381
2023-04-24 13:18:13,153 - INFO - Epoch 341 training loss = 1.524
2023-04-24 13:18:13,724 - INFO - Epoch 342 training loss = 1.51
2023-04-24 13:18:14,320 - INFO - Epoch 343 training loss = 1.518
2023-04-24 13:18:14,919 - INFO - Epoch 344 training loss =  1.5
2023-04-24 13:18:15,498 - INFO - Epoch 345 training loss = 1.512
2023-04-24 13:18:16,069 - INFO - Epoch 346 training loss = 1.495
2023-04-24 13:18:16,638 - INFO - Epoch 347 training loss = 1.496
2023-04-24 13:18:17,203 - INFO - Epoch 348 training loss = 1.493
2023-04-24 13:18:17,766 - INFO - Epoch 349 training loss = 1.486
2023-04-24 13:18:18,329 - INFO - Epoch 350 training loss = 1.481
2023-04-24 13:18:18,364 - INFO - Validation loss = 3.39
2023-04-24 13:18:18,930 - INFO - Epoch 351 training loss = 1.473
2023-04-24 13:18:19,493 - INFO - Epoch 352 training loss = 1.464
2023-04-24 13:18:20,066 - INFO - Epoch 353 training loss = 1.469
2023-04-24 13:18:20,629 - INFO - Epoch 354 training loss = 1.468
2023-04-24 13:18:21,202 - INFO - Epoch 355 training loss = 1.464
2023-04-24 13:18:21,765 - INFO - Epoch 356 training loss = 1.464
2023-04-24 13:18:22,327 - INFO - Epoch 357 training loss = 1.459
2023-04-24 13:18:22,890 - INFO - Epoch 358 training loss = 1.45
2023-04-24 13:18:23,454 - INFO - Epoch 359 training loss = 1.45
2023-04-24 13:18:24,019 - INFO - Epoch 360 training loss = 1.438
2023-04-24 13:18:24,055 - INFO - Validation loss = 3.41
2023-04-24 13:18:24,624 - INFO - Epoch 361 training loss = 1.452
2023-04-24 13:18:25,197 - INFO - Epoch 362 training loss = 1.435
2023-04-24 13:18:25,789 - INFO - Epoch 363 training loss = 1.425
2023-04-24 13:18:26,381 - INFO - Epoch 364 training loss = 1.431
2023-04-24 13:18:26,972 - INFO - Epoch 365 training loss = 1.427
2023-04-24 13:18:27,545 - INFO - Epoch 366 training loss = 1.424
2023-04-24 13:18:28,106 - INFO - Epoch 367 training loss = 1.417
2023-04-24 13:18:28,671 - INFO - Epoch 368 training loss = 1.414
2023-04-24 13:18:29,235 - INFO - Epoch 369 training loss = 1.409
2023-04-24 13:18:29,803 - INFO - Epoch 370 training loss = 1.401
2023-04-24 13:18:29,838 - INFO - Validation loss = 3.336
2023-04-24 13:18:30,415 - INFO - Epoch 371 training loss = 1.406
2023-04-24 13:18:30,986 - INFO - Epoch 372 training loss = 1.402
2023-04-24 13:18:31,561 - INFO - Epoch 373 training loss = 1.402
2023-04-24 13:18:32,129 - INFO - Epoch 374 training loss = 1.392
2023-04-24 13:18:32,695 - INFO - Epoch 375 training loss = 1.394
2023-04-24 13:18:33,259 - INFO - Epoch 376 training loss = 1.392
2023-04-24 13:18:33,822 - INFO - Epoch 377 training loss = 1.385
2023-04-24 13:18:34,386 - INFO - Epoch 378 training loss = 1.383
2023-04-24 13:18:34,959 - INFO - Epoch 379 training loss = 1.373
2023-04-24 13:18:35,523 - INFO - Epoch 380 training loss = 1.379
2023-04-24 13:18:35,558 - INFO - Validation loss = 3.395
2023-04-24 13:18:36,125 - INFO - Epoch 381 training loss = 1.37
2023-04-24 13:18:36,697 - INFO - Epoch 382 training loss = 1.369
2023-04-24 13:18:37,265 - INFO - Epoch 383 training loss = 1.367
2023-04-24 13:18:37,834 - INFO - Epoch 384 training loss = 1.363
2023-04-24 13:18:38,403 - INFO - Epoch 385 training loss = 1.363
2023-04-24 13:18:38,979 - INFO - Epoch 386 training loss = 1.358
2023-04-24 13:18:39,549 - INFO - Epoch 387 training loss = 1.357
2023-04-24 13:18:40,142 - INFO - Epoch 388 training loss = 1.35
2023-04-24 13:18:40,729 - INFO - Epoch 389 training loss = 1.352
2023-04-24 13:18:41,302 - INFO - Epoch 390 training loss = 1.345
2023-04-24 13:18:41,338 - INFO - Validation loss = 3.435
2023-04-24 13:18:41,919 - INFO - Epoch 391 training loss = 1.343
2023-04-24 13:18:42,497 - INFO - Epoch 392 training loss = 1.342
2023-04-24 13:18:43,065 - INFO - Epoch 393 training loss = 1.337
2023-04-24 13:18:43,637 - INFO - Epoch 394 training loss = 1.334
2023-04-24 13:18:44,205 - INFO - Epoch 395 training loss = 1.333
2023-04-24 13:18:44,779 - INFO - Epoch 396 training loss = 1.328
2023-04-24 13:18:45,356 - INFO - Epoch 397 training loss = 1.326
2023-04-24 13:18:45,952 - INFO - Epoch 398 training loss = 1.326
2023-04-24 13:18:46,544 - INFO - Epoch 399 training loss = 1.325
2023-04-24 13:18:47,125 - INFO - Epoch 400 training loss = 1.318
2023-04-24 13:18:47,161 - INFO - Validation loss = 3.357
2023-04-24 13:18:47,755 - INFO - Epoch 401 training loss = 1.316
2023-04-24 13:18:48,346 - INFO - Epoch 402 training loss = 1.315
2023-04-24 13:18:48,938 - INFO - Epoch 403 training loss = 1.309
2023-04-24 13:18:49,505 - INFO - Epoch 404 training loss = 1.306
2023-04-24 13:18:50,097 - INFO - Epoch 405 training loss = 1.306
2023-04-24 13:18:50,690 - INFO - Epoch 406 training loss = 1.302
2023-04-24 13:18:51,283 - INFO - Epoch 407 training loss =  1.3
2023-04-24 13:18:51,868 - INFO - Epoch 408 training loss = 1.301
2023-04-24 13:18:52,440 - INFO - Epoch 409 training loss = 1.298
2023-04-24 13:18:53,005 - INFO - Epoch 410 training loss = 1.299
2023-04-24 13:18:53,040 - INFO - Validation loss = 3.357
2023-04-24 13:18:53,604 - INFO - Epoch 411 training loss = 1.292
2023-04-24 13:18:54,169 - INFO - Epoch 412 training loss = 1.294
2023-04-24 13:18:54,734 - INFO - Epoch 413 training loss = 1.29
2023-04-24 13:18:55,305 - INFO - Epoch 414 training loss = 1.286
2023-04-24 13:18:55,884 - INFO - Epoch 415 training loss = 1.285
2023-04-24 13:18:56,448 - INFO - Epoch 416 training loss = 1.283
2023-04-24 13:18:57,020 - INFO - Epoch 417 training loss = 1.282
2023-04-24 13:18:57,614 - INFO - Epoch 418 training loss = 1.278
2023-04-24 13:18:58,184 - INFO - Epoch 419 training loss = 1.28
2023-04-24 13:18:58,747 - INFO - Epoch 420 training loss = 1.275
2023-04-24 13:18:58,782 - INFO - Validation loss = 3.361
2023-04-24 13:18:59,343 - INFO - Epoch 421 training loss = 1.276
2023-04-24 13:18:59,934 - INFO - Epoch 422 training loss = 1.271
2023-04-24 13:19:00,524 - INFO - Epoch 423 training loss = 1.271
2023-04-24 13:19:01,117 - INFO - Epoch 424 training loss = 1.268
2023-04-24 13:19:01,708 - INFO - Epoch 425 training loss = 1.271
2023-04-24 13:19:02,295 - INFO - Epoch 426 training loss = 1.264
2023-04-24 13:19:02,875 - INFO - Epoch 427 training loss = 1.267
2023-04-24 13:19:03,445 - INFO - Epoch 428 training loss = 1.26
2023-04-24 13:19:04,008 - INFO - Epoch 429 training loss = 1.259
2023-04-24 13:19:04,573 - INFO - Epoch 430 training loss = 1.258
2023-04-24 13:19:04,608 - INFO - Validation loss = 3.368
2023-04-24 13:19:05,181 - INFO - Epoch 431 training loss = 1.256
2023-04-24 13:19:05,745 - INFO - Epoch 432 training loss = 1.255
2023-04-24 13:19:06,314 - INFO - Epoch 433 training loss = 1.254
2023-04-24 13:19:06,880 - INFO - Epoch 434 training loss = 1.25
2023-04-24 13:19:07,444 - INFO - Epoch 435 training loss = 1.25
2023-04-24 13:19:08,013 - INFO - Epoch 436 training loss = 1.248
2023-04-24 13:19:08,583 - INFO - Epoch 437 training loss = 1.247
2023-04-24 13:19:09,153 - INFO - Epoch 438 training loss = 1.247
2023-04-24 13:19:09,720 - INFO - Epoch 439 training loss = 1.243
2023-04-24 13:19:10,292 - INFO - Epoch 440 training loss = 1.243
2023-04-24 13:19:10,327 - INFO - Validation loss = 3.351
2023-04-24 13:19:10,896 - INFO - Epoch 441 training loss = 1.242
2023-04-24 13:19:11,462 - INFO - Epoch 442 training loss = 1.241
2023-04-24 13:19:12,043 - INFO - Epoch 443 training loss = 1.238
2023-04-24 13:19:12,616 - INFO - Epoch 444 training loss = 1.237
2023-04-24 13:19:13,197 - INFO - Epoch 445 training loss = 1.235
2023-04-24 13:19:13,776 - INFO - Epoch 446 training loss = 1.234
2023-04-24 13:19:14,351 - INFO - Epoch 447 training loss = 1.234
2023-04-24 13:19:14,931 - INFO - Epoch 448 training loss = 1.232
2023-04-24 13:19:15,508 - INFO - Epoch 449 training loss = 1.231
2023-04-24 13:19:16,086 - INFO - Epoch 450 training loss = 1.23
2023-04-24 13:19:16,121 - INFO - Validation loss = 3.348
2023-04-24 13:19:16,692 - INFO - Epoch 451 training loss = 1.228
2023-04-24 13:19:17,265 - INFO - Epoch 452 training loss = 1.227
2023-04-24 13:19:17,841 - INFO - Epoch 453 training loss = 1.226
2023-04-24 13:19:18,411 - INFO - Epoch 454 training loss = 1.225
2023-04-24 13:19:18,978 - INFO - Epoch 455 training loss = 1.223
2023-04-24 13:19:19,546 - INFO - Epoch 456 training loss = 1.223
2023-04-24 13:19:20,126 - INFO - Epoch 457 training loss = 1.222
2023-04-24 13:19:20,699 - INFO - Epoch 458 training loss = 1.221
2023-04-24 13:19:21,273 - INFO - Epoch 459 training loss = 1.22
2023-04-24 13:19:21,854 - INFO - Epoch 460 training loss = 1.219
2023-04-24 13:19:21,889 - INFO - Validation loss = 3.359
2023-04-24 13:19:22,462 - INFO - Epoch 461 training loss = 1.219
2023-04-24 13:19:23,034 - INFO - Epoch 462 training loss = 1.218
2023-04-24 13:19:23,606 - INFO - Epoch 463 training loss = 1.216
2023-04-24 13:19:24,178 - INFO - Epoch 464 training loss = 1.215
2023-04-24 13:19:24,753 - INFO - Epoch 465 training loss = 1.215
2023-04-24 13:19:25,335 - INFO - Epoch 466 training loss = 1.213
2023-04-24 13:19:25,912 - INFO - Epoch 467 training loss = 1.213
2023-04-24 13:19:26,488 - INFO - Epoch 468 training loss = 1.213
2023-04-24 13:19:27,064 - INFO - Epoch 469 training loss = 1.212
2023-04-24 13:19:27,640 - INFO - Epoch 470 training loss = 1.21
2023-04-24 13:19:27,676 - INFO - Validation loss = 3.346
2023-04-24 13:19:28,252 - INFO - Epoch 471 training loss = 1.21
2023-04-24 13:19:28,827 - INFO - Epoch 472 training loss = 1.209
2023-04-24 13:19:29,403 - INFO - Epoch 473 training loss = 1.209
2023-04-24 13:19:29,997 - INFO - Epoch 474 training loss = 1.208
2023-04-24 13:19:30,576 - INFO - Epoch 475 training loss = 1.207
2023-04-24 13:19:31,152 - INFO - Epoch 476 training loss = 1.207
2023-04-24 13:19:31,728 - INFO - Epoch 477 training loss = 1.206
2023-04-24 13:19:32,307 - INFO - Epoch 478 training loss = 1.205
2023-04-24 13:19:32,886 - INFO - Epoch 479 training loss = 1.205
2023-04-24 13:19:33,450 - INFO - Epoch 480 training loss = 1.204
2023-04-24 13:19:33,484 - INFO - Validation loss = 3.349
2023-04-24 13:19:34,051 - INFO - Epoch 481 training loss = 1.204
2023-04-24 13:19:34,640 - INFO - Epoch 482 training loss = 1.203
2023-04-24 13:19:35,231 - INFO - Epoch 483 training loss = 1.203
2023-04-24 13:19:35,797 - INFO - Epoch 484 training loss = 1.203
2023-04-24 13:19:36,386 - INFO - Epoch 485 training loss = 1.202
2023-04-24 13:19:36,975 - INFO - Epoch 486 training loss = 1.202
2023-04-24 13:19:37,560 - INFO - Epoch 487 training loss = 1.202
2023-04-24 13:19:38,150 - INFO - Epoch 488 training loss = 1.201
2023-04-24 13:19:38,739 - INFO - Epoch 489 training loss = 1.201
2023-04-24 13:19:39,329 - INFO - Epoch 490 training loss = 1.201
2023-04-24 13:19:39,364 - INFO - Validation loss = 3.348
2023-04-24 13:19:39,953 - INFO - Epoch 491 training loss = 1.201
2023-04-24 13:19:40,540 - INFO - Epoch 492 training loss =  1.2
2023-04-24 13:19:41,131 - INFO - Epoch 493 training loss =  1.2
2023-04-24 13:19:41,709 - INFO - Epoch 494 training loss =  1.2
2023-04-24 13:19:42,300 - INFO - Epoch 495 training loss =  1.2
2023-04-24 13:19:42,890 - INFO - Epoch 496 training loss = 1.199
2023-04-24 13:19:43,458 - INFO - Epoch 497 training loss = 1.199
2023-04-24 13:19:44,025 - INFO - Epoch 498 training loss = 1.199
2023-04-24 13:19:44,592 - INFO - Epoch 499 training loss = 1.199
2023-04-24 13:19:44,621 - INFO - Validation loss = 3.348
