2023-04-26 20:58:28,026 - INFO - Config:
Namespace(config='configs/implicit_mlp.yaml', dir='/user/delden/acoustics/spp_ai_acoustics/acousticNN/experiments/arch/no_encoding/implicitmlp', epochs=100, device='cuda', seed=1, parameter_list='configs/data.yaml', encoding='none', dir_name='arch/no_encoding/implicitmlp')
2023-04-26 20:58:28,026 - INFO - Config:
Munch({'optimizer': Munch({'type': 'AdamW', 'kwargs': Munch({'lr': 0.001, 'weight_decay': 0.005, 'betas': [0.9, 0.95]})}), 'scheduler': Munch({'type': 'CosLR', 'kwargs': Munch({'epochs': 500, 'initial_epochs': 25})}), 'model': Munch({'name': 'ImplicitMLP', 'input_encoding': False, 'encoding_dim': 16, 'embed_dim': 64, 'depth': 7, 'mlp_width': 256}), 'generation_frequency': 5001, 'validation_frequency': 10, 'batch_size': 16, 'epochs': 500, 'gradient_clip': 10})
2023-04-26 20:58:47,083 - INFO - ==========================================================================================
Layer (type:depth-idx)                   Output Shape              Param #
==========================================================================================
ImplicitMLP                              [16, 200, 4]              --
├─GroupwiseProjection: 1-1               [3200, 15, 64]            --
│    └─ModuleList: 2-1                   --                        --
│    │    └─Linear: 3-1                  [3200, 4, 64]             128
│    │    └─Linear: 3-2                  [3200, 5, 64]             128
│    │    └─Linear: 3-3                  [3200, 5, 64]             128
│    │    └─Linear: 3-4                  [3200, 1, 64]             128
├─MLP: 1-2                               [3200, 256]               --
│    └─Linear: 2-2                       [3200, 256]               246,016
│    └─ReLU: 2-3                         [3200, 256]               --
│    └─Dropout: 2-4                      [3200, 256]               --
│    └─Linear: 2-5                       [3200, 256]               65,792
│    └─ReLU: 2-6                         [3200, 256]               --
│    └─Dropout: 2-7                      [3200, 256]               --
│    └─Linear: 2-8                       [3200, 256]               65,792
│    └─ReLU: 2-9                         [3200, 256]               --
│    └─Dropout: 2-10                     [3200, 256]               --
│    └─Linear: 2-11                      [3200, 256]               65,792
│    └─ReLU: 2-12                        [3200, 256]               --
│    └─Dropout: 2-13                     [3200, 256]               --
│    └─Linear: 2-14                      [3200, 256]               65,792
│    └─ReLU: 2-15                        [3200, 256]               --
│    └─Dropout: 2-16                     [3200, 256]               --
│    └─Linear: 2-17                      [3200, 256]               65,792
│    └─ReLU: 2-18                        [3200, 256]               --
│    └─Dropout: 2-19                     [3200, 256]               --
│    └─Linear: 2-20                      [3200, 256]               65,792
│    └─Dropout: 2-21                     [3200, 256]               --
├─Linear: 1-3                            [3200, 4]                 1,028
==========================================================================================
Total params: 642,308
Trainable params: 642,308
Non-trainable params: 0
Total mult-adds (G): 2.06
==========================================================================================
Input size (MB): 0.01
Forward/backward pass size (MB): 70.55
Params size (MB): 2.57
Estimated Total Size (MB): 73.14
==========================================================================================
2023-04-26 20:58:47,870 - INFO - Epoch 0 training loss = 3.266e+03
2023-04-26 20:58:47,936 - INFO - Validation loss = 3.143e+03
2023-04-26 20:58:47,936 - INFO - best model
2023-04-26 20:58:48,710 - INFO - Epoch 1 training loss = 3.028e+03
2023-04-26 20:58:49,470 - INFO - Epoch 2 training loss = 705.1
2023-04-26 20:58:50,231 - INFO - Epoch 3 training loss = 126.7
2023-04-26 20:58:50,990 - INFO - Epoch 4 training loss = 101.5
2023-04-26 20:58:51,750 - INFO - Epoch 5 training loss = 88.85
2023-04-26 20:58:52,509 - INFO - Epoch 6 training loss = 75.85
2023-04-26 20:58:53,269 - INFO - Epoch 7 training loss = 64.01
2023-04-26 20:58:54,027 - INFO - Epoch 8 training loss = 51.68
2023-04-26 20:58:54,787 - INFO - Epoch 9 training loss = 43.72
2023-04-26 20:58:55,546 - INFO - Epoch 10 training loss = 37.97
2023-04-26 20:58:55,608 - INFO - Validation loss = 34.09
2023-04-26 20:58:55,608 - INFO - best model
2023-04-26 20:58:56,378 - INFO - Epoch 11 training loss = 35.96
2023-04-26 20:58:57,138 - INFO - Epoch 12 training loss = 32.33
2023-04-26 20:58:57,897 - INFO - Epoch 13 training loss = 27.04
2023-04-26 20:58:58,656 - INFO - Epoch 14 training loss = 26.53
2023-04-26 20:58:59,415 - INFO - Epoch 15 training loss = 24.41
2023-04-26 20:59:00,175 - INFO - Epoch 16 training loss = 23.03
2023-04-26 20:59:00,935 - INFO - Epoch 17 training loss = 20.98
2023-04-26 20:59:01,695 - INFO - Epoch 18 training loss = 20.37
2023-04-26 20:59:02,454 - INFO - Epoch 19 training loss = 17.99
2023-04-26 20:59:03,213 - INFO - Epoch 20 training loss = 17.68
2023-04-26 20:59:03,275 - INFO - Validation loss = 17.36
2023-04-26 20:59:03,275 - INFO - best model
2023-04-26 20:59:04,045 - INFO - Epoch 21 training loss = 16.98
2023-04-26 20:59:04,807 - INFO - Epoch 22 training loss = 15.95
2023-04-26 20:59:05,567 - INFO - Epoch 23 training loss = 15.71
2023-04-26 20:59:06,326 - INFO - Epoch 24 training loss = 14.91
2023-04-26 20:59:07,086 - INFO - Epoch 25 training loss = 14.65
2023-04-26 20:59:07,847 - INFO - Epoch 26 training loss = 14.77
2023-04-26 20:59:08,607 - INFO - Epoch 27 training loss = 13.81
2023-04-26 20:59:09,369 - INFO - Epoch 28 training loss = 12.33
2023-04-26 20:59:10,130 - INFO - Epoch 29 training loss = 11.76
2023-04-26 20:59:10,891 - INFO - Epoch 30 training loss = 11.23
2023-04-26 20:59:10,954 - INFO - Validation loss = 9.836
2023-04-26 20:59:10,954 - INFO - best model
2023-04-26 20:59:11,726 - INFO - Epoch 31 training loss = 10.59
2023-04-26 20:59:12,486 - INFO - Epoch 32 training loss = 9.293
2023-04-26 20:59:13,246 - INFO - Epoch 33 training loss = 9.663
2023-04-26 20:59:14,006 - INFO - Epoch 34 training loss = 9.458
2023-04-26 20:59:14,765 - INFO - Epoch 35 training loss = 9.146
2023-04-26 20:59:15,522 - INFO - Epoch 36 training loss = 8.034
2023-04-26 20:59:16,278 - INFO - Epoch 37 training loss = 8.075
2023-04-26 20:59:17,035 - INFO - Epoch 38 training loss = 7.304
2023-04-26 20:59:17,792 - INFO - Epoch 39 training loss = 7.805
2023-04-26 20:59:18,550 - INFO - Epoch 40 training loss = 7.796
2023-04-26 20:59:18,612 - INFO - Validation loss = 7.737
2023-04-26 20:59:18,612 - INFO - best model
2023-04-26 20:59:19,383 - INFO - Epoch 41 training loss = 7.116
2023-04-26 20:59:20,143 - INFO - Epoch 42 training loss = 7.217
2023-04-26 20:59:20,902 - INFO - Epoch 43 training loss = 6.733
2023-04-26 20:59:21,662 - INFO - Epoch 44 training loss = 6.966
2023-04-26 20:59:22,421 - INFO - Epoch 45 training loss = 6.319
2023-04-26 20:59:23,181 - INFO - Epoch 46 training loss = 6.104
2023-04-26 20:59:23,941 - INFO - Epoch 47 training loss = 6.809
2023-04-26 20:59:24,700 - INFO - Epoch 48 training loss = 6.272
2023-04-26 20:59:25,460 - INFO - Epoch 49 training loss = 6.274
2023-04-26 20:59:26,220 - INFO - Epoch 50 training loss = 5.938
2023-04-26 20:59:26,281 - INFO - Validation loss = 4.917
2023-04-26 20:59:26,281 - INFO - best model
2023-04-26 20:59:27,051 - INFO - Epoch 51 training loss = 5.518
2023-04-26 20:59:27,811 - INFO - Epoch 52 training loss = 5.429
2023-04-26 20:59:28,570 - INFO - Epoch 53 training loss = 5.237
2023-04-26 20:59:29,330 - INFO - Epoch 54 training loss = 5.488
2023-04-26 20:59:30,090 - INFO - Epoch 55 training loss = 5.154
2023-04-26 20:59:30,849 - INFO - Epoch 56 training loss = 5.074
2023-04-26 20:59:31,610 - INFO - Epoch 57 training loss = 5.343
2023-04-26 20:59:32,369 - INFO - Epoch 58 training loss = 4.975
2023-04-26 20:59:33,129 - INFO - Epoch 59 training loss = 4.621
2023-04-26 20:59:33,888 - INFO - Epoch 60 training loss = 5.054
2023-04-26 20:59:33,950 - INFO - Validation loss = 5.748
2023-04-26 20:59:34,711 - INFO - Epoch 61 training loss = 5.223
2023-04-26 20:59:35,470 - INFO - Epoch 62 training loss = 4.665
2023-04-26 20:59:36,230 - INFO - Epoch 63 training loss = 4.748
2023-04-26 20:59:36,989 - INFO - Epoch 64 training loss = 4.701
2023-04-26 20:59:37,749 - INFO - Epoch 65 training loss = 4.757
2023-04-26 20:59:38,509 - INFO - Epoch 66 training loss = 4.248
2023-04-26 20:59:39,268 - INFO - Epoch 67 training loss = 4.704
2023-04-26 20:59:40,028 - INFO - Epoch 68 training loss = 4.431
2023-04-26 20:59:40,787 - INFO - Epoch 69 training loss = 4.397
2023-04-26 20:59:41,547 - INFO - Epoch 70 training loss = 4.184
2023-04-26 20:59:41,611 - INFO - Validation loss = 4.708
2023-04-26 20:59:41,611 - INFO - best model
2023-04-26 20:59:42,381 - INFO - Epoch 71 training loss = 4.548
2023-04-26 20:59:43,142 - INFO - Epoch 72 training loss = 3.803
2023-04-26 20:59:43,902 - INFO - Epoch 73 training loss = 4.066
2023-04-26 20:59:44,663 - INFO - Epoch 74 training loss = 3.992
2023-04-26 20:59:45,420 - INFO - Epoch 75 training loss = 4.031
2023-04-26 20:59:46,177 - INFO - Epoch 76 training loss = 3.904
2023-04-26 20:59:46,934 - INFO - Epoch 77 training loss = 3.87
2023-04-26 20:59:47,691 - INFO - Epoch 78 training loss = 3.975
2023-04-26 20:59:48,448 - INFO - Epoch 79 training loss = 3.841
2023-04-26 20:59:49,205 - INFO - Epoch 80 training loss = 3.576
2023-04-26 20:59:49,267 - INFO - Validation loss = 4.358
2023-04-26 20:59:49,267 - INFO - best model
2023-04-26 20:59:50,034 - INFO - Epoch 81 training loss = 3.725
2023-04-26 20:59:50,792 - INFO - Epoch 82 training loss = 3.65
2023-04-26 20:59:51,549 - INFO - Epoch 83 training loss = 3.727
2023-04-26 20:59:52,306 - INFO - Epoch 84 training loss = 3.837
2023-04-26 20:59:53,063 - INFO - Epoch 85 training loss = 3.583
2023-04-26 20:59:53,821 - INFO - Epoch 86 training loss = 3.283
2023-04-26 20:59:54,578 - INFO - Epoch 87 training loss = 3.586
2023-04-26 20:59:55,335 - INFO - Epoch 88 training loss = 3.508
2023-04-26 20:59:56,089 - INFO - Epoch 89 training loss = 3.46
2023-04-26 20:59:56,843 - INFO - Epoch 90 training loss = 3.435
2023-04-26 20:59:56,904 - INFO - Validation loss = 3.509
2023-04-26 20:59:56,904 - INFO - best model
2023-04-26 20:59:57,669 - INFO - Epoch 91 training loss = 3.158
2023-04-26 20:59:58,424 - INFO - Epoch 92 training loss = 3.37
2023-04-26 20:59:59,178 - INFO - Epoch 93 training loss = 3.106
2023-04-26 20:59:59,932 - INFO - Epoch 94 training loss = 3.248
2023-04-26 21:00:00,687 - INFO - Epoch 95 training loss = 3.21
2023-04-26 21:00:01,442 - INFO - Epoch 96 training loss = 3.203
2023-04-26 21:00:02,199 - INFO - Epoch 97 training loss = 3.191
2023-04-26 21:00:02,954 - INFO - Epoch 98 training loss = 2.953
2023-04-26 21:00:03,708 - INFO - Epoch 99 training loss = 3.244
2023-04-26 21:00:04,465 - INFO - Epoch 100 training loss = 3.124
2023-04-26 21:00:04,525 - INFO - Validation loss = 4.316
2023-04-26 21:00:05,280 - INFO - Epoch 101 training loss = 2.859
2023-04-26 21:00:06,034 - INFO - Epoch 102 training loss = 2.955
2023-04-26 21:00:06,789 - INFO - Epoch 103 training loss = 2.966
2023-04-26 21:00:07,543 - INFO - Epoch 104 training loss = 3.185
2023-04-26 21:00:08,297 - INFO - Epoch 105 training loss = 2.693
2023-04-26 21:00:09,051 - INFO - Epoch 106 training loss =  3.0
2023-04-26 21:00:09,806 - INFO - Epoch 107 training loss = 2.799
2023-04-26 21:00:10,560 - INFO - Epoch 108 training loss = 2.855
2023-04-26 21:00:11,315 - INFO - Epoch 109 training loss = 2.803
2023-04-26 21:00:12,069 - INFO - Epoch 110 training loss = 2.64
2023-04-26 21:00:12,130 - INFO - Validation loss = 2.798
2023-04-26 21:00:12,130 - INFO - best model
2023-04-26 21:00:12,896 - INFO - Epoch 111 training loss = 3.005
2023-04-26 21:00:13,651 - INFO - Epoch 112 training loss = 2.821
2023-04-26 21:00:14,406 - INFO - Epoch 113 training loss = 2.585
2023-04-26 21:00:15,162 - INFO - Epoch 114 training loss = 2.806
2023-04-26 21:00:15,918 - INFO - Epoch 115 training loss = 2.805
2023-04-26 21:00:16,672 - INFO - Epoch 116 training loss = 2.571
2023-04-26 21:00:17,428 - INFO - Epoch 117 training loss = 2.608
2023-04-26 21:00:18,184 - INFO - Epoch 118 training loss = 2.633
2023-04-26 21:00:18,938 - INFO - Epoch 119 training loss = 2.605
2023-04-26 21:00:19,694 - INFO - Epoch 120 training loss = 2.399
2023-04-26 21:00:19,755 - INFO - Validation loss = 3.817
2023-04-26 21:00:20,509 - INFO - Epoch 121 training loss = 2.638
2023-04-26 21:00:21,264 - INFO - Epoch 122 training loss = 2.431
2023-04-26 21:00:22,018 - INFO - Epoch 123 training loss = 2.688
2023-04-26 21:00:22,772 - INFO - Epoch 124 training loss = 2.46
2023-04-26 21:00:23,527 - INFO - Epoch 125 training loss = 2.32
2023-04-26 21:00:24,281 - INFO - Epoch 126 training loss = 2.267
2023-04-26 21:00:25,035 - INFO - Epoch 127 training loss = 2.529
2023-04-26 21:00:25,790 - INFO - Epoch 128 training loss = 2.425
2023-04-26 21:00:26,544 - INFO - Epoch 129 training loss = 2.44
2023-04-26 21:00:27,299 - INFO - Epoch 130 training loss = 2.309
2023-04-26 21:00:27,359 - INFO - Validation loss = 2.824
2023-04-26 21:00:28,114 - INFO - Epoch 131 training loss = 2.362
2023-04-26 21:00:28,869 - INFO - Epoch 132 training loss = 2.343
2023-04-26 21:00:29,623 - INFO - Epoch 133 training loss = 2.357
2023-04-26 21:00:30,378 - INFO - Epoch 134 training loss = 2.205
2023-04-26 21:00:31,133 - INFO - Epoch 135 training loss = 2.381
2023-04-26 21:00:31,890 - INFO - Epoch 136 training loss = 2.34
2023-04-26 21:00:32,645 - INFO - Epoch 137 training loss = 2.16
2023-04-26 21:00:33,400 - INFO - Epoch 138 training loss = 2.233
2023-04-26 21:00:34,159 - INFO - Epoch 139 training loss = 2.458
2023-04-26 21:00:34,916 - INFO - Epoch 140 training loss = 2.234
2023-04-26 21:00:34,977 - INFO - Validation loss = 3.341
2023-04-26 21:00:35,734 - INFO - Epoch 141 training loss = 2.251
2023-04-26 21:00:36,489 - INFO - Epoch 142 training loss = 2.081
2023-04-26 21:00:37,242 - INFO - Epoch 143 training loss = 2.133
2023-04-26 21:00:37,996 - INFO - Epoch 144 training loss = 2.105
2023-04-26 21:00:38,751 - INFO - Epoch 145 training loss = 2.135
2023-04-26 21:00:39,505 - INFO - Epoch 146 training loss = 2.02
2023-04-26 21:00:40,260 - INFO - Epoch 147 training loss = 2.105
2023-04-26 21:00:41,014 - INFO - Epoch 148 training loss = 2.12
2023-04-26 21:00:41,769 - INFO - Epoch 149 training loss = 2.048
2023-04-26 21:00:42,524 - INFO - Epoch 150 training loss = 1.966
2023-04-26 21:00:42,585 - INFO - Validation loss = 2.921
2023-04-26 21:00:43,341 - INFO - Epoch 151 training loss = 1.973
2023-04-26 21:00:44,096 - INFO - Epoch 152 training loss = 2.056
2023-04-26 21:00:44,850 - INFO - Epoch 153 training loss = 1.938
2023-04-26 21:00:45,605 - INFO - Epoch 154 training loss = 1.91
2023-04-26 21:00:46,360 - INFO - Epoch 155 training loss = 1.915
2023-04-26 21:00:47,114 - INFO - Epoch 156 training loss = 1.94
2023-04-26 21:00:47,868 - INFO - Epoch 157 training loss = 1.928
2023-04-26 21:00:48,623 - INFO - Epoch 158 training loss = 1.848
2023-04-26 21:00:49,378 - INFO - Epoch 159 training loss = 1.802
2023-04-26 21:00:50,132 - INFO - Epoch 160 training loss = 1.799
2023-04-26 21:00:50,193 - INFO - Validation loss = 2.338
2023-04-26 21:00:50,193 - INFO - best model
2023-04-26 21:00:50,958 - INFO - Epoch 161 training loss = 1.75
2023-04-26 21:00:51,712 - INFO - Epoch 162 training loss = 1.811
2023-04-26 21:00:52,467 - INFO - Epoch 163 training loss = 1.709
2023-04-26 21:00:53,221 - INFO - Epoch 164 training loss = 1.848
2023-04-26 21:00:53,975 - INFO - Epoch 165 training loss = 1.664
2023-04-26 21:00:54,729 - INFO - Epoch 166 training loss = 1.857
2023-04-26 21:00:55,482 - INFO - Epoch 167 training loss = 1.848
2023-04-26 21:00:56,236 - INFO - Epoch 168 training loss = 1.755
2023-04-26 21:00:56,989 - INFO - Epoch 169 training loss = 1.784
2023-04-26 21:00:57,742 - INFO - Epoch 170 training loss = 1.654
2023-04-26 21:00:57,803 - INFO - Validation loss = 2.186
2023-04-26 21:00:57,803 - INFO - best model
2023-04-26 21:00:58,567 - INFO - Epoch 171 training loss = 1.807
2023-04-26 21:00:59,325 - INFO - Epoch 172 training loss = 1.707
2023-04-26 21:01:00,082 - INFO - Epoch 173 training loss = 1.57
2023-04-26 21:01:00,837 - INFO - Epoch 174 training loss = 1.78
2023-04-26 21:01:01,593 - INFO - Epoch 175 training loss = 1.659
2023-04-26 21:01:02,347 - INFO - Epoch 176 training loss = 1.64
2023-04-26 21:01:03,101 - INFO - Epoch 177 training loss = 1.655
2023-04-26 21:01:03,855 - INFO - Epoch 178 training loss = 1.565
2023-04-26 21:01:04,611 - INFO - Epoch 179 training loss = 1.604
2023-04-26 21:01:05,365 - INFO - Epoch 180 training loss = 1.636
2023-04-26 21:01:05,425 - INFO - Validation loss = 3.063
2023-04-26 21:01:06,179 - INFO - Epoch 181 training loss = 1.555
2023-04-26 21:01:06,932 - INFO - Epoch 182 training loss = 1.556
2023-04-26 21:01:07,686 - INFO - Epoch 183 training loss = 1.525
2023-04-26 21:01:08,439 - INFO - Epoch 184 training loss = 1.493
2023-04-26 21:01:09,193 - INFO - Epoch 185 training loss = 1.54
2023-04-26 21:01:09,948 - INFO - Epoch 186 training loss = 1.539
2023-04-26 21:01:10,703 - INFO - Epoch 187 training loss = 1.653
2023-04-26 21:01:11,457 - INFO - Epoch 188 training loss = 1.385
2023-04-26 21:01:12,211 - INFO - Epoch 189 training loss = 1.438
2023-04-26 21:01:12,966 - INFO - Epoch 190 training loss = 1.444
2023-04-26 21:01:13,027 - INFO - Validation loss = 2.692
2023-04-26 21:01:13,782 - INFO - Epoch 191 training loss = 1.476
2023-04-26 21:01:14,537 - INFO - Epoch 192 training loss = 1.415
2023-04-26 21:01:15,293 - INFO - Epoch 193 training loss = 1.506
2023-04-26 21:01:16,048 - INFO - Epoch 194 training loss =  1.4
2023-04-26 21:01:16,803 - INFO - Epoch 195 training loss = 1.405
2023-04-26 21:01:17,558 - INFO - Epoch 196 training loss = 1.332
2023-04-26 21:01:18,313 - INFO - Epoch 197 training loss = 1.375
2023-04-26 21:01:19,067 - INFO - Epoch 198 training loss = 1.377
2023-04-26 21:01:19,822 - INFO - Epoch 199 training loss = 1.333
2023-04-26 21:01:20,577 - INFO - Epoch 200 training loss = 1.417
2023-04-26 21:01:20,638 - INFO - Validation loss = 2.092
2023-04-26 21:01:20,638 - INFO - best model
2023-04-26 21:01:21,403 - INFO - Epoch 201 training loss = 1.384
2023-04-26 21:01:22,157 - INFO - Epoch 202 training loss = 1.333
2023-04-26 21:01:22,911 - INFO - Epoch 203 training loss = 1.303
2023-04-26 21:01:23,666 - INFO - Epoch 204 training loss = 1.337
2023-04-26 21:01:24,420 - INFO - Epoch 205 training loss = 1.273
2023-04-26 21:01:25,174 - INFO - Epoch 206 training loss = 1.336
2023-04-26 21:01:25,929 - INFO - Epoch 207 training loss = 1.211
2023-04-26 21:01:26,683 - INFO - Epoch 208 training loss = 1.304
2023-04-26 21:01:27,438 - INFO - Epoch 209 training loss = 1.266
2023-04-26 21:01:28,192 - INFO - Epoch 210 training loss = 1.221
2023-04-26 21:01:28,253 - INFO - Validation loss = 2.112
2023-04-26 21:01:29,007 - INFO - Epoch 211 training loss = 1.17
2023-04-26 21:01:29,762 - INFO - Epoch 212 training loss = 1.162
2023-04-26 21:01:30,517 - INFO - Epoch 213 training loss = 1.226
2023-04-26 21:01:31,271 - INFO - Epoch 214 training loss = 1.282
2023-04-26 21:01:32,026 - INFO - Epoch 215 training loss = 1.183
2023-04-26 21:01:32,780 - INFO - Epoch 216 training loss = 1.131
2023-04-26 21:01:33,535 - INFO - Epoch 217 training loss = 1.198
2023-04-26 21:01:34,290 - INFO - Epoch 218 training loss = 1.163
2023-04-26 21:01:35,046 - INFO - Epoch 219 training loss = 1.126
2023-04-26 21:01:35,800 - INFO - Epoch 220 training loss = 1.144
2023-04-26 21:01:35,861 - INFO - Validation loss = 2.181
2023-04-26 21:01:36,616 - INFO - Epoch 221 training loss = 1.172
2023-04-26 21:01:37,370 - INFO - Epoch 222 training loss = 1.15
2023-04-26 21:01:38,124 - INFO - Epoch 223 training loss = 1.125
2023-04-26 21:01:38,879 - INFO - Epoch 224 training loss = 1.022
2023-04-26 21:01:39,632 - INFO - Epoch 225 training loss = 1.062
2023-04-26 21:01:40,386 - INFO - Epoch 226 training loss = 1.09
2023-04-26 21:01:41,140 - INFO - Epoch 227 training loss =  1.1
2023-04-26 21:01:41,894 - INFO - Epoch 228 training loss = 1.105
2023-04-26 21:01:42,648 - INFO - Epoch 229 training loss = 1.045
2023-04-26 21:01:43,401 - INFO - Epoch 230 training loss = 1.079
2023-04-26 21:01:43,462 - INFO - Validation loss = 1.884
2023-04-26 21:01:43,462 - INFO - best model
2023-04-26 21:01:44,227 - INFO - Epoch 231 training loss = 0.9887
2023-04-26 21:01:44,981 - INFO - Epoch 232 training loss = 1.039
2023-04-26 21:01:45,735 - INFO - Epoch 233 training loss = 1.034
2023-04-26 21:01:46,489 - INFO - Epoch 234 training loss = 0.9744
2023-04-26 21:01:47,244 - INFO - Epoch 235 training loss = 0.9397
2023-04-26 21:01:47,998 - INFO - Epoch 236 training loss = 0.9976
2023-04-26 21:01:48,752 - INFO - Epoch 237 training loss = 0.9242
2023-04-26 21:01:49,506 - INFO - Epoch 238 training loss = 0.9518
2023-04-26 21:01:50,261 - INFO - Epoch 239 training loss = 0.9557
2023-04-26 21:01:51,016 - INFO - Epoch 240 training loss = 1.046
2023-04-26 21:01:51,077 - INFO - Validation loss = 1.762
2023-04-26 21:01:51,077 - INFO - best model
2023-04-26 21:01:51,842 - INFO - Epoch 241 training loss = 0.9332
2023-04-26 21:01:52,597 - INFO - Epoch 242 training loss = 0.8452
2023-04-26 21:01:53,352 - INFO - Epoch 243 training loss = 0.9462
2023-04-26 21:01:54,106 - INFO - Epoch 244 training loss = 0.9705
2023-04-26 21:01:54,861 - INFO - Epoch 245 training loss = 0.9058
2023-04-26 21:01:55,615 - INFO - Epoch 246 training loss = 0.8847
2023-04-26 21:01:56,370 - INFO - Epoch 247 training loss = 0.8509
2023-04-26 21:01:57,125 - INFO - Epoch 248 training loss = 0.8963
2023-04-26 21:01:57,878 - INFO - Epoch 249 training loss = 0.8657
2023-04-26 21:01:58,632 - INFO - Epoch 250 training loss = 0.9012
2023-04-26 21:01:58,693 - INFO - Validation loss = 1.674
2023-04-26 21:01:58,693 - INFO - best model
2023-04-26 21:01:59,457 - INFO - Epoch 251 training loss = 0.8905
2023-04-26 21:02:00,212 - INFO - Epoch 252 training loss = 0.8296
2023-04-26 21:02:00,966 - INFO - Epoch 253 training loss = 0.8739
2023-04-26 21:02:01,720 - INFO - Epoch 254 training loss = 0.8889
2023-04-26 21:02:02,473 - INFO - Epoch 255 training loss = 0.8027
2023-04-26 21:02:03,227 - INFO - Epoch 256 training loss = 0.7846
2023-04-26 21:02:03,981 - INFO - Epoch 257 training loss = 0.7865
2023-04-26 21:02:04,737 - INFO - Epoch 258 training loss = 0.8281
2023-04-26 21:02:05,491 - INFO - Epoch 259 training loss = 0.7765
2023-04-26 21:02:06,244 - INFO - Epoch 260 training loss = 0.7679
2023-04-26 21:02:06,305 - INFO - Validation loss = 1.877
2023-04-26 21:02:07,059 - INFO - Epoch 261 training loss = 0.8256
2023-04-26 21:02:07,813 - INFO - Epoch 262 training loss = 0.8061
2023-04-26 21:02:08,567 - INFO - Epoch 263 training loss = 0.7591
2023-04-26 21:02:09,322 - INFO - Epoch 264 training loss = 0.7822
2023-04-26 21:02:10,078 - INFO - Epoch 265 training loss = 0.7401
2023-04-26 21:02:10,832 - INFO - Epoch 266 training loss = 0.7394
2023-04-26 21:02:11,587 - INFO - Epoch 267 training loss = 0.7237
2023-04-26 21:02:12,342 - INFO - Epoch 268 training loss = 0.745
2023-04-26 21:02:13,097 - INFO - Epoch 269 training loss = 0.71
2023-04-26 21:02:13,852 - INFO - Epoch 270 training loss = 0.708
2023-04-26 21:02:13,913 - INFO - Validation loss = 1.536
2023-04-26 21:02:13,914 - INFO - best model
2023-04-26 21:02:14,679 - INFO - Epoch 271 training loss = 0.7468
2023-04-26 21:02:15,435 - INFO - Epoch 272 training loss = 0.7165
2023-04-26 21:02:16,191 - INFO - Epoch 273 training loss = 0.7091
2023-04-26 21:02:16,946 - INFO - Epoch 274 training loss = 0.7004
2023-04-26 21:02:17,701 - INFO - Epoch 275 training loss = 0.6457
2023-04-26 21:02:18,457 - INFO - Epoch 276 training loss = 0.706
2023-04-26 21:02:19,212 - INFO - Epoch 277 training loss = 0.7024
2023-04-26 21:02:19,967 - INFO - Epoch 278 training loss = 0.6543
2023-04-26 21:02:20,722 - INFO - Epoch 279 training loss = 0.6601
2023-04-26 21:02:21,476 - INFO - Epoch 280 training loss = 0.6552
2023-04-26 21:02:21,537 - INFO - Validation loss = 1.471
2023-04-26 21:02:21,538 - INFO - best model
2023-04-26 21:02:22,302 - INFO - Epoch 281 training loss = 0.6353
2023-04-26 21:02:23,057 - INFO - Epoch 282 training loss = 0.6587
2023-04-26 21:02:23,811 - INFO - Epoch 283 training loss = 0.6355
2023-04-26 21:02:24,565 - INFO - Epoch 284 training loss = 0.6062
2023-04-26 21:02:25,320 - INFO - Epoch 285 training loss = 0.6046
2023-04-26 21:02:26,073 - INFO - Epoch 286 training loss = 0.6196
2023-04-26 21:02:26,828 - INFO - Epoch 287 training loss = 0.6024
2023-04-26 21:02:27,582 - INFO - Epoch 288 training loss = 0.6066
2023-04-26 21:02:28,337 - INFO - Epoch 289 training loss = 0.5816
2023-04-26 21:02:29,091 - INFO - Epoch 290 training loss = 0.5828
2023-04-26 21:02:29,152 - INFO - Validation loss = 1.475
2023-04-26 21:02:29,907 - INFO - Epoch 291 training loss = 0.5654
2023-04-26 21:02:30,661 - INFO - Epoch 292 training loss = 0.5616
2023-04-26 21:02:31,416 - INFO - Epoch 293 training loss = 0.5941
2023-04-26 21:02:32,171 - INFO - Epoch 294 training loss = 0.5678
2023-04-26 21:02:32,925 - INFO - Epoch 295 training loss = 0.5528
2023-04-26 21:02:33,680 - INFO - Epoch 296 training loss = 0.5633
2023-04-26 21:02:34,436 - INFO - Epoch 297 training loss = 0.5449
2023-04-26 21:02:35,191 - INFO - Epoch 298 training loss = 0.5385
2023-04-26 21:02:35,946 - INFO - Epoch 299 training loss = 0.5233
2023-04-26 21:02:36,700 - INFO - Epoch 300 training loss = 0.5064
2023-04-26 21:02:36,761 - INFO - Validation loss = 1.351
2023-04-26 21:02:36,762 - INFO - best model
2023-04-26 21:02:37,526 - INFO - Epoch 301 training loss = 0.5248
2023-04-26 21:02:38,281 - INFO - Epoch 302 training loss = 0.5257
2023-04-26 21:02:39,034 - INFO - Epoch 303 training loss = 0.5059
2023-04-26 21:02:39,789 - INFO - Epoch 304 training loss = 0.5059
2023-04-26 21:02:40,544 - INFO - Epoch 305 training loss = 0.4828
2023-04-26 21:02:41,299 - INFO - Epoch 306 training loss = 0.5095
2023-04-26 21:02:42,054 - INFO - Epoch 307 training loss = 0.5037
2023-04-26 21:02:42,809 - INFO - Epoch 308 training loss = 0.4827
2023-04-26 21:02:43,568 - INFO - Epoch 309 training loss = 0.5033
2023-04-26 21:02:44,326 - INFO - Epoch 310 training loss = 0.4913
2023-04-26 21:02:44,387 - INFO - Validation loss = 1.439
2023-04-26 21:02:45,146 - INFO - Epoch 311 training loss = 0.5116
2023-04-26 21:02:45,904 - INFO - Epoch 312 training loss = 0.482
2023-04-26 21:02:46,662 - INFO - Epoch 313 training loss = 0.485
2023-04-26 21:02:47,421 - INFO - Epoch 314 training loss = 0.4662
2023-04-26 21:02:48,180 - INFO - Epoch 315 training loss = 0.4672
2023-04-26 21:02:48,941 - INFO - Epoch 316 training loss = 0.4735
2023-04-26 21:02:49,701 - INFO - Epoch 317 training loss = 0.4437
2023-04-26 21:02:50,462 - INFO - Epoch 318 training loss = 0.4537
2023-04-26 21:02:51,222 - INFO - Epoch 319 training loss = 0.436
2023-04-26 21:02:51,982 - INFO - Epoch 320 training loss = 0.4473
2023-04-26 21:02:52,043 - INFO - Validation loss = 1.288
2023-04-26 21:02:52,043 - INFO - best model
2023-04-26 21:02:52,814 - INFO - Epoch 321 training loss = 0.4195
2023-04-26 21:02:53,574 - INFO - Epoch 322 training loss = 0.4507
2023-04-26 21:02:54,334 - INFO - Epoch 323 training loss = 0.4333
2023-04-26 21:02:55,094 - INFO - Epoch 324 training loss = 0.4258
2023-04-26 21:02:55,854 - INFO - Epoch 325 training loss = 0.4172
2023-04-26 21:02:56,614 - INFO - Epoch 326 training loss = 0.4112
2023-04-26 21:02:57,374 - INFO - Epoch 327 training loss = 0.4216
2023-04-26 21:02:58,135 - INFO - Epoch 328 training loss = 0.3876
2023-04-26 21:02:58,894 - INFO - Epoch 329 training loss = 0.4036
2023-04-26 21:02:59,654 - INFO - Epoch 330 training loss = 0.432
2023-04-26 21:02:59,715 - INFO - Validation loss =  1.4
2023-04-26 21:03:00,476 - INFO - Epoch 331 training loss = 0.3825
2023-04-26 21:03:01,236 - INFO - Epoch 332 training loss = 0.3901
2023-04-26 21:03:01,996 - INFO - Epoch 333 training loss = 0.3836
2023-04-26 21:03:02,756 - INFO - Epoch 334 training loss = 0.3857
2023-04-26 21:03:03,517 - INFO - Epoch 335 training loss = 0.3903
2023-04-26 21:03:04,278 - INFO - Epoch 336 training loss = 0.3817
2023-04-26 21:03:05,039 - INFO - Epoch 337 training loss = 0.3715
2023-04-26 21:03:05,799 - INFO - Epoch 338 training loss = 0.3572
2023-04-26 21:03:06,560 - INFO - Epoch 339 training loss = 0.3646
2023-04-26 21:03:07,320 - INFO - Epoch 340 training loss = 0.3668
2023-04-26 21:03:07,381 - INFO - Validation loss = 1.253
2023-04-26 21:03:07,381 - INFO - best model
2023-04-26 21:03:08,152 - INFO - Epoch 341 training loss = 0.3512
2023-04-26 21:03:08,912 - INFO - Epoch 342 training loss = 0.3488
2023-04-26 21:03:09,673 - INFO - Epoch 343 training loss = 0.3494
2023-04-26 21:03:10,433 - INFO - Epoch 344 training loss = 0.3596
2023-04-26 21:03:11,192 - INFO - Epoch 345 training loss = 0.3338
2023-04-26 21:03:11,949 - INFO - Epoch 346 training loss = 0.3523
2023-04-26 21:03:12,707 - INFO - Epoch 347 training loss = 0.3344
2023-04-26 21:03:13,465 - INFO - Epoch 348 training loss = 0.328
2023-04-26 21:03:14,222 - INFO - Epoch 349 training loss = 0.3289
2023-04-26 21:03:14,980 - INFO - Epoch 350 training loss = 0.3364
2023-04-26 21:03:15,041 - INFO - Validation loss = 1.235
2023-04-26 21:03:15,041 - INFO - best model
2023-04-26 21:03:15,809 - INFO - Epoch 351 training loss = 0.3281
2023-04-26 21:03:16,567 - INFO - Epoch 352 training loss = 0.3165
2023-04-26 21:03:17,324 - INFO - Epoch 353 training loss = 0.3268
2023-04-26 21:03:18,081 - INFO - Epoch 354 training loss = 0.3165
2023-04-26 21:03:18,838 - INFO - Epoch 355 training loss = 0.3195
2023-04-26 21:03:19,596 - INFO - Epoch 356 training loss = 0.3137
2023-04-26 21:03:20,353 - INFO - Epoch 357 training loss = 0.3133
2023-04-26 21:03:21,110 - INFO - Epoch 358 training loss = 0.313
2023-04-26 21:03:21,867 - INFO - Epoch 359 training loss = 0.3035
2023-04-26 21:03:22,625 - INFO - Epoch 360 training loss = 0.299
2023-04-26 21:03:22,686 - INFO - Validation loss = 1.184
2023-04-26 21:03:22,686 - INFO - best model
2023-04-26 21:03:23,453 - INFO - Epoch 361 training loss = 0.3005
2023-04-26 21:03:24,210 - INFO - Epoch 362 training loss = 0.2937
2023-04-26 21:03:24,967 - INFO - Epoch 363 training loss = 0.2933
2023-04-26 21:03:25,724 - INFO - Epoch 364 training loss = 0.2786
2023-04-26 21:03:26,480 - INFO - Epoch 365 training loss = 0.286
2023-04-26 21:03:27,238 - INFO - Epoch 366 training loss = 0.2876
2023-04-26 21:03:27,994 - INFO - Epoch 367 training loss = 0.2932
2023-04-26 21:03:28,751 - INFO - Epoch 368 training loss = 0.2741
2023-04-26 21:03:29,508 - INFO - Epoch 369 training loss = 0.2804
2023-04-26 21:03:30,265 - INFO - Epoch 370 training loss = 0.2722
2023-04-26 21:03:30,326 - INFO - Validation loss = 1.204
2023-04-26 21:03:31,083 - INFO - Epoch 371 training loss = 0.276
2023-04-26 21:03:31,840 - INFO - Epoch 372 training loss = 0.2649
2023-04-26 21:03:32,597 - INFO - Epoch 373 training loss = 0.2638
2023-04-26 21:03:33,354 - INFO - Epoch 374 training loss = 0.2748
2023-04-26 21:03:34,111 - INFO - Epoch 375 training loss = 0.2581
2023-04-26 21:03:34,869 - INFO - Epoch 376 training loss = 0.2629
2023-04-26 21:03:35,627 - INFO - Epoch 377 training loss = 0.2565
2023-04-26 21:03:36,384 - INFO - Epoch 378 training loss = 0.2596
2023-04-26 21:03:37,145 - INFO - Epoch 379 training loss = 0.2581
2023-04-26 21:03:37,906 - INFO - Epoch 380 training loss = 0.2558
2023-04-26 21:03:37,967 - INFO - Validation loss = 1.173
2023-04-26 21:03:37,967 - INFO - best model
2023-04-26 21:03:38,738 - INFO - Epoch 381 training loss = 0.2482
2023-04-26 21:03:39,499 - INFO - Epoch 382 training loss = 0.2486
2023-04-26 21:03:40,260 - INFO - Epoch 383 training loss = 0.2464
2023-04-26 21:03:41,020 - INFO - Epoch 384 training loss = 0.2431
2023-04-26 21:03:41,782 - INFO - Epoch 385 training loss = 0.2435
2023-04-26 21:03:42,542 - INFO - Epoch 386 training loss = 0.2413
2023-04-26 21:03:43,304 - INFO - Epoch 387 training loss = 0.2386
2023-04-26 21:03:44,065 - INFO - Epoch 388 training loss = 0.2472
2023-04-26 21:03:44,827 - INFO - Epoch 389 training loss = 0.2357
2023-04-26 21:03:45,588 - INFO - Epoch 390 training loss = 0.2343
2023-04-26 21:03:45,649 - INFO - Validation loss = 1.168
2023-04-26 21:03:45,650 - INFO - best model
2023-04-26 21:03:46,421 - INFO - Epoch 391 training loss = 0.2381
2023-04-26 21:03:47,182 - INFO - Epoch 392 training loss = 0.2275
2023-04-26 21:03:47,943 - INFO - Epoch 393 training loss = 0.2255
2023-04-26 21:03:48,704 - INFO - Epoch 394 training loss = 0.23
2023-04-26 21:03:49,465 - INFO - Epoch 395 training loss = 0.2232
2023-04-26 21:03:50,226 - INFO - Epoch 396 training loss = 0.2231
2023-04-26 21:03:50,987 - INFO - Epoch 397 training loss = 0.2203
2023-04-26 21:03:51,747 - INFO - Epoch 398 training loss = 0.2226
2023-04-26 21:03:52,508 - INFO - Epoch 399 training loss = 0.2177
2023-04-26 21:03:53,269 - INFO - Epoch 400 training loss = 0.2173
2023-04-26 21:03:53,330 - INFO - Validation loss = 1.155
2023-04-26 21:03:53,330 - INFO - best model
2023-04-26 21:03:54,101 - INFO - Epoch 401 training loss = 0.2182
2023-04-26 21:03:54,862 - INFO - Epoch 402 training loss = 0.2145
2023-04-26 21:03:55,623 - INFO - Epoch 403 training loss = 0.2141
2023-04-26 21:03:56,384 - INFO - Epoch 404 training loss = 0.2138
2023-04-26 21:03:57,142 - INFO - Epoch 405 training loss = 0.2122
2023-04-26 21:03:57,898 - INFO - Epoch 406 training loss = 0.2104
2023-04-26 21:03:58,655 - INFO - Epoch 407 training loss = 0.2075
2023-04-26 21:03:59,413 - INFO - Epoch 408 training loss = 0.2069
2023-04-26 21:04:00,170 - INFO - Epoch 409 training loss = 0.2089
2023-04-26 21:04:00,927 - INFO - Epoch 410 training loss = 0.2059
2023-04-26 21:04:00,988 - INFO - Validation loss = 1.14
2023-04-26 21:04:00,989 - INFO - best model
2023-04-26 21:04:01,756 - INFO - Epoch 411 training loss = 0.2048
2023-04-26 21:04:02,515 - INFO - Epoch 412 training loss = 0.2048
2023-04-26 21:04:03,274 - INFO - Epoch 413 training loss = 0.2033
2023-04-26 21:04:04,031 - INFO - Epoch 414 training loss = 0.204
2023-04-26 21:04:04,793 - INFO - Epoch 415 training loss = 0.2002
2023-04-26 21:04:05,554 - INFO - Epoch 416 training loss = 0.1993
2023-04-26 21:04:06,315 - INFO - Epoch 417 training loss = 0.1978
2023-04-26 21:04:07,075 - INFO - Epoch 418 training loss = 0.1975
2023-04-26 21:04:07,836 - INFO - Epoch 419 training loss = 0.1949
2023-04-26 21:04:08,597 - INFO - Epoch 420 training loss = 0.1962
2023-04-26 21:04:08,658 - INFO - Validation loss = 1.147
2023-04-26 21:04:09,419 - INFO - Epoch 421 training loss = 0.1947
2023-04-26 21:04:10,181 - INFO - Epoch 422 training loss = 0.1942
2023-04-26 21:04:10,942 - INFO - Epoch 423 training loss = 0.194
2023-04-26 21:04:11,702 - INFO - Epoch 424 training loss = 0.1921
2023-04-26 21:04:12,462 - INFO - Epoch 425 training loss = 0.1906
2023-04-26 21:04:13,224 - INFO - Epoch 426 training loss = 0.1893
2023-04-26 21:04:13,985 - INFO - Epoch 427 training loss = 0.1884
2023-04-26 21:04:14,746 - INFO - Epoch 428 training loss = 0.1887
2023-04-26 21:04:15,508 - INFO - Epoch 429 training loss = 0.1874
2023-04-26 21:04:16,269 - INFO - Epoch 430 training loss = 0.1871
2023-04-26 21:04:16,331 - INFO - Validation loss = 1.128
2023-04-26 21:04:16,331 - INFO - best model
2023-04-26 21:04:17,102 - INFO - Epoch 431 training loss = 0.1854
2023-04-26 21:04:17,863 - INFO - Epoch 432 training loss = 0.183
2023-04-26 21:04:18,623 - INFO - Epoch 433 training loss = 0.1851
2023-04-26 21:04:19,385 - INFO - Epoch 434 training loss = 0.1831
2023-04-26 21:04:20,145 - INFO - Epoch 435 training loss = 0.1822
2023-04-26 21:04:20,906 - INFO - Epoch 436 training loss = 0.1824
2023-04-26 21:04:21,667 - INFO - Epoch 437 training loss = 0.1815
2023-04-26 21:04:22,427 - INFO - Epoch 438 training loss = 0.1814
2023-04-26 21:04:23,188 - INFO - Epoch 439 training loss = 0.1799
2023-04-26 21:04:23,948 - INFO - Epoch 440 training loss = 0.1786
2023-04-26 21:04:24,009 - INFO - Validation loss = 1.131
2023-04-26 21:04:24,769 - INFO - Epoch 441 training loss = 0.1789
2023-04-26 21:04:25,530 - INFO - Epoch 442 training loss = 0.1781
2023-04-26 21:04:26,288 - INFO - Epoch 443 training loss = 0.1771
2023-04-26 21:04:27,046 - INFO - Epoch 444 training loss = 0.1764
2023-04-26 21:04:27,803 - INFO - Epoch 445 training loss = 0.1769
2023-04-26 21:04:28,560 - INFO - Epoch 446 training loss = 0.1765
2023-04-26 21:04:29,317 - INFO - Epoch 447 training loss = 0.175
2023-04-26 21:04:30,074 - INFO - Epoch 448 training loss = 0.1748
2023-04-26 21:04:30,832 - INFO - Epoch 449 training loss = 0.1743
2023-04-26 21:04:31,589 - INFO - Epoch 450 training loss = 0.1737
2023-04-26 21:04:31,650 - INFO - Validation loss = 1.112
2023-04-26 21:04:31,650 - INFO - best model
2023-04-26 21:04:32,418 - INFO - Epoch 451 training loss = 0.1726
2023-04-26 21:04:33,176 - INFO - Epoch 452 training loss = 0.173
2023-04-26 21:04:33,933 - INFO - Epoch 453 training loss = 0.1722
2023-04-26 21:04:34,692 - INFO - Epoch 454 training loss = 0.1707
2023-04-26 21:04:35,450 - INFO - Epoch 455 training loss = 0.1709
2023-04-26 21:04:36,207 - INFO - Epoch 456 training loss = 0.1705
2023-04-26 21:04:36,965 - INFO - Epoch 457 training loss = 0.1698
2023-04-26 21:04:37,722 - INFO - Epoch 458 training loss = 0.1701
2023-04-26 21:04:38,480 - INFO - Epoch 459 training loss = 0.1691
2023-04-26 21:04:39,237 - INFO - Epoch 460 training loss = 0.1687
2023-04-26 21:04:39,298 - INFO - Validation loss = 1.117
2023-04-26 21:04:40,055 - INFO - Epoch 461 training loss = 0.1687
2023-04-26 21:04:40,812 - INFO - Epoch 462 training loss = 0.1685
2023-04-26 21:04:41,570 - INFO - Epoch 463 training loss = 0.1679
2023-04-26 21:04:42,328 - INFO - Epoch 464 training loss = 0.1673
2023-04-26 21:04:43,085 - INFO - Epoch 465 training loss = 0.1667
2023-04-26 21:04:43,843 - INFO - Epoch 466 training loss = 0.167
2023-04-26 21:04:44,601 - INFO - Epoch 467 training loss = 0.1663
2023-04-26 21:04:45,358 - INFO - Epoch 468 training loss = 0.166
2023-04-26 21:04:46,115 - INFO - Epoch 469 training loss = 0.1657
2023-04-26 21:04:46,873 - INFO - Epoch 470 training loss = 0.1654
2023-04-26 21:04:46,934 - INFO - Validation loss = 1.11
2023-04-26 21:04:46,934 - INFO - best model
2023-04-26 21:04:47,703 - INFO - Epoch 471 training loss = 0.1653
2023-04-26 21:04:48,460 - INFO - Epoch 472 training loss = 0.1647
2023-04-26 21:04:49,219 - INFO - Epoch 473 training loss = 0.1647
2023-04-26 21:04:49,976 - INFO - Epoch 474 training loss = 0.1645
2023-04-26 21:04:50,730 - INFO - Epoch 475 training loss = 0.1642
2023-04-26 21:04:51,484 - INFO - Epoch 476 training loss = 0.1639
2023-04-26 21:04:52,239 - INFO - Epoch 477 training loss = 0.1636
2023-04-26 21:04:52,992 - INFO - Epoch 478 training loss = 0.1635
2023-04-26 21:04:53,747 - INFO - Epoch 479 training loss = 0.1636
2023-04-26 21:04:54,501 - INFO - Epoch 480 training loss = 0.1628
2023-04-26 21:04:54,562 - INFO - Validation loss = 1.11
2023-04-26 21:04:55,316 - INFO - Epoch 481 training loss = 0.1627
2023-04-26 21:04:56,070 - INFO - Epoch 482 training loss = 0.1626
2023-04-26 21:04:56,824 - INFO - Epoch 483 training loss = 0.1625
2023-04-26 21:04:57,578 - INFO - Epoch 484 training loss = 0.1623
2023-04-26 21:04:58,332 - INFO - Epoch 485 training loss = 0.1622
2023-04-26 21:04:59,086 - INFO - Epoch 486 training loss = 0.162
2023-04-26 21:04:59,840 - INFO - Epoch 487 training loss = 0.1618
2023-04-26 21:05:00,594 - INFO - Epoch 488 training loss = 0.1618
2023-04-26 21:05:01,349 - INFO - Epoch 489 training loss = 0.1618
2023-04-26 21:05:02,103 - INFO - Epoch 490 training loss = 0.1615
2023-04-26 21:05:02,164 - INFO - Validation loss = 1.106
2023-04-26 21:05:02,164 - INFO - best model
2023-04-26 21:05:02,929 - INFO - Epoch 491 training loss = 0.1615
2023-04-26 21:05:03,685 - INFO - Epoch 492 training loss = 0.1613
2023-04-26 21:05:04,443 - INFO - Epoch 493 training loss = 0.1614
2023-04-26 21:05:05,205 - INFO - Epoch 494 training loss = 0.1611
2023-04-26 21:05:05,966 - INFO - Epoch 495 training loss = 0.1611
2023-04-26 21:05:06,726 - INFO - Epoch 496 training loss = 0.161
2023-04-26 21:05:07,487 - INFO - Epoch 497 training loss = 0.161
2023-04-26 21:05:08,247 - INFO - Epoch 498 training loss = 0.1609
2023-04-26 21:05:09,008 - INFO - Epoch 499 training loss = 0.1609
2023-04-26 21:05:09,058 - INFO - Validation loss = 1.105
