2023-04-26 15:19:46,275 - INFO - Config:
Namespace(config='configs/implicit_mlp.yaml', dir='/user/delden/acoustics/spp_ai_acoustics/acousticNN/experiments/arch/no_encoding/implicitmlp', epochs=100, device='cuda', seed=2, parameter_list='configs/data.yaml', encoding='none', dir_name='arch/no_encoding/implicitmlp')
2023-04-26 15:19:46,275 - INFO - Config:
Munch({'optimizer': Munch({'type': 'AdamW', 'kwargs': Munch({'lr': 0.001, 'weight_decay': 0.005, 'betas': [0.9, 0.95]})}), 'scheduler': Munch({'type': 'CosLR', 'kwargs': Munch({'epochs': 500, 'initial_epochs': 25})}), 'model': Munch({'name': 'ImplicitMLP', 'input_encoding': False, 'encoding_dim': 16, 'embed_dim': 64, 'depth': 7, 'mlp_width': 256}), 'generation_frequency': 5001, 'validation_frequency': 10, 'batch_size': 16, 'epochs': 500, 'gradient_clip': 10})
2023-04-26 15:20:01,486 - INFO - ==========================================================================================
Layer (type:depth-idx)                   Output Shape              Param #
==========================================================================================
ImplicitMLP                              [16, 200, 4]              --
├─GroupwiseProjection: 1-1               [3200, 15, 64]            --
│    └─ModuleList: 2-1                   --                        --
│    │    └─Linear: 3-1                  [3200, 4, 64]             128
│    │    └─Linear: 3-2                  [3200, 5, 64]             128
│    │    └─Linear: 3-3                  [3200, 5, 64]             128
│    │    └─Linear: 3-4                  [3200, 1, 64]             128
├─MLP: 1-2                               [3200, 256]               --
│    └─Linear: 2-2                       [3200, 256]               246,016
│    └─ReLU: 2-3                         [3200, 256]               --
│    └─Dropout: 2-4                      [3200, 256]               --
│    └─Linear: 2-5                       [3200, 256]               65,792
│    └─ReLU: 2-6                         [3200, 256]               --
│    └─Dropout: 2-7                      [3200, 256]               --
│    └─Linear: 2-8                       [3200, 256]               65,792
│    └─ReLU: 2-9                         [3200, 256]               --
│    └─Dropout: 2-10                     [3200, 256]               --
│    └─Linear: 2-11                      [3200, 256]               65,792
│    └─ReLU: 2-12                        [3200, 256]               --
│    └─Dropout: 2-13                     [3200, 256]               --
│    └─Linear: 2-14                      [3200, 256]               65,792
│    └─ReLU: 2-15                        [3200, 256]               --
│    └─Dropout: 2-16                     [3200, 256]               --
│    └─Linear: 2-17                      [3200, 256]               65,792
│    └─ReLU: 2-18                        [3200, 256]               --
│    └─Dropout: 2-19                     [3200, 256]               --
│    └─Linear: 2-20                      [3200, 256]               65,792
│    └─Dropout: 2-21                     [3200, 256]               --
├─Linear: 1-3                            [3200, 4]                 1,028
==========================================================================================
Total params: 642,308
Trainable params: 642,308
Non-trainable params: 0
Total mult-adds (G): 2.06
==========================================================================================
Input size (MB): 0.01
Forward/backward pass size (MB): 70.55
Params size (MB): 2.57
Estimated Total Size (MB): 73.14
==========================================================================================
2023-04-26 15:20:02,311 - INFO - Epoch 0 training loss = 3.314e+03
2023-04-26 15:20:02,379 - INFO - Validation loss = 3.237e+03
2023-04-26 15:20:02,379 - INFO - best model
2023-04-26 15:20:03,185 - INFO - Epoch 1 training loss = 3.103e+03
2023-04-26 15:20:03,958 - INFO - Epoch 2 training loss = 731.3
2023-04-26 15:20:04,731 - INFO - Epoch 3 training loss = 123.5
2023-04-26 15:20:05,496 - INFO - Epoch 4 training loss = 97.63
2023-04-26 15:20:06,258 - INFO - Epoch 5 training loss = 85.81
2023-04-26 15:20:07,027 - INFO - Epoch 6 training loss = 71.98
2023-04-26 15:20:07,791 - INFO - Epoch 7 training loss = 60.09
2023-04-26 15:20:08,560 - INFO - Epoch 8 training loss = 50.42
2023-04-26 15:20:09,325 - INFO - Epoch 9 training loss = 41.32
2023-04-26 15:20:10,092 - INFO - Epoch 10 training loss = 35.61
2023-04-26 15:20:10,159 - INFO - Validation loss = 34.9
2023-04-26 15:20:10,159 - INFO - best model
2023-04-26 15:20:10,942 - INFO - Epoch 11 training loss = 32.29
2023-04-26 15:20:11,711 - INFO - Epoch 12 training loss = 31.07
2023-04-26 15:20:12,482 - INFO - Epoch 13 training loss = 26.2
2023-04-26 15:20:13,250 - INFO - Epoch 14 training loss = 25.63
2023-04-26 15:20:14,020 - INFO - Epoch 15 training loss = 23.61
2023-04-26 15:20:14,788 - INFO - Epoch 16 training loss = 20.97
2023-04-26 15:20:15,557 - INFO - Epoch 17 training loss = 19.34
2023-04-26 15:20:16,325 - INFO - Epoch 18 training loss = 18.84
2023-04-26 15:20:17,097 - INFO - Epoch 19 training loss = 17.65
2023-04-26 15:20:17,865 - INFO - Epoch 20 training loss = 17.28
2023-04-26 15:20:17,929 - INFO - Validation loss = 16.51
2023-04-26 15:20:17,929 - INFO - best model
2023-04-26 15:20:18,715 - INFO - Epoch 21 training loss = 16.02
2023-04-26 15:20:19,492 - INFO - Epoch 22 training loss = 15.67
2023-04-26 15:20:20,263 - INFO - Epoch 23 training loss = 16.58
2023-04-26 15:20:21,032 - INFO - Epoch 24 training loss = 14.61
2023-04-26 15:20:21,798 - INFO - Epoch 25 training loss = 15.68
2023-04-26 15:20:22,568 - INFO - Epoch 26 training loss = 13.7
2023-04-26 15:20:23,331 - INFO - Epoch 27 training loss = 12.19
2023-04-26 15:20:24,105 - INFO - Epoch 28 training loss = 12.42
2023-04-26 15:20:24,872 - INFO - Epoch 29 training loss = 11.58
2023-04-26 15:20:25,640 - INFO - Epoch 30 training loss = 10.68
2023-04-26 15:20:25,704 - INFO - Validation loss = 12.46
2023-04-26 15:20:25,704 - INFO - best model
2023-04-26 15:20:26,482 - INFO - Epoch 31 training loss = 10.4
2023-04-26 15:20:27,249 - INFO - Epoch 32 training loss = 9.962
2023-04-26 15:20:28,015 - INFO - Epoch 33 training loss = 9.76
2023-04-26 15:20:28,792 - INFO - Epoch 34 training loss = 9.616
2023-04-26 15:20:29,565 - INFO - Epoch 35 training loss = 9.048
2023-04-26 15:20:30,341 - INFO - Epoch 36 training loss =  8.6
2023-04-26 15:20:31,123 - INFO - Epoch 37 training loss = 8.193
2023-04-26 15:20:31,904 - INFO - Epoch 38 training loss = 8.178
2023-04-26 15:20:32,680 - INFO - Epoch 39 training loss = 7.304
2023-04-26 15:20:33,464 - INFO - Epoch 40 training loss = 7.968
2023-04-26 15:20:33,527 - INFO - Validation loss = 7.018
2023-04-26 15:20:33,527 - INFO - best model
2023-04-26 15:20:34,312 - INFO - Epoch 41 training loss = 7.638
2023-04-26 15:20:35,103 - INFO - Epoch 42 training loss = 6.735
2023-04-26 15:20:35,872 - INFO - Epoch 43 training loss = 7.135
2023-04-26 15:20:36,644 - INFO - Epoch 44 training loss = 6.636
2023-04-26 15:20:37,413 - INFO - Epoch 45 training loss = 6.572
2023-04-26 15:20:38,183 - INFO - Epoch 46 training loss = 6.456
2023-04-26 15:20:38,957 - INFO - Epoch 47 training loss = 6.496
2023-04-26 15:20:39,727 - INFO - Epoch 48 training loss = 6.59
2023-04-26 15:20:40,500 - INFO - Epoch 49 training loss = 6.331
2023-04-26 15:20:41,276 - INFO - Epoch 50 training loss = 5.691
2023-04-26 15:20:41,338 - INFO - Validation loss = 5.605
2023-04-26 15:20:41,339 - INFO - best model
2023-04-26 15:20:42,125 - INFO - Epoch 51 training loss = 5.585
2023-04-26 15:20:42,895 - INFO - Epoch 52 training loss = 5.589
2023-04-26 15:20:43,666 - INFO - Epoch 53 training loss = 5.851
2023-04-26 15:20:44,433 - INFO - Epoch 54 training loss = 5.496
2023-04-26 15:20:45,200 - INFO - Epoch 55 training loss = 5.491
2023-04-26 15:20:45,968 - INFO - Epoch 56 training loss = 5.543
2023-04-26 15:20:46,735 - INFO - Epoch 57 training loss = 5.348
2023-04-26 15:20:47,501 - INFO - Epoch 58 training loss = 4.749
2023-04-26 15:20:48,272 - INFO - Epoch 59 training loss = 4.995
2023-04-26 15:20:49,041 - INFO - Epoch 60 training loss = 5.101
2023-04-26 15:20:49,103 - INFO - Validation loss = 4.61
2023-04-26 15:20:49,104 - INFO - best model
2023-04-26 15:20:49,902 - INFO - Epoch 61 training loss = 5.063
2023-04-26 15:20:50,670 - INFO - Epoch 62 training loss = 4.84
2023-04-26 15:20:51,439 - INFO - Epoch 63 training loss = 4.632
2023-04-26 15:20:52,205 - INFO - Epoch 64 training loss = 4.489
2023-04-26 15:20:52,974 - INFO - Epoch 65 training loss = 4.845
2023-04-26 15:20:53,743 - INFO - Epoch 66 training loss = 4.517
2023-04-26 15:20:54,516 - INFO - Epoch 67 training loss = 4.458
2023-04-26 15:20:55,290 - INFO - Epoch 68 training loss = 4.373
2023-04-26 15:20:56,056 - INFO - Epoch 69 training loss = 4.63
2023-04-26 15:20:56,822 - INFO - Epoch 70 training loss = 4.298
2023-04-26 15:20:56,885 - INFO - Validation loss = 5.642
2023-04-26 15:20:57,651 - INFO - Epoch 71 training loss = 4.103
2023-04-26 15:20:58,413 - INFO - Epoch 72 training loss = 4.233
2023-04-26 15:20:59,184 - INFO - Epoch 73 training loss = 4.187
2023-04-26 15:20:59,960 - INFO - Epoch 74 training loss = 4.076
2023-04-26 15:21:00,726 - INFO - Epoch 75 training loss = 3.99
2023-04-26 15:21:01,489 - INFO - Epoch 76 training loss = 4.028
2023-04-26 15:21:02,252 - INFO - Epoch 77 training loss = 4.037
2023-04-26 15:21:03,014 - INFO - Epoch 78 training loss = 3.844
2023-04-26 15:21:03,780 - INFO - Epoch 79 training loss = 3.972
2023-04-26 15:21:04,554 - INFO - Epoch 80 training loss = 4.005
2023-04-26 15:21:04,616 - INFO - Validation loss = 4.147
2023-04-26 15:21:04,617 - INFO - best model
2023-04-26 15:21:05,391 - INFO - Epoch 81 training loss = 3.924
2023-04-26 15:21:06,153 - INFO - Epoch 82 training loss = 3.965
2023-04-26 15:21:06,918 - INFO - Epoch 83 training loss = 3.703
2023-04-26 15:21:07,686 - INFO - Epoch 84 training loss = 3.544
2023-04-26 15:21:08,457 - INFO - Epoch 85 training loss = 3.452
2023-04-26 15:21:09,228 - INFO - Epoch 86 training loss = 3.488
2023-04-26 15:21:09,997 - INFO - Epoch 87 training loss = 3.387
2023-04-26 15:21:10,770 - INFO - Epoch 88 training loss = 3.415
2023-04-26 15:21:11,535 - INFO - Epoch 89 training loss = 3.447
2023-04-26 15:21:12,303 - INFO - Epoch 90 training loss = 3.519
2023-04-26 15:21:12,365 - INFO - Validation loss = 3.826
2023-04-26 15:21:12,366 - INFO - best model
2023-04-26 15:21:13,140 - INFO - Epoch 91 training loss = 3.313
2023-04-26 15:21:13,914 - INFO - Epoch 92 training loss = 3.514
2023-04-26 15:21:14,703 - INFO - Epoch 93 training loss = 3.064
2023-04-26 15:21:15,474 - INFO - Epoch 94 training loss = 3.709
2023-04-26 15:21:16,251 - INFO - Epoch 95 training loss = 3.23
2023-04-26 15:21:17,022 - INFO - Epoch 96 training loss = 3.084
2023-04-26 15:21:17,793 - INFO - Epoch 97 training loss = 3.046
2023-04-26 15:21:18,563 - INFO - Epoch 98 training loss = 3.072
2023-04-26 15:21:19,334 - INFO - Epoch 99 training loss = 3.076
2023-04-26 15:21:20,107 - INFO - Epoch 100 training loss = 3.091
2023-04-26 15:21:20,169 - INFO - Validation loss = 3.534
2023-04-26 15:21:20,170 - INFO - best model
2023-04-26 15:21:20,952 - INFO - Epoch 101 training loss = 3.174
2023-04-26 15:21:21,716 - INFO - Epoch 102 training loss = 3.17
2023-04-26 15:21:22,480 - INFO - Epoch 103 training loss = 3.233
2023-04-26 15:21:23,245 - INFO - Epoch 104 training loss = 3.086
2023-04-26 15:21:24,016 - INFO - Epoch 105 training loss = 3.002
2023-04-26 15:21:24,781 - INFO - Epoch 106 training loss = 2.961
2023-04-26 15:21:25,550 - INFO - Epoch 107 training loss = 3.144
2023-04-26 15:21:26,317 - INFO - Epoch 108 training loss = 2.973
2023-04-26 15:21:27,088 - INFO - Epoch 109 training loss = 2.955
2023-04-26 15:21:27,856 - INFO - Epoch 110 training loss = 3.058
2023-04-26 15:21:27,918 - INFO - Validation loss = 4.082
2023-04-26 15:21:28,683 - INFO - Epoch 111 training loss = 2.811
2023-04-26 15:21:29,445 - INFO - Epoch 112 training loss = 2.914
2023-04-26 15:21:30,212 - INFO - Epoch 113 training loss = 2.638
2023-04-26 15:21:30,989 - INFO - Epoch 114 training loss = 2.741
2023-04-26 15:21:31,771 - INFO - Epoch 115 training loss = 2.716
2023-04-26 15:21:32,569 - INFO - Epoch 116 training loss = 2.702
2023-04-26 15:21:33,339 - INFO - Epoch 117 training loss = 2.738
2023-04-26 15:21:34,108 - INFO - Epoch 118 training loss = 2.746
2023-04-26 15:21:34,880 - INFO - Epoch 119 training loss = 2.616
2023-04-26 15:21:35,652 - INFO - Epoch 120 training loss = 2.47
2023-04-26 15:21:35,714 - INFO - Validation loss = 3.245
2023-04-26 15:21:35,714 - INFO - best model
2023-04-26 15:21:36,492 - INFO - Epoch 121 training loss = 2.638
2023-04-26 15:21:37,257 - INFO - Epoch 122 training loss = 2.489
2023-04-26 15:21:38,023 - INFO - Epoch 123 training loss = 2.433
2023-04-26 15:21:38,787 - INFO - Epoch 124 training loss = 2.763
2023-04-26 15:21:39,554 - INFO - Epoch 125 training loss = 2.393
2023-04-26 15:21:40,329 - INFO - Epoch 126 training loss = 2.61
2023-04-26 15:21:41,108 - INFO - Epoch 127 training loss = 2.642
2023-04-26 15:21:41,891 - INFO - Epoch 128 training loss = 2.556
2023-04-26 15:21:42,664 - INFO - Epoch 129 training loss = 2.378
2023-04-26 15:21:43,440 - INFO - Epoch 130 training loss = 2.398
2023-04-26 15:21:43,503 - INFO - Validation loss =  3.1
2023-04-26 15:21:43,503 - INFO - best model
2023-04-26 15:21:44,291 - INFO - Epoch 131 training loss = 2.269
2023-04-26 15:21:45,063 - INFO - Epoch 132 training loss = 2.325
2023-04-26 15:21:45,841 - INFO - Epoch 133 training loss = 2.268
2023-04-26 15:21:46,626 - INFO - Epoch 134 training loss = 2.425
2023-04-26 15:21:47,432 - INFO - Epoch 135 training loss = 2.226
2023-04-26 15:21:48,244 - INFO - Epoch 136 training loss = 2.195
2023-04-26 15:21:49,063 - INFO - Epoch 137 training loss = 2.427
2023-04-26 15:21:49,868 - INFO - Epoch 138 training loss = 2.506
2023-04-26 15:21:50,650 - INFO - Epoch 139 training loss = 2.198
2023-04-26 15:21:51,439 - INFO - Epoch 140 training loss = 2.194
2023-04-26 15:21:51,501 - INFO - Validation loss = 2.73
2023-04-26 15:21:51,502 - INFO - best model
2023-04-26 15:21:52,295 - INFO - Epoch 141 training loss = 2.106
2023-04-26 15:21:53,084 - INFO - Epoch 142 training loss = 2.127
2023-04-26 15:21:53,870 - INFO - Epoch 143 training loss = 2.217
2023-04-26 15:21:54,662 - INFO - Epoch 144 training loss = 2.162
2023-04-26 15:21:55,445 - INFO - Epoch 145 training loss = 2.157
2023-04-26 15:21:56,222 - INFO - Epoch 146 training loss = 1.96
2023-04-26 15:21:57,003 - INFO - Epoch 147 training loss = 2.035
2023-04-26 15:21:57,784 - INFO - Epoch 148 training loss = 2.116
2023-04-26 15:21:58,561 - INFO - Epoch 149 training loss = 2.164
2023-04-26 15:21:59,341 - INFO - Epoch 150 training loss = 2.029
2023-04-26 15:21:59,404 - INFO - Validation loss = 3.349
2023-04-26 15:22:00,195 - INFO - Epoch 151 training loss = 2.035
2023-04-26 15:22:00,987 - INFO - Epoch 152 training loss = 2.071
2023-04-26 15:22:01,769 - INFO - Epoch 153 training loss = 1.884
2023-04-26 15:22:02,574 - INFO - Epoch 154 training loss = 1.983
2023-04-26 15:22:03,447 - INFO - Epoch 155 training loss = 1.86
2023-04-26 15:22:05,109 - INFO - Epoch 156 training loss = 1.945
2023-04-26 15:22:07,283 - INFO - Epoch 157 training loss = 1.935
2023-04-26 15:22:09,364 - INFO - Epoch 158 training loss = 2.124
2023-04-26 15:22:11,579 - INFO - Epoch 159 training loss = 1.872
2023-04-26 15:22:13,837 - INFO - Epoch 160 training loss = 1.905
2023-04-26 15:22:13,947 - INFO - Validation loss = 2.765
2023-04-26 15:22:16,150 - INFO - Epoch 161 training loss = 1.79
2023-04-26 15:22:18,508 - INFO - Epoch 162 training loss = 1.767
2023-04-26 15:22:20,835 - INFO - Epoch 163 training loss = 1.942
2023-04-26 15:22:23,209 - INFO - Epoch 164 training loss = 1.711
2023-04-26 15:22:25,626 - INFO - Epoch 165 training loss = 1.805
2023-04-26 15:22:27,994 - INFO - Epoch 166 training loss = 1.768
2023-04-26 15:22:30,278 - INFO - Epoch 167 training loss = 1.716
2023-04-26 15:22:32,526 - INFO - Epoch 168 training loss = 1.82
2023-04-26 15:22:34,675 - INFO - Epoch 169 training loss = 1.777
2023-04-26 15:22:36,979 - INFO - Epoch 170 training loss = 1.708
2023-04-26 15:22:37,085 - INFO - Validation loss = 2.617
2023-04-26 15:22:37,085 - INFO - best model
2023-04-26 15:22:39,413 - INFO - Epoch 171 training loss = 1.85
2023-04-26 15:22:41,769 - INFO - Epoch 172 training loss = 1.698
2023-04-26 15:22:44,072 - INFO - Epoch 173 training loss = 1.691
2023-04-26 15:22:46,396 - INFO - Epoch 174 training loss = 1.672
2023-04-26 15:22:48,708 - INFO - Epoch 175 training loss = 1.652
2023-04-26 15:22:50,943 - INFO - Epoch 176 training loss = 1.625
2023-04-26 15:22:53,195 - INFO - Epoch 177 training loss = 1.696
2023-04-26 15:22:55,453 - INFO - Epoch 178 training loss = 1.593
2023-04-26 15:22:57,691 - INFO - Epoch 179 training loss = 1.691
2023-04-26 15:23:00,005 - INFO - Epoch 180 training loss = 1.578
2023-04-26 15:23:00,112 - INFO - Validation loss = 2.189
2023-04-26 15:23:00,113 - INFO - best model
2023-04-26 15:23:02,528 - INFO - Epoch 181 training loss = 1.664
2023-04-26 15:23:04,864 - INFO - Epoch 182 training loss = 1.541
2023-04-26 15:23:07,131 - INFO - Epoch 183 training loss = 1.552
2023-04-26 15:23:09,323 - INFO - Epoch 184 training loss = 1.573
2023-04-26 15:23:11,654 - INFO - Epoch 185 training loss = 1.545
2023-04-26 15:23:14,004 - INFO - Epoch 186 training loss = 1.519
2023-04-26 15:23:16,282 - INFO - Epoch 187 training loss = 1.474
2023-04-26 15:23:18,595 - INFO - Epoch 188 training loss = 1.487
2023-04-26 15:23:20,874 - INFO - Epoch 189 training loss = 1.483
2023-04-26 15:23:23,301 - INFO - Epoch 190 training loss = 1.459
2023-04-26 15:23:23,410 - INFO - Validation loss = 2.527
2023-04-26 15:23:25,747 - INFO - Epoch 191 training loss = 1.476
2023-04-26 15:23:27,911 - INFO - Epoch 192 training loss = 1.395
2023-04-26 15:23:30,059 - INFO - Epoch 193 training loss = 1.337
2023-04-26 15:23:32,415 - INFO - Epoch 194 training loss = 1.36
2023-04-26 15:23:34,599 - INFO - Epoch 195 training loss = 1.452
2023-04-26 15:23:36,847 - INFO - Epoch 196 training loss = 1.446
2023-04-26 15:23:39,104 - INFO - Epoch 197 training loss = 1.507
2023-04-26 15:23:41,356 - INFO - Epoch 198 training loss = 1.396
2023-04-26 15:23:43,612 - INFO - Epoch 199 training loss = 1.407
2023-04-26 15:23:45,883 - INFO - Epoch 200 training loss = 1.352
2023-04-26 15:23:45,992 - INFO - Validation loss = 1.973
2023-04-26 15:23:45,992 - INFO - best model
2023-04-26 15:23:48,329 - INFO - Epoch 201 training loss = 1.395
2023-04-26 15:23:50,691 - INFO - Epoch 202 training loss = 1.296
2023-04-26 15:23:52,933 - INFO - Epoch 203 training loss = 1.346
2023-04-26 15:23:55,122 - INFO - Epoch 204 training loss = 1.392
2023-04-26 15:23:57,286 - INFO - Epoch 205 training loss = 1.357
2023-04-26 15:23:59,558 - INFO - Epoch 206 training loss = 1.315
2023-04-26 15:24:01,713 - INFO - Epoch 207 training loss = 1.318
2023-04-26 15:24:03,940 - INFO - Epoch 208 training loss = 1.331
2023-04-26 15:24:06,325 - INFO - Epoch 209 training loss = 1.274
2023-04-26 15:24:08,623 - INFO - Epoch 210 training loss = 1.196
2023-04-26 15:24:08,730 - INFO - Validation loss = 2.09
2023-04-26 15:24:11,051 - INFO - Epoch 211 training loss = 1.254
2023-04-26 15:24:13,236 - INFO - Epoch 212 training loss = 1.159
2023-04-26 15:24:15,540 - INFO - Epoch 213 training loss = 1.234
2023-04-26 15:24:17,917 - INFO - Epoch 214 training loss = 1.154
2023-04-26 15:24:20,231 - INFO - Epoch 215 training loss = 1.192
2023-04-26 15:24:22,431 - INFO - Epoch 216 training loss = 1.13
2023-04-26 15:24:24,587 - INFO - Epoch 217 training loss = 1.21
2023-04-26 15:24:26,713 - INFO - Epoch 218 training loss = 1.322
2023-04-26 15:24:28,880 - INFO - Epoch 219 training loss = 1.249
2023-04-26 15:24:31,075 - INFO - Epoch 220 training loss = 1.066
2023-04-26 15:24:31,183 - INFO - Validation loss = 1.839
2023-04-26 15:24:31,183 - INFO - best model
2023-04-26 15:24:33,335 - INFO - Epoch 221 training loss = 1.145
2023-04-26 15:24:35,529 - INFO - Epoch 222 training loss = 1.083
2023-04-26 15:24:37,914 - INFO - Epoch 223 training loss = 1.175
2023-04-26 15:24:40,232 - INFO - Epoch 224 training loss = 1.069
2023-04-26 15:24:42,584 - INFO - Epoch 225 training loss = 1.149
2023-04-26 15:24:44,868 - INFO - Epoch 226 training loss = 1.182
2023-04-26 15:24:47,294 - INFO - Epoch 227 training loss = 1.13
2023-04-26 15:24:49,527 - INFO - Epoch 228 training loss = 1.062
2023-04-26 15:24:51,646 - INFO - Epoch 229 training loss = 1.047
2023-04-26 15:24:54,000 - INFO - Epoch 230 training loss = 1.079
2023-04-26 15:24:54,107 - INFO - Validation loss = 1.668
2023-04-26 15:24:54,107 - INFO - best model
2023-04-26 15:24:56,303 - INFO - Epoch 231 training loss = 1.007
2023-04-26 15:24:58,470 - INFO - Epoch 232 training loss = 1.05
2023-04-26 15:25:00,688 - INFO - Epoch 233 training loss = 1.072
2023-04-26 15:25:02,884 - INFO - Epoch 234 training loss = 1.005
2023-04-26 15:25:05,103 - INFO - Epoch 235 training loss = 1.042
2023-04-26 15:25:07,358 - INFO - Epoch 236 training loss = 1.064
2023-04-26 15:25:09,643 - INFO - Epoch 237 training loss = 1.024
2023-04-26 15:25:12,037 - INFO - Epoch 238 training loss = 1.024
2023-04-26 15:25:14,397 - INFO - Epoch 239 training loss = 0.9665
2023-04-26 15:25:16,840 - INFO - Epoch 240 training loss = 0.9556
2023-04-26 15:25:16,947 - INFO - Validation loss = 1.835
2023-04-26 15:25:19,245 - INFO - Epoch 241 training loss = 0.9488
2023-04-26 15:25:21,553 - INFO - Epoch 242 training loss = 1.01
2023-04-26 15:25:23,856 - INFO - Epoch 243 training loss = 0.9169
2023-04-26 15:25:26,152 - INFO - Epoch 244 training loss = 0.9305
2023-04-26 15:25:28,421 - INFO - Epoch 245 training loss = 0.9919
2023-04-26 15:25:30,751 - INFO - Epoch 246 training loss = 0.8843
2023-04-26 15:25:32,922 - INFO - Epoch 247 training loss = 0.9766
2023-04-26 15:25:35,227 - INFO - Epoch 248 training loss = 0.9362
2023-04-26 15:25:37,572 - INFO - Epoch 249 training loss = 0.918
2023-04-26 15:25:39,990 - INFO - Epoch 250 training loss = 0.8644
2023-04-26 15:25:40,114 - INFO - Validation loss = 2.018
2023-04-26 15:25:42,454 - INFO - Epoch 251 training loss = 0.8573
2023-04-26 15:25:44,824 - INFO - Epoch 252 training loss = 0.9319
2023-04-26 15:25:47,256 - INFO - Epoch 253 training loss = 0.9795
2023-04-26 15:25:49,512 - INFO - Epoch 254 training loss = 0.8644
2023-04-26 15:25:51,772 - INFO - Epoch 255 training loss = 0.8463
2023-04-26 15:25:53,951 - INFO - Epoch 256 training loss = 0.8531
2023-04-26 15:25:56,111 - INFO - Epoch 257 training loss = 0.8522
2023-04-26 15:25:58,314 - INFO - Epoch 258 training loss = 0.8247
2023-04-26 15:26:00,506 - INFO - Epoch 259 training loss = 0.9123
2023-04-26 15:26:02,723 - INFO - Epoch 260 training loss = 0.7905
2023-04-26 15:26:02,834 - INFO - Validation loss = 1.609
2023-04-26 15:26:02,835 - INFO - best model
2023-04-26 15:26:05,067 - INFO - Epoch 261 training loss = 0.7773
2023-04-26 15:26:07,286 - INFO - Epoch 262 training loss = 0.8286
2023-04-26 15:26:09,484 - INFO - Epoch 263 training loss = 0.7717
2023-04-26 15:26:11,723 - INFO - Epoch 264 training loss = 0.7672
2023-04-26 15:26:13,880 - INFO - Epoch 265 training loss = 0.7771
2023-04-26 15:26:15,993 - INFO - Epoch 266 training loss = 0.7611
2023-04-26 15:26:18,350 - INFO - Epoch 267 training loss = 0.7361
2023-04-26 15:26:20,565 - INFO - Epoch 268 training loss = 0.7296
2023-04-26 15:26:22,767 - INFO - Epoch 269 training loss = 0.774
2023-04-26 15:26:24,936 - INFO - Epoch 270 training loss = 0.7298
2023-04-26 15:26:25,052 - INFO - Validation loss = 1.457
2023-04-26 15:26:25,053 - INFO - best model
2023-04-26 15:26:27,275 - INFO - Epoch 271 training loss = 0.7689
2023-04-26 15:26:29,461 - INFO - Epoch 272 training loss = 0.7057
2023-04-26 15:26:31,642 - INFO - Epoch 273 training loss = 0.7132
2023-04-26 15:26:33,797 - INFO - Epoch 274 training loss = 0.715
2023-04-26 15:26:35,956 - INFO - Epoch 275 training loss = 0.778
2023-04-26 15:26:38,065 - INFO - Epoch 276 training loss = 0.6927
2023-04-26 15:26:40,198 - INFO - Epoch 277 training loss = 0.7159
2023-04-26 15:26:42,464 - INFO - Epoch 278 training loss = 0.716
2023-04-26 15:26:44,659 - INFO - Epoch 279 training loss = 0.705
2023-04-26 15:26:46,844 - INFO - Epoch 280 training loss = 0.6532
2023-04-26 15:26:46,956 - INFO - Validation loss = 1.52
2023-04-26 15:26:49,187 - INFO - Epoch 281 training loss = 0.6636
2023-04-26 15:26:51,412 - INFO - Epoch 282 training loss = 0.6476
2023-04-26 15:26:53,661 - INFO - Epoch 283 training loss = 0.638
2023-04-26 15:26:55,902 - INFO - Epoch 284 training loss = 0.6329
2023-04-26 15:26:58,217 - INFO - Epoch 285 training loss = 0.6256
2023-04-26 15:27:00,667 - INFO - Epoch 286 training loss = 0.6339
2023-04-26 15:27:03,017 - INFO - Epoch 287 training loss = 0.6372
2023-04-26 15:27:05,224 - INFO - Epoch 288 training loss = 0.6293
2023-04-26 15:27:07,459 - INFO - Epoch 289 training loss = 0.6214
2023-04-26 15:27:09,682 - INFO - Epoch 290 training loss = 0.6202
2023-04-26 15:27:09,789 - INFO - Validation loss = 1.387
2023-04-26 15:27:09,789 - INFO - best model
2023-04-26 15:27:11,985 - INFO - Epoch 291 training loss = 0.6155
2023-04-26 15:27:14,241 - INFO - Epoch 292 training loss = 0.5804
2023-04-26 15:27:16,533 - INFO - Epoch 293 training loss = 0.6137
2023-04-26 15:27:18,858 - INFO - Epoch 294 training loss = 0.6232
2023-04-26 15:27:21,135 - INFO - Epoch 295 training loss = 0.5749
2023-04-26 15:27:23,300 - INFO - Epoch 296 training loss = 0.5733
2023-04-26 15:27:25,470 - INFO - Epoch 297 training loss = 0.5868
2023-04-26 15:27:27,631 - INFO - Epoch 298 training loss = 0.5547
2023-04-26 15:27:29,799 - INFO - Epoch 299 training loss = 0.5709
2023-04-26 15:27:31,898 - INFO - Epoch 300 training loss = 0.5465
2023-04-26 15:27:32,006 - INFO - Validation loss = 1.33
2023-04-26 15:27:32,007 - INFO - best model
2023-04-26 15:27:34,340 - INFO - Epoch 301 training loss = 0.5237
2023-04-26 15:27:36,648 - INFO - Epoch 302 training loss = 0.5519
2023-04-26 15:27:38,941 - INFO - Epoch 303 training loss = 0.5337
2023-04-26 15:27:41,165 - INFO - Epoch 304 training loss = 0.5477
2023-04-26 15:27:43,409 - INFO - Epoch 305 training loss = 0.5252
2023-04-26 15:27:45,650 - INFO - Epoch 306 training loss = 0.5115
2023-04-26 15:27:48,032 - INFO - Epoch 307 training loss = 0.5243
2023-04-26 15:27:50,414 - INFO - Epoch 308 training loss = 0.5226
2023-04-26 15:27:52,723 - INFO - Epoch 309 training loss = 0.5175
2023-04-26 15:27:55,089 - INFO - Epoch 310 training loss = 0.5193
2023-04-26 15:27:55,196 - INFO - Validation loss = 1.686
2023-04-26 15:27:57,550 - INFO - Epoch 311 training loss = 0.5027
2023-04-26 15:27:59,870 - INFO - Epoch 312 training loss = 0.4995
2023-04-26 15:28:02,291 - INFO - Epoch 313 training loss = 0.4888
2023-04-26 15:28:04,650 - INFO - Epoch 314 training loss = 0.4725
2023-04-26 15:28:06,964 - INFO - Epoch 315 training loss =  0.5
2023-04-26 15:28:09,232 - INFO - Epoch 316 training loss = 0.4605
2023-04-26 15:28:11,429 - INFO - Epoch 317 training loss = 0.4828
2023-04-26 15:28:13,679 - INFO - Epoch 318 training loss = 0.4609
2023-04-26 15:28:15,796 - INFO - Epoch 319 training loss = 0.4816
2023-04-26 15:28:17,976 - INFO - Epoch 320 training loss = 0.4784
2023-04-26 15:28:18,084 - INFO - Validation loss = 1.403
2023-04-26 15:28:20,307 - INFO - Epoch 321 training loss = 0.4472
2023-04-26 15:28:22,516 - INFO - Epoch 322 training loss = 0.4538
2023-04-26 15:28:24,740 - INFO - Epoch 323 training loss = 0.449
2023-04-26 15:28:27,087 - INFO - Epoch 324 training loss = 0.4458
2023-04-26 15:28:29,240 - INFO - Epoch 325 training loss = 0.4231
2023-04-26 15:28:31,467 - INFO - Epoch 326 training loss = 0.4342
2023-04-26 15:28:33,674 - INFO - Epoch 327 training loss = 0.4076
2023-04-26 15:28:35,850 - INFO - Epoch 328 training loss = 0.4223
2023-04-26 15:28:37,995 - INFO - Epoch 329 training loss = 0.4314
2023-04-26 15:28:40,133 - INFO - Epoch 330 training loss = 0.3939
2023-04-26 15:28:40,242 - INFO - Validation loss = 1.31
2023-04-26 15:28:40,242 - INFO - best model
2023-04-26 15:28:42,404 - INFO - Epoch 331 training loss = 0.3999
2023-04-26 15:28:44,589 - INFO - Epoch 332 training loss = 0.4157
2023-04-26 15:28:46,751 - INFO - Epoch 333 training loss = 0.3981
2023-04-26 15:28:48,937 - INFO - Epoch 334 training loss = 0.397
2023-04-26 15:28:51,151 - INFO - Epoch 335 training loss = 0.3873
2023-04-26 15:28:53,271 - INFO - Epoch 336 training loss = 0.3834
2023-04-26 15:28:55,437 - INFO - Epoch 337 training loss = 0.3723
2023-04-26 15:28:57,566 - INFO - Epoch 338 training loss = 0.3805
2023-04-26 15:28:59,744 - INFO - Epoch 339 training loss = 0.3813
2023-04-26 15:29:01,918 - INFO - Epoch 340 training loss = 0.3711
2023-04-26 15:29:02,028 - INFO - Validation loss = 1.247
2023-04-26 15:29:02,029 - INFO - best model
2023-04-26 15:29:04,257 - INFO - Epoch 341 training loss = 0.3622
2023-04-26 15:29:06,546 - INFO - Epoch 342 training loss = 0.3591
2023-04-26 15:29:08,635 - INFO - Epoch 343 training loss = 0.3624
2023-04-26 15:29:10,824 - INFO - Epoch 344 training loss = 0.3675
2023-04-26 15:29:13,046 - INFO - Epoch 345 training loss = 0.3614
2023-04-26 15:29:15,286 - INFO - Epoch 346 training loss = 0.3467
2023-04-26 15:29:17,613 - INFO - Epoch 347 training loss = 0.343
2023-04-26 15:29:19,883 - INFO - Epoch 348 training loss = 0.3442
2023-04-26 15:29:22,147 - INFO - Epoch 349 training loss = 0.3409
2023-04-26 15:29:24,327 - INFO - Epoch 350 training loss = 0.3312
2023-04-26 15:29:24,435 - INFO - Validation loss = 1.203
2023-04-26 15:29:24,435 - INFO - best model
2023-04-26 15:29:26,725 - INFO - Epoch 351 training loss = 0.3299
2023-04-26 15:29:29,058 - INFO - Epoch 352 training loss = 0.3364
2023-04-26 15:29:31,234 - INFO - Epoch 353 training loss = 0.3236
2023-04-26 15:29:33,565 - INFO - Epoch 354 training loss = 0.3229
2023-04-26 15:29:35,756 - INFO - Epoch 355 training loss = 0.3262
2023-04-26 15:29:37,911 - INFO - Epoch 356 training loss = 0.3217
2023-04-26 15:29:40,168 - INFO - Epoch 357 training loss = 0.3146
2023-04-26 15:29:42,439 - INFO - Epoch 358 training loss = 0.3111
2023-04-26 15:29:44,719 - INFO - Epoch 359 training loss = 0.3098
2023-04-26 15:29:46,883 - INFO - Epoch 360 training loss = 0.2977
2023-04-26 15:29:46,990 - INFO - Validation loss = 1.171
2023-04-26 15:29:46,991 - INFO - best model
2023-04-26 15:29:49,202 - INFO - Epoch 361 training loss = 0.3052
2023-04-26 15:29:51,506 - INFO - Epoch 362 training loss = 0.3069
2023-04-26 15:29:53,769 - INFO - Epoch 363 training loss = 0.3023
2023-04-26 15:29:55,887 - INFO - Epoch 364 training loss = 0.296
2023-04-26 15:29:58,094 - INFO - Epoch 365 training loss = 0.2986
2023-04-26 15:30:00,402 - INFO - Epoch 366 training loss = 0.301
2023-04-26 15:30:02,617 - INFO - Epoch 367 training loss = 0.2942
2023-04-26 15:30:04,906 - INFO - Epoch 368 training loss = 0.2926
2023-04-26 15:30:07,147 - INFO - Epoch 369 training loss = 0.2852
2023-04-26 15:30:09,559 - INFO - Epoch 370 training loss = 0.2796
2023-04-26 15:30:09,667 - INFO - Validation loss = 1.172
2023-04-26 15:30:12,124 - INFO - Epoch 371 training loss = 0.2955
2023-04-26 15:30:14,470 - INFO - Epoch 372 training loss = 0.2767
2023-04-26 15:30:16,862 - INFO - Epoch 373 training loss = 0.2726
2023-04-26 15:30:18,992 - INFO - Epoch 374 training loss = 0.2778
2023-04-26 15:30:21,151 - INFO - Epoch 375 training loss = 0.2698
2023-04-26 15:30:23,342 - INFO - Epoch 376 training loss = 0.265
2023-04-26 15:30:25,513 - INFO - Epoch 377 training loss = 0.2701
2023-04-26 15:30:27,635 - INFO - Epoch 378 training loss = 0.2656
2023-04-26 15:30:29,783 - INFO - Epoch 379 training loss = 0.2663
2023-04-26 15:30:31,967 - INFO - Epoch 380 training loss = 0.2617
2023-04-26 15:30:32,074 - INFO - Validation loss = 1.134
2023-04-26 15:30:32,075 - INFO - best model
2023-04-26 15:30:34,252 - INFO - Epoch 381 training loss = 0.2578
2023-04-26 15:30:36,335 - INFO - Epoch 382 training loss = 0.2531
2023-04-26 15:30:38,455 - INFO - Epoch 383 training loss = 0.2559
2023-04-26 15:30:40,568 - INFO - Epoch 384 training loss = 0.259
2023-04-26 15:30:42,904 - INFO - Epoch 385 training loss = 0.2556
2023-04-26 15:30:45,239 - INFO - Epoch 386 training loss = 0.2495
2023-04-26 15:30:47,629 - INFO - Epoch 387 training loss = 0.2437
2023-04-26 15:30:50,009 - INFO - Epoch 388 training loss = 0.2448
2023-04-26 15:30:52,289 - INFO - Epoch 389 training loss = 0.2461
2023-04-26 15:30:54,563 - INFO - Epoch 390 training loss = 0.2403
2023-04-26 15:30:54,670 - INFO - Validation loss = 1.104
2023-04-26 15:30:54,671 - INFO - best model
2023-04-26 15:30:56,931 - INFO - Epoch 391 training loss = 0.2401
2023-04-26 15:30:59,311 - INFO - Epoch 392 training loss = 0.2358
2023-04-26 15:31:01,738 - INFO - Epoch 393 training loss = 0.2391
2023-04-26 15:31:04,136 - INFO - Epoch 394 training loss = 0.2329
2023-04-26 15:31:06,467 - INFO - Epoch 395 training loss = 0.2327
2023-04-26 15:31:08,797 - INFO - Epoch 396 training loss = 0.2356
2023-04-26 15:31:10,732 - INFO - Epoch 397 training loss = 0.2284
2023-04-26 15:31:11,511 - INFO - Epoch 398 training loss = 0.2312
2023-04-26 15:31:12,287 - INFO - Epoch 399 training loss = 0.2266
2023-04-26 15:31:13,061 - INFO - Epoch 400 training loss = 0.2283
2023-04-26 15:31:13,126 - INFO - Validation loss = 1.11
2023-04-26 15:31:13,945 - INFO - Epoch 401 training loss = 0.2229
2023-04-26 15:31:14,719 - INFO - Epoch 402 training loss = 0.2213
2023-04-26 15:31:15,487 - INFO - Epoch 403 training loss = 0.2201
2023-04-26 15:31:16,257 - INFO - Epoch 404 training loss = 0.2205
2023-04-26 15:31:17,036 - INFO - Epoch 405 training loss = 0.2195
2023-04-26 15:31:17,801 - INFO - Epoch 406 training loss = 0.2157
2023-04-26 15:31:18,570 - INFO - Epoch 407 training loss = 0.2177
2023-04-26 15:31:19,350 - INFO - Epoch 408 training loss = 0.2171
2023-04-26 15:31:20,115 - INFO - Epoch 409 training loss = 0.211
2023-04-26 15:31:20,884 - INFO - Epoch 410 training loss = 0.2118
2023-04-26 15:31:20,948 - INFO - Validation loss =  1.1
2023-04-26 15:31:20,948 - INFO - best model
2023-04-26 15:31:21,755 - INFO - Epoch 411 training loss = 0.2141
2023-04-26 15:31:22,521 - INFO - Epoch 412 training loss = 0.2095
2023-04-26 15:31:23,290 - INFO - Epoch 413 training loss = 0.2058
2023-04-26 15:31:24,056 - INFO - Epoch 414 training loss = 0.2069
2023-04-26 15:31:24,827 - INFO - Epoch 415 training loss = 0.2054
2023-04-26 15:31:25,596 - INFO - Epoch 416 training loss = 0.2033
2023-04-26 15:31:26,362 - INFO - Epoch 417 training loss = 0.2074
2023-04-26 15:31:27,128 - INFO - Epoch 418 training loss = 0.2015
2023-04-26 15:31:27,894 - INFO - Epoch 419 training loss = 0.2008
2023-04-26 15:31:28,669 - INFO - Epoch 420 training loss = 0.2006
2023-04-26 15:31:28,732 - INFO - Validation loss = 1.078
2023-04-26 15:31:28,732 - INFO - best model
2023-04-26 15:31:29,520 - INFO - Epoch 421 training loss = 0.1997
2023-04-26 15:31:30,288 - INFO - Epoch 422 training loss = 0.1981
2023-04-26 15:31:31,073 - INFO - Epoch 423 training loss = 0.1961
2023-04-26 15:31:31,881 - INFO - Epoch 424 training loss = 0.1962
2023-04-26 15:31:32,691 - INFO - Epoch 425 training loss = 0.1944
2023-04-26 15:31:33,494 - INFO - Epoch 426 training loss = 0.1939
2023-04-26 15:31:34,285 - INFO - Epoch 427 training loss = 0.1947
2023-04-26 15:31:35,075 - INFO - Epoch 428 training loss = 0.1921
2023-04-26 15:31:35,853 - INFO - Epoch 429 training loss = 0.1915
2023-04-26 15:31:36,646 - INFO - Epoch 430 training loss = 0.1915
2023-04-26 15:31:36,708 - INFO - Validation loss = 1.069
2023-04-26 15:31:36,709 - INFO - best model
2023-04-26 15:31:37,512 - INFO - Epoch 431 training loss = 0.1895
2023-04-26 15:31:38,299 - INFO - Epoch 432 training loss = 0.1888
2023-04-26 15:31:39,086 - INFO - Epoch 433 training loss = 0.1892
2023-04-26 15:31:39,871 - INFO - Epoch 434 training loss = 0.1868
2023-04-26 15:31:40,651 - INFO - Epoch 435 training loss = 0.1869
2023-04-26 15:31:41,430 - INFO - Epoch 436 training loss = 0.1871
2023-04-26 15:31:42,206 - INFO - Epoch 437 training loss = 0.1847
2023-04-26 15:31:42,985 - INFO - Epoch 438 training loss = 0.184
2023-04-26 15:31:43,765 - INFO - Epoch 439 training loss = 0.185
2023-04-26 15:31:44,552 - INFO - Epoch 440 training loss = 0.1832
2023-04-26 15:31:44,614 - INFO - Validation loss = 1.061
2023-04-26 15:31:44,614 - INFO - best model
2023-04-26 15:31:45,407 - INFO - Epoch 441 training loss = 0.183
2023-04-26 15:31:46,186 - INFO - Epoch 442 training loss = 0.1831
2023-04-26 15:31:47,047 - INFO - Epoch 443 training loss = 0.181
2023-04-26 15:31:48,199 - INFO - Epoch 444 training loss = 0.1826
2023-04-26 15:31:50,594 - INFO - Epoch 445 training loss = 0.1797
2023-04-26 15:31:52,967 - INFO - Epoch 446 training loss = 0.1803
2023-04-26 15:31:55,381 - INFO - Epoch 447 training loss = 0.1801
2023-04-26 15:31:57,771 - INFO - Epoch 448 training loss = 0.1794
2023-04-26 15:32:00,125 - INFO - Epoch 449 training loss = 0.1787
2023-04-26 15:32:02,397 - INFO - Epoch 450 training loss = 0.1781
2023-04-26 15:32:02,504 - INFO - Validation loss = 1.058
2023-04-26 15:32:02,505 - INFO - best model
2023-04-26 15:32:04,813 - INFO - Epoch 451 training loss = 0.1775
2023-04-26 15:32:07,193 - INFO - Epoch 452 training loss = 0.1763
2023-04-26 15:32:09,448 - INFO - Epoch 453 training loss = 0.1766
2023-04-26 15:32:11,683 - INFO - Epoch 454 training loss = 0.1763
2023-04-26 15:32:13,943 - INFO - Epoch 455 training loss = 0.1754
2023-04-26 15:32:16,233 - INFO - Epoch 456 training loss = 0.1753
2023-04-26 15:32:18,567 - INFO - Epoch 457 training loss = 0.1736
2023-04-26 15:32:20,800 - INFO - Epoch 458 training loss = 0.1736
2023-04-26 15:32:23,002 - INFO - Epoch 459 training loss = 0.1735
2023-04-26 15:32:25,285 - INFO - Epoch 460 training loss = 0.1726
2023-04-26 15:32:25,395 - INFO - Validation loss = 1.058
2023-04-26 15:32:27,574 - INFO - Epoch 461 training loss = 0.1728
2023-04-26 15:32:29,774 - INFO - Epoch 462 training loss = 0.1726
2023-04-26 15:32:32,033 - INFO - Epoch 463 training loss = 0.1719
2023-04-26 15:32:34,301 - INFO - Epoch 464 training loss = 0.171
2023-04-26 15:32:36,688 - INFO - Epoch 465 training loss = 0.1711
2023-04-26 15:32:39,028 - INFO - Epoch 466 training loss = 0.1707
2023-04-26 15:32:41,307 - INFO - Epoch 467 training loss = 0.1697
2023-04-26 15:32:43,588 - INFO - Epoch 468 training loss = 0.1703
2023-04-26 15:32:45,969 - INFO - Epoch 469 training loss = 0.1695
2023-04-26 15:32:48,424 - INFO - Epoch 470 training loss = 0.169
2023-04-26 15:32:48,531 - INFO - Validation loss = 1.052
2023-04-26 15:32:48,531 - INFO - best model
2023-04-26 15:32:50,888 - INFO - Epoch 471 training loss = 0.1692
2023-04-26 15:32:53,270 - INFO - Epoch 472 training loss = 0.1688
2023-04-26 15:32:55,656 - INFO - Epoch 473 training loss = 0.1683
2023-04-26 15:32:58,060 - INFO - Epoch 474 training loss = 0.1682
2023-04-26 15:33:00,234 - INFO - Epoch 475 training loss = 0.1681
2023-04-26 15:33:02,390 - INFO - Epoch 476 training loss = 0.1676
2023-04-26 15:33:04,508 - INFO - Epoch 477 training loss = 0.1674
2023-04-26 15:33:06,619 - INFO - Epoch 478 training loss = 0.167
2023-04-26 15:33:08,779 - INFO - Epoch 479 training loss = 0.1666
2023-04-26 15:33:11,012 - INFO - Epoch 480 training loss = 0.1667
2023-04-26 15:33:11,119 - INFO - Validation loss = 1.05
2023-04-26 15:33:11,119 - INFO - best model
2023-04-26 15:33:13,293 - INFO - Epoch 481 training loss = 0.1662
2023-04-26 15:33:15,457 - INFO - Epoch 482 training loss = 0.1662
2023-04-26 15:33:17,608 - INFO - Epoch 483 training loss = 0.166
2023-04-26 15:33:19,767 - INFO - Epoch 484 training loss = 0.166
2023-04-26 15:33:22,167 - INFO - Epoch 485 training loss = 0.1656
2023-04-26 15:33:24,429 - INFO - Epoch 486 training loss = 0.1654
2023-04-26 15:33:26,637 - INFO - Epoch 487 training loss = 0.1654
2023-04-26 15:33:28,943 - INFO - Epoch 488 training loss = 0.1651
2023-04-26 15:33:31,182 - INFO - Epoch 489 training loss = 0.165
2023-04-26 15:33:33,554 - INFO - Epoch 490 training loss = 0.1649
2023-04-26 15:33:33,661 - INFO - Validation loss = 1.049
2023-04-26 15:33:33,661 - INFO - best model
2023-04-26 15:33:35,834 - INFO - Epoch 491 training loss = 0.1647
2023-04-26 15:33:38,027 - INFO - Epoch 492 training loss = 0.1648
2023-04-26 15:33:40,163 - INFO - Epoch 493 training loss = 0.1646
2023-04-26 15:33:42,084 - INFO - Epoch 494 training loss = 0.1645
2023-04-26 15:33:42,866 - INFO - Epoch 495 training loss = 0.1645
2023-04-26 15:33:43,640 - INFO - Epoch 496 training loss = 0.1643
2023-04-26 15:33:44,426 - INFO - Epoch 497 training loss = 0.1643
2023-04-26 15:33:45,209 - INFO - Epoch 498 training loss = 0.1643
2023-04-26 15:33:45,986 - INFO - Epoch 499 training loss = 0.1642
2023-04-26 15:33:46,038 - INFO - Validation loss = 1.049
